0 verbose cli /data/data/com.termux/files/usr/bin/node /data/data/com.termux/files/usr/bin/npm
1 info using npm@11.12.1
2 info using node@v25.8.2
3 silly config load:file:/data/data/com.termux/files/usr/lib/node_modules/npm/npmrc
4 silly config load:file:/data/data/com.termux/files/home/kurd_chat/.npmrc
5 silly config load:file:/data/data/com.termux/files/home/.npmrc
6 silly config load:file:/data/data/com.termux/files/usr/etc/npmrc
7 verbose title npm install sqlite3 bcrypt jsonwebtoken multer
8 verbose argv "install" "sqlite3" "bcrypt" "jsonwebtoken" "multer"
9 verbose logfile logs-max:10 dir:/data/data/com.termux/files/home/.npm/_logs/2026-04-03T03_08_46_151Z-
10 verbose logfile /data/data/com.termux/files/home/.npm/_logs/2026-04-03T03_08_46_151Z-debug-0.log
11 silly logfile done cleaning log files
12 silly packumentCache heap:1174405120 maxSize:293601280 maxEntrySize:146800640
13 silly idealTree buildDeps
14 silly fetch manifest sqlite3@*
15 silly packumentCache full:https://registry.npmjs.org/sqlite3 cache-miss
16 http fetch GET 200 https://registry.npmjs.org/sqlite3 715ms (cache miss)
17 silly packumentCache full:https://registry.npmjs.org/sqlite3 set size:undefined disposed:false
18 silly fetch manifest bcrypt@*
19 silly packumentCache full:https://registry.npmjs.org/bcrypt cache-miss
20 http fetch GET 200 https://registry.npmjs.org/bcrypt 374ms (cache miss)
21 silly packumentCache full:https://registry.npmjs.org/bcrypt set size:undefined disposed:false
22 silly fetch manifest jsonwebtoken@*
23 silly packumentCache full:https://registry.npmjs.org/jsonwebtoken cache-miss
24 http fetch GET 200 https://registry.npmjs.org/jsonwebtoken 414ms (cache miss)
25 silly packumentCache full:https://registry.npmjs.org/jsonwebtoken set size:undefined disposed:false
26 silly fetch manifest multer@*
27 silly packumentCache full:https://registry.npmjs.org/multer cache-miss
28 http fetch GET 200 https://registry.npmjs.org/multer 721ms (cache revalidated)
29 silly packumentCache full:https://registry.npmjs.org/multer set size:150932 disposed:false
30 silly placeDep ROOT bcrypt@6.0.0 OK for: kurd_chat@1.0.0 want: *
31 silly placeDep ROOT jsonwebtoken@9.0.3 OK for: kurd_chat@1.0.0 want: *
32 silly placeDep ROOT multer@2.1.1 OK for: kurd_chat@1.0.0 want: *
33 silly placeDep ROOT sqlite3@6.0.1 OK for: kurd_chat@1.0.0 want: *
34 silly fetch manifest node-addon-api@^8.3.0
35 silly packumentCache full:https://registry.npmjs.org/node-addon-api cache-miss
36 silly fetch manifest node-gyp-build@^4.8.4
37 silly packumentCache full:https://registry.npmjs.org/node-gyp-build cache-miss
38 silly fetch manifest jws@^4.0.1
39 silly packumentCache full:https://registry.npmjs.org/jws cache-miss
40 silly fetch manifest semver@^7.5.4
41 silly packumentCache full:https://registry.npmjs.org/semver cache-miss
42 silly fetch manifest lodash.once@^4.0.0
43 silly packumentCache full:https://registry.npmjs.org/lodash.once cache-miss
44 silly fetch manifest lodash.includes@^4.3.0
45 silly packumentCache full:https://registry.npmjs.org/lodash.includes cache-miss
46 silly fetch manifest lodash.isnumber@^3.0.3
47 silly packumentCache full:https://registry.npmjs.org/lodash.isnumber cache-miss
48 http fetch GET 200 https://registry.npmjs.org/node-gyp-build 357ms (cache miss)
49 silly packumentCache full:https://registry.npmjs.org/node-gyp-build set size:undefined disposed:false
50 silly fetch manifest lodash.isstring@^4.0.1
51 silly packumentCache full:https://registry.npmjs.org/lodash.isstring cache-miss
52 http fetch GET 200 https://registry.npmjs.org/semver 459ms (cache revalidated)
53 silly packumentCache full:https://registry.npmjs.org/semver set size:229620 disposed:false
54 silly fetch manifest lodash.isboolean@^3.0.3
55 silly packumentCache full:https://registry.npmjs.org/lodash.isboolean cache-miss
56 http fetch GET 200 https://registry.npmjs.org/jws 558ms (cache miss)
57 silly packumentCache full:https://registry.npmjs.org/jws set size:undefined disposed:false
58 silly fetch manifest lodash.isinteger@^4.0.4
59 silly packumentCache full:https://registry.npmjs.org/lodash.isinteger cache-miss
60 http fetch GET 200 https://registry.npmjs.org/lodash.isboolean 140ms (cache miss)
61 silly packumentCache full:https://registry.npmjs.org/lodash.isboolean set size:undefined disposed:false
62 silly fetch manifest lodash.isplainobject@^4.0.6
63 silly packumentCache full:https://registry.npmjs.org/lodash.isplainobject cache-miss
64 http fetch GET 200 https://registry.npmjs.org/lodash.isnumber 641ms (cache miss)
65 silly packumentCache full:https://registry.npmjs.org/lodash.isnumber set size:undefined disposed:false
66 silly fetch manifest append-field@^1.0.0
67 silly packumentCache full:https://registry.npmjs.org/append-field cache-miss
68 http fetch GET 200 https://registry.npmjs.org/lodash.includes 646ms (cache miss)
69 silly packumentCache full:https://registry.npmjs.org/lodash.includes set size:undefined disposed:false
70 silly fetch manifest busboy@^1.6.0
71 silly packumentCache full:https://registry.npmjs.org/busboy cache-miss
72 http fetch GET 200 https://registry.npmjs.org/lodash.isstring 417ms (cache miss)
73 silly packumentCache full:https://registry.npmjs.org/lodash.isstring set size:undefined disposed:false
74 silly fetch manifest concat-stream@^2.0.0
75 silly packumentCache full:https://registry.npmjs.org/concat-stream cache-miss
76 http fetch GET 200 https://registry.npmjs.org/lodash.isplainobject 165ms (cache miss)
77 silly packumentCache full:https://registry.npmjs.org/lodash.isplainobject set size:undefined disposed:false
78 silly fetch manifest type-is@^1.6.18
79 silly packumentCache full:https://registry.npmjs.org/type-is cache-miss
80 http cache https://registry.npmjs.org/type-is 11ms (cache hit)
81 silly packumentCache full:https://registry.npmjs.org/type-is set size:86196 disposed:false
82 silly fetch manifest bindings@^1.5.0
83 silly packumentCache full:https://registry.npmjs.org/bindings cache-miss
84 http fetch GET 200 https://registry.npmjs.org/lodash.isinteger 322ms (cache miss)
85 silly packumentCache full:https://registry.npmjs.org/lodash.isinteger set size:undefined disposed:false
86 silly fetch manifest node-addon-api@^8.0.0
87 silly packumentCache full:https://registry.npmjs.org/node-addon-api cache-miss
88 http fetch GET 200 https://registry.npmjs.org/busboy 321ms (cache revalidated)
89 silly packumentCache full:https://registry.npmjs.org/busboy set size:78925 disposed:false
90 silly fetch manifest prebuild-install@^7.1.3
91 silly packumentCache full:https://registry.npmjs.org/prebuild-install cache-miss
92 http fetch GET 200 https://registry.npmjs.org/lodash.once 1031ms (cache miss)
93 silly packumentCache full:https://registry.npmjs.org/lodash.once set size:undefined disposed:false
94 silly fetch manifest tar@^7.5.10
95 silly packumentCache full:https://registry.npmjs.org/tar cache-miss
96 http fetch GET 200 https://registry.npmjs.org/prebuild-install 153ms (cache miss)
97 silly packumentCache full:https://registry.npmjs.org/prebuild-install set size:undefined disposed:false
98 silly fetch manifest node-gyp@12.x
99 silly packumentCache full:https://registry.npmjs.org/node-gyp cache-miss
100 http fetch GET 200 https://registry.npmjs.org/bindings 332ms (cache miss)
101 silly packumentCache full:https://registry.npmjs.org/bindings set size:undefined disposed:false
102 http fetch GET 200 https://registry.npmjs.org/node-addon-api 1146ms (cache miss)
103 silly packumentCache full:https://registry.npmjs.org/node-addon-api set size:undefined disposed:false
104 http fetch GET 200 https://registry.npmjs.org/tar 136ms (cache revalidated)
105 silly packumentCache full:https://registry.npmjs.org/tar set size:531438 disposed:false
106 http fetch GET 200 https://registry.npmjs.org/append-field 729ms (cache revalidated)
107 silly packumentCache full:https://registry.npmjs.org/append-field set size:7798 disposed:false
108 http fetch GET 200 https://registry.npmjs.org/node-gyp 316ms (cache revalidated)
109 silly packumentCache full:https://registry.npmjs.org/node-gyp set size:315451 disposed:false
110 http fetch GET 200 https://registry.npmjs.org/concat-stream 703ms (cache revalidated)
111 silly packumentCache full:https://registry.npmjs.org/concat-stream set size:63783 disposed:false
112 http fetch GET 200 https://registry.npmjs.org/node-addon-api 701ms (cache miss)
113 silly packumentCache full:https://registry.npmjs.org/node-addon-api set size:undefined disposed:false
114 silly placeDep ROOT node-addon-api@8.7.0 OK for: bcrypt@6.0.0 want: ^8.3.0
115 silly placeDep ROOT node-gyp-build@4.8.4 OK for: bcrypt@6.0.0 want: ^4.8.4
116 silly placeDep ROOT jws@4.0.1 OK for: jsonwebtoken@9.0.3 want: ^4.0.1
117 silly placeDep ROOT lodash.includes@4.3.0 OK for: jsonwebtoken@9.0.3 want: ^4.3.0
118 silly placeDep ROOT lodash.isboolean@3.0.3 OK for: jsonwebtoken@9.0.3 want: ^3.0.3
119 silly placeDep ROOT lodash.isinteger@4.0.4 OK for: jsonwebtoken@9.0.3 want: ^4.0.4
120 silly placeDep ROOT lodash.isnumber@3.0.3 OK for: jsonwebtoken@9.0.3 want: ^3.0.3
121 silly placeDep ROOT lodash.isplainobject@4.0.6 OK for: jsonwebtoken@9.0.3 want: ^4.0.6
122 silly placeDep ROOT lodash.isstring@4.0.1 OK for: jsonwebtoken@9.0.3 want: ^4.0.1
123 silly placeDep ROOT lodash.once@4.1.1 OK for: jsonwebtoken@9.0.3 want: ^4.0.0
124 silly placeDep ROOT semver@7.7.4 OK for: jsonwebtoken@9.0.3 want: ^7.5.4
125 silly fetch manifest jwa@^2.0.1
126 silly packumentCache full:https://registry.npmjs.org/jwa cache-miss
127 silly fetch manifest safe-buffer@^5.0.1
128 silly packumentCache full:https://registry.npmjs.org/safe-buffer cache-miss
129 http fetch GET 200 https://registry.npmjs.org/jwa 121ms (cache miss)
130 silly packumentCache full:https://registry.npmjs.org/jwa set size:undefined disposed:false
131 http fetch GET 200 https://registry.npmjs.org/safe-buffer 132ms (cache revalidated)
132 silly packumentCache full:https://registry.npmjs.org/safe-buffer set size:41183 disposed:false
133 silly placeDep ROOT jwa@2.0.1 OK for: jws@4.0.1 want: ^2.0.1
134 silly placeDep ROOT safe-buffer@5.2.1 OK for: jws@4.0.1 want: ^5.0.1
135 silly fetch manifest ecdsa-sig-formatter@1.0.11
136 silly packumentCache full:https://registry.npmjs.org/ecdsa-sig-formatter cache-miss
137 silly fetch manifest buffer-equal-constant-time@^1.0.1
138 silly packumentCache full:https://registry.npmjs.org/buffer-equal-constant-time cache-miss
139 http fetch GET 200 https://registry.npmjs.org/buffer-equal-constant-time 144ms (cache miss)
140 silly packumentCache full:https://registry.npmjs.org/buffer-equal-constant-time set size:undefined disposed:false
141 http fetch GET 200 https://registry.npmjs.org/ecdsa-sig-formatter 150ms (cache miss)
142 silly packumentCache full:https://registry.npmjs.org/ecdsa-sig-formatter set size:undefined disposed:false
143 silly placeDep ROOT buffer-equal-constant-time@1.0.1 OK for: jwa@2.0.1 want: ^1.0.1
144 silly placeDep ROOT ecdsa-sig-formatter@1.0.11 OK for: jwa@2.0.1 want: 1.0.11
145 silly placeDep ROOT append-field@1.0.0 OK for: multer@2.1.1 want: ^1.0.0
146 silly placeDep ROOT busboy@1.6.0 OK for: multer@2.1.1 want: ^1.6.0
147 silly placeDep ROOT concat-stream@2.0.0 OK for: multer@2.1.1 want: ^2.0.0
148 silly placeDep node_modules/multer type-is@1.6.18 OK for: multer@2.1.1 want: ^1.6.18
149 silly fetch manifest streamsearch@^1.1.0
150 silly packumentCache full:https://registry.npmjs.org/streamsearch cache-miss
151 silly fetch manifest buffer-from@^1.0.0
152 silly packumentCache full:https://registry.npmjs.org/buffer-from cache-miss
153 silly fetch manifest readable-stream@^3.0.2
154 silly packumentCache full:https://registry.npmjs.org/readable-stream cache-miss
155 silly fetch manifest typedarray@^0.0.6
156 silly packumentCache full:https://registry.npmjs.org/typedarray cache-miss
157 silly fetch manifest mime-types@~2.1.24
158 silly packumentCache full:https://registry.npmjs.org/mime-types cache-miss
159 silly fetch manifest media-typer@0.3.0
160 silly packumentCache full:https://registry.npmjs.org/media-typer cache-miss
161 http cache https://registry.npmjs.org/media-typer 22ms (cache hit)
162 silly packumentCache full:https://registry.npmjs.org/media-typer set size:20873 disposed:false
163 http cache https://registry.npmjs.org/mime-types 29ms (cache hit)
164 silly packumentCache full:https://registry.npmjs.org/mime-types set size:139110 disposed:false
165 http fetch GET 200 https://registry.npmjs.org/buffer-from 143ms (cache revalidated)
166 silly packumentCache full:https://registry.npmjs.org/buffer-from set size:15463 disposed:false
167 http fetch GET 200 https://registry.npmjs.org/readable-stream 147ms (cache revalidated)
168 silly packumentCache full:https://registry.npmjs.org/readable-stream set size:261096 disposed:false
169 http fetch GET 200 https://registry.npmjs.org/typedarray 326ms (cache revalidated)
170 silly packumentCache full:https://registry.npmjs.org/typedarray set size:18469 disposed:false
171 http fetch GET 200 https://registry.npmjs.org/streamsearch 697ms (cache revalidated)
172 silly packumentCache full:https://registry.npmjs.org/streamsearch set size:27372 disposed:false
173 silly placeDep ROOT streamsearch@1.1.0 OK for: busboy@1.6.0 want: ^1.1.0
174 silly placeDep ROOT buffer-from@1.1.2 OK for: concat-stream@2.0.0 want: ^1.0.0
175 silly placeDep ROOT readable-stream@3.6.2 OK for: concat-stream@2.0.0 want: ^3.0.2
176 silly placeDep ROOT typedarray@0.0.6 OK for: concat-stream@2.0.0 want: ^0.0.6
177 silly fetch manifest string_decoder@^1.1.1
178 silly packumentCache full:https://registry.npmjs.org/string_decoder cache-miss
179 silly fetch manifest util-deprecate@^1.0.1
180 silly packumentCache full:https://registry.npmjs.org/util-deprecate cache-miss
181 http fetch GET 200 https://registry.npmjs.org/string_decoder 140ms (cache revalidated)
182 silly packumentCache full:https://registry.npmjs.org/string_decoder set size:28441 disposed:false
183 http fetch GET 200 https://registry.npmjs.org/util-deprecate 149ms (cache revalidated)
184 silly packumentCache full:https://registry.npmjs.org/util-deprecate set size:6674 disposed:false
185 silly placeDep ROOT string_decoder@1.3.0 OK for: readable-stream@3.6.2 want: ^1.1.1
186 silly placeDep ROOT util-deprecate@1.0.2 OK for: readable-stream@3.6.2 want: ^1.0.1
187 silly placeDep ROOT bindings@1.5.0 OK for: sqlite3@6.0.1 want: ^1.5.0
188 silly placeDep ROOT node-gyp@12.2.0 OK for: sqlite3@6.0.1 want: 12.x
189 silly placeDep ROOT prebuild-install@7.1.3 OK for: sqlite3@6.0.1 want: ^7.1.3
190 silly placeDep ROOT tar@7.5.13 OK for: sqlite3@6.0.1 want: ^7.5.10
191 silly fetch manifest file-uri-to-path@1.0.0
192 silly packumentCache full:https://registry.npmjs.org/file-uri-to-path cache-miss
193 silly fetch manifest env-paths@^2.2.0
194 silly packumentCache full:https://registry.npmjs.org/env-paths cache-miss
195 silly fetch manifest exponential-backoff@^3.1.1
196 silly packumentCache full:https://registry.npmjs.org/exponential-backoff cache-miss
197 silly fetch manifest graceful-fs@^4.2.6
198 silly packumentCache full:https://registry.npmjs.org/graceful-fs cache-miss
199 silly fetch manifest make-fetch-happen@^15.0.0
200 silly packumentCache full:https://registry.npmjs.org/make-fetch-happen cache-miss
201 silly fetch manifest nopt@^9.0.0
202 silly packumentCache full:https://registry.npmjs.org/nopt cache-miss
203 silly fetch manifest proc-log@^6.0.0
204 silly packumentCache full:https://registry.npmjs.org/proc-log cache-miss
205 http fetch GET 200 https://registry.npmjs.org/env-paths 139ms (cache revalidated)
206 silly packumentCache full:https://registry.npmjs.org/env-paths set size:26913 disposed:false
207 silly fetch manifest tar@^7.5.4
208 silly packumentCache full:https://registry.npmjs.org/tar cache-hit
209 silly fetch manifest tinyglobby@^0.2.12
210 silly packumentCache full:https://registry.npmjs.org/tinyglobby cache-miss
211 http fetch GET 200 https://registry.npmjs.org/graceful-fs 143ms (cache revalidated)
212 silly packumentCache full:https://registry.npmjs.org/graceful-fs set size:124285 disposed:false
213 silly fetch manifest which@^6.0.0
214 silly packumentCache full:https://registry.npmjs.org/which cache-miss
215 http fetch GET 200 https://registry.npmjs.org/file-uri-to-path 152ms (cache miss)
216 silly packumentCache full:https://registry.npmjs.org/file-uri-to-path set size:undefined disposed:false
217 silly fetch manifest rc@^1.2.7
218 silly packumentCache full:https://registry.npmjs.org/rc cache-miss
219 http fetch GET 200 https://registry.npmjs.org/tinyglobby 142ms (cache revalidated)
220 silly packumentCache full:https://registry.npmjs.org/tinyglobby set size:49812 disposed:false
221 silly fetch manifest pump@^3.0.0
222 silly packumentCache full:https://registry.npmjs.org/pump cache-miss
223 http fetch GET 200 https://registry.npmjs.org/which 141ms (cache revalidated)
224 silly packumentCache full:https://registry.npmjs.org/which set size:67747 disposed:false
225 silly fetch manifest tar-fs@^2.0.0
226 silly packumentCache full:https://registry.npmjs.org/tar-fs cache-miss
227 http fetch GET 200 https://registry.npmjs.org/rc 145ms (cache miss)
228 silly packumentCache full:https://registry.npmjs.org/rc set size:undefined disposed:false
229 silly fetch manifest minimist@^1.2.3
230 silly packumentCache full:https://registry.npmjs.org/minimist cache-miss
231 http fetch GET 200 https://registry.npmjs.org/exponential-backoff 309ms (cache revalidated)
232 silly packumentCache full:https://registry.npmjs.org/exponential-backoff set size:56105 disposed:false
233 silly fetch manifest node-abi@^3.3.0
234 silly packumentCache full:https://registry.npmjs.org/node-abi cache-miss
235 http fetch GET 200 https://registry.npmjs.org/proc-log 329ms (cache revalidated)
236 silly packumentCache full:https://registry.npmjs.org/proc-log set size:33530 disposed:false
237 silly fetch manifest simple-get@^4.0.0
238 silly packumentCache full:https://registry.npmjs.org/simple-get cache-miss
239 http fetch GET 200 https://registry.npmjs.org/nopt 413ms (cache revalidated)
240 silly packumentCache full:https://registry.npmjs.org/nopt set size:71534 disposed:false
241 silly fetch manifest detect-libc@^2.0.0
242 silly packumentCache full:https://registry.npmjs.org/detect-libc cache-miss
243 http fetch GET 200 https://registry.npmjs.org/make-fetch-happen 422ms (cache revalidated)
244 silly packumentCache full:https://registry.npmjs.org/make-fetch-happen set size:373687 disposed:false
245 silly fetch manifest tunnel-agent@^0.6.0
246 silly packumentCache full:https://registry.npmjs.org/tunnel-agent cache-miss
247 http fetch GET 200 https://registry.npmjs.org/minimist 153ms (cache revalidated)
248 silly packumentCache full:https://registry.npmjs.org/minimist set size:77063 disposed:false
249 silly fetch manifest mkdirp-classic@^0.5.3
250 silly packumentCache full:https://registry.npmjs.org/mkdirp-classic cache-miss
251 http fetch GET 200 https://registry.npmjs.org/pump 170ms (cache miss)
252 silly packumentCache full:https://registry.npmjs.org/pump set size:undefined disposed:false
253 silly fetch manifest expand-template@^2.0.3
254 silly packumentCache full:https://registry.npmjs.org/expand-template cache-miss
255 http fetch GET 200 https://registry.npmjs.org/tar-fs 172ms (cache miss)
256 silly packumentCache full:https://registry.npmjs.org/tar-fs set size:undefined disposed:false
257 silly fetch manifest napi-build-utils@^2.0.0
258 silly packumentCache full:https://registry.npmjs.org/napi-build-utils cache-miss
259 http fetch GET 200 https://registry.npmjs.org/detect-libc 205ms (cache miss)
260 silly packumentCache full:https://registry.npmjs.org/detect-libc set size:undefined disposed:false
261 silly fetch manifest github-from-package@0.0.0
262 silly packumentCache full:https://registry.npmjs.org/github-from-package cache-miss
263 http fetch GET 200 https://registry.npmjs.org/mkdirp-classic 175ms (cache miss)
264 silly packumentCache full:https://registry.npmjs.org/mkdirp-classic set size:undefined disposed:false
265 silly fetch manifest @isaacs/fs-minipass@^4.0.0
266 silly packumentCache full:https://registry.npmjs.org/@isaacs%2ffs-minipass cache-miss
267 http fetch GET 200 https://registry.npmjs.org/node-abi 323ms (cache miss)
268 silly packumentCache full:https://registry.npmjs.org/node-abi set size:undefined disposed:false
269 silly fetch manifest chownr@^3.0.0
270 silly packumentCache full:https://registry.npmjs.org/chownr cache-miss
271 http fetch GET 200 https://registry.npmjs.org/expand-template 182ms (cache miss)
272 silly packumentCache full:https://registry.npmjs.org/expand-template set size:undefined disposed:false
273 silly fetch manifest minipass@^7.1.2
274 silly packumentCache full:https://registry.npmjs.org/minipass cache-miss
275 http fetch GET 200 https://registry.npmjs.org/tunnel-agent 210ms (cache miss)
276 silly packumentCache full:https://registry.npmjs.org/tunnel-agent set size:undefined disposed:false
277 silly fetch manifest minizlib@^3.1.0
278 silly packumentCache full:https://registry.npmjs.org/minizlib cache-miss
279 http fetch GET 200 https://registry.npmjs.org/simple-get 313ms (cache miss)
280 silly packumentCache full:https://registry.npmjs.org/simple-get set size:undefined disposed:false
281 silly fetch manifest yallist@^5.0.0
282 silly packumentCache full:https://registry.npmjs.org/yallist cache-miss
283 http fetch GET 200 https://registry.npmjs.org/github-from-package 129ms (cache miss)
284 silly packumentCache full:https://registry.npmjs.org/github-from-package set size:undefined disposed:false
285 http fetch GET 200 https://registry.npmjs.org/minizlib 128ms (cache revalidated)
286 silly packumentCache full:https://registry.npmjs.org/minizlib set size:62862 disposed:false
287 http fetch GET 200 https://registry.npmjs.org/chownr 146ms (cache revalidated)
288 silly packumentCache full:https://registry.npmjs.org/chownr set size:22157 disposed:false
289 http fetch GET 200 https://registry.npmjs.org/yallist 139ms (cache revalidated)
290 silly packumentCache full:https://registry.npmjs.org/yallist set size:34610 disposed:false
291 http fetch GET 200 https://registry.npmjs.org/minipass 147ms (cache revalidated)
292 silly packumentCache full:https://registry.npmjs.org/minipass set size:276925 disposed:false
293 http fetch GET 200 https://registry.npmjs.org/napi-build-utils 328ms (cache miss)
294 silly packumentCache full:https://registry.npmjs.org/napi-build-utils set size:undefined disposed:false
295 http fetch GET 200 https://registry.npmjs.org/@isaacs%2ffs-minipass 183ms (cache revalidated)
296 silly packumentCache full:https://registry.npmjs.org/@isaacs%2ffs-minipass set size:7912 disposed:false
297 silly placeDep ROOT file-uri-to-path@1.0.0 OK for: bindings@1.5.0 want: 1.0.0
298 silly placeDep ROOT env-paths@2.2.1 OK for: node-gyp@12.2.0 want: ^2.2.0
299 silly placeDep ROOT exponential-backoff@3.1.3 OK for: node-gyp@12.2.0 want: ^3.1.1
300 silly placeDep ROOT graceful-fs@4.2.11 OK for: node-gyp@12.2.0 want: ^4.2.6
301 silly placeDep ROOT make-fetch-happen@15.0.5 OK for: node-gyp@12.2.0 want: ^15.0.0
302 silly placeDep ROOT nopt@9.0.0 OK for: node-gyp@12.2.0 want: ^9.0.0
303 silly placeDep ROOT proc-log@6.1.0 OK for: node-gyp@12.2.0 want: ^6.0.0
304 silly placeDep ROOT tinyglobby@0.2.15 OK for: node-gyp@12.2.0 want: ^0.2.12
305 silly placeDep ROOT which@6.0.1 OK for: node-gyp@12.2.0 want: ^6.0.0
306 silly fetch manifest ssri@^13.0.0
307 silly packumentCache full:https://registry.npmjs.org/ssri cache-miss
308 silly fetch manifest cacache@^20.0.1
309 silly packumentCache full:https://registry.npmjs.org/cacache cache-miss
310 silly fetch manifest minipass@^7.0.2
311 silly packumentCache full:https://registry.npmjs.org/minipass cache-hit
312 silly fetch manifest @npmcli/agent@^4.0.0
313 silly packumentCache full:https://registry.npmjs.org/@npmcli%2fagent cache-miss
314 silly fetch manifest @npmcli/redact@^4.0.0
315 silly packumentCache full:https://registry.npmjs.org/@npmcli%2fredact cache-miss
316 silly fetch manifest minipass-fetch@^5.0.0
317 silly packumentCache full:https://registry.npmjs.org/minipass-fetch cache-miss
318 silly fetch manifest minipass-flush@^1.0.5
319 silly packumentCache full:https://registry.npmjs.org/minipass-flush cache-miss
320 silly fetch manifest minipass-pipeline@^1.2.4
321 silly packumentCache full:https://registry.npmjs.org/minipass-pipeline cache-miss
322 http fetch GET 200 https://registry.npmjs.org/ssri 337ms (cache revalidated)
323 silly packumentCache full:https://registry.npmjs.org/ssri set size:136145 disposed:false
324 silly fetch manifest @gar/promise-retry@^1.0.0
325 silly packumentCache full:https://registry.npmjs.org/@gar%2fpromise-retry cache-miss
326 http fetch GET 200 https://registry.npmjs.org/minipass-fetch 350ms (cache revalidated)
327 silly packumentCache full:https://registry.npmjs.org/minipass-fetch set size:106224 disposed:false
328 silly fetch manifest http-cache-semantics@^4.1.1
329 silly packumentCache full:https://registry.npmjs.org/http-cache-semantics cache-miss
330 http fetch GET 200 https://registry.npmjs.org/minipass-pipeline 352ms (cache revalidated)
331 silly packumentCache full:https://registry.npmjs.org/minipass-pipeline set size:32257 disposed:false
332 silly fetch manifest abbrev@^4.0.0
333 silly packumentCache full:https://registry.npmjs.org/abbrev cache-miss
334 http fetch GET 200 https://registry.npmjs.org/http-cache-semantics 149ms (cache revalidated)
335 silly packumentCache full:https://registry.npmjs.org/http-cache-semantics set size:66288 disposed:false
336 silly fetch manifest fdir@^6.5.0
337 silly packumentCache full:https://registry.npmjs.org/fdir cache-miss
338 http fetch GET 200 https://registry.npmjs.org/@npmcli%2fredact 568ms (cache revalidated)
339 silly packumentCache full:https://registry.npmjs.org/@npmcli%2fredact set size:30493 disposed:false
340 silly fetch manifest picomatch@^4.0.3
341 silly packumentCache full:https://registry.npmjs.org/picomatch cache-miss
342 http fetch GET 200 https://registry.npmjs.org/fdir 149ms (cache revalidated)
343 silly packumentCache full:https://registry.npmjs.org/fdir set size:136182 disposed:false
344 silly fetch manifest isexe@^4.0.0
345 silly packumentCache full:https://registry.npmjs.org/isexe cache-miss
346 http fetch GET 200 https://registry.npmjs.org/cacache 679ms (cache revalidated)
347 silly packumentCache full:https://registry.npmjs.org/cacache set size:382726 disposed:false
348 http fetch GET 200 https://registry.npmjs.org/minipass-flush 703ms (cache revalidated)
349 silly packumentCache full:https://registry.npmjs.org/minipass-flush set size:21037 disposed:false
350 http fetch GET 200 https://registry.npmjs.org/picomatch 137ms (cache revalidated)
351 silly packumentCache full:https://registry.npmjs.org/picomatch set size:126376 disposed:false
352 http fetch GET 200 https://registry.npmjs.org/isexe 146ms (cache revalidated)
353 silly packumentCache full:https://registry.npmjs.org/isexe set size:31756 disposed:false
354 http fetch GET 200 https://registry.npmjs.org/@npmcli%2fagent 938ms (cache revalidated)
355 silly packumentCache full:https://registry.npmjs.org/@npmcli%2fagent set size:28377 disposed:false
356 http fetch GET 200 https://registry.npmjs.org/abbrev 692ms (cache revalidated)
357 silly packumentCache full:https://registry.npmjs.org/abbrev set size:21720 disposed:false
358 http fetch GET 200 https://registry.npmjs.org/@gar%2fpromise-retry 931ms (cache revalidated)
359 silly packumentCache full:https://registry.npmjs.org/@gar%2fpromise-retry set size:11490 disposed:false
360 silly placeDep ROOT @gar/promise-retry@1.0.3 OK for: make-fetch-happen@15.0.5 want: ^1.0.0
361 silly placeDep ROOT @npmcli/agent@4.0.0 OK for: make-fetch-happen@15.0.5 want: ^4.0.0
362 silly placeDep ROOT @npmcli/redact@4.0.0 OK for: make-fetch-happen@15.0.5 want: ^4.0.0
363 silly placeDep ROOT cacache@20.0.4 OK for: make-fetch-happen@15.0.5 want: ^20.0.1
364 silly placeDep ROOT http-cache-semantics@4.2.0 OK for: make-fetch-happen@15.0.5 want: ^4.1.1
365 silly placeDep ROOT minipass@7.1.3 OK for: make-fetch-happen@15.0.5 want: ^7.0.2
366 silly placeDep ROOT minipass-fetch@5.0.2 OK for: make-fetch-happen@15.0.5 want: ^5.0.0
367 silly placeDep ROOT minipass-flush@1.0.7 OK for: make-fetch-happen@15.0.5 want: ^1.0.5
368 silly placeDep ROOT minipass-pipeline@1.2.4 OK for: make-fetch-happen@15.0.5 want: ^1.2.4
369 silly placeDep ROOT ssri@13.0.1 OK for: make-fetch-happen@15.0.5 want: ^13.0.0
370 silly fetch manifest lru-cache@^11.2.1
371 silly packumentCache full:https://registry.npmjs.org/lru-cache cache-miss
372 silly fetch manifest agent-base@^7.1.0
373 silly packumentCache full:https://registry.npmjs.org/agent-base cache-miss
374 silly fetch manifest http-proxy-agent@^7.0.0
375 silly packumentCache full:https://registry.npmjs.org/http-proxy-agent cache-miss
376 silly fetch manifest https-proxy-agent@^7.0.1
377 silly packumentCache full:https://registry.npmjs.org/https-proxy-agent cache-miss
378 silly fetch manifest socks-proxy-agent@^8.0.3
379 silly packumentCache full:https://registry.npmjs.org/socks-proxy-agent cache-miss
380 silly fetch manifest glob@^13.0.0
381 silly packumentCache full:https://registry.npmjs.org/glob cache-miss
382 silly fetch manifest p-map@^7.0.2
383 silly packumentCache full:https://registry.npmjs.org/p-map cache-miss
384 http fetch GET 200 https://registry.npmjs.org/lru-cache 167ms (cache revalidated)
385 silly packumentCache full:https://registry.npmjs.org/lru-cache set size:416454 disposed:false
386 silly fetch manifest minipass@^7.0.3
387 silly packumentCache full:https://registry.npmjs.org/minipass cache-hit
388 silly fetch manifest lru-cache@^11.1.0
389 silly packumentCache full:https://registry.npmjs.org/lru-cache cache-hit
390 silly fetch manifest @npmcli/fs@^5.0.0
391 silly packumentCache full:https://registry.npmjs.org/@npmcli%2ffs cache-miss
392 http fetch GET 200 https://registry.npmjs.org/glob 180ms (cache revalidated)
393 silly packumentCache full:https://registry.npmjs.org/glob set size:469465 disposed:false
394 silly fetch manifest fs-minipass@^3.0.0
395 silly packumentCache full:https://registry.npmjs.org/fs-minipass cache-miss
396 http fetch GET 200 https://registry.npmjs.org/http-proxy-agent 197ms (cache updated)
397 silly packumentCache full:https://registry.npmjs.org/http-proxy-agent set size:undefined disposed:false
398 silly fetch manifest minipass-collect@^2.0.1
399 silly packumentCache full:https://registry.npmjs.org/minipass-collect cache-miss
400 http fetch GET 200 https://registry.npmjs.org/socks-proxy-agent 202ms (cache updated)
401 silly packumentCache full:https://registry.npmjs.org/socks-proxy-agent set size:undefined disposed:false
402 silly fetch manifest minizlib@^3.0.1
403 silly packumentCache full:https://registry.npmjs.org/minizlib cache-hit
404 silly fetch manifest minipass-sized@^2.0.0
405 silly packumentCache full:https://registry.npmjs.org/minipass-sized cache-miss
406 http fetch GET 200 https://registry.npmjs.org/https-proxy-agent 210ms (cache updated)
407 silly packumentCache full:https://registry.npmjs.org/https-proxy-agent set size:undefined disposed:false
408 silly fetch manifest minipass@^3.0.0
409 silly packumentCache full:https://registry.npmjs.org/minipass cache-hit
410 http fetch GET 200 https://registry.npmjs.org/agent-base 216ms (cache updated)
411 silly packumentCache full:https://registry.npmjs.org/agent-base set size:undefined disposed:false
412 http fetch GET 200 https://registry.npmjs.org/p-map 321ms (cache revalidated)
413 silly packumentCache full:https://registry.npmjs.org/p-map set size:52373 disposed:false
414 http fetch GET 200 https://registry.npmjs.org/minipass-sized 340ms (cache revalidated)
415 silly packumentCache full:https://registry.npmjs.org/minipass-sized set size:14420 disposed:false
416 http fetch GET 200 https://registry.npmjs.org/minipass-collect 358ms (cache revalidated)
417 silly packumentCache full:https://registry.npmjs.org/minipass-collect set size:12471 disposed:false
418 http fetch GET 200 https://registry.npmjs.org/@npmcli%2ffs 607ms (cache revalidated)
419 silly packumentCache full:https://registry.npmjs.org/@npmcli%2ffs set size:40494 disposed:false
420 http fetch GET 200 https://registry.npmjs.org/fs-minipass 764ms (cache revalidated)
421 silly packumentCache full:https://registry.npmjs.org/fs-minipass set size:44606 disposed:false
422 silly placeDep ROOT agent-base@7.1.4 OK for: @npmcli/agent@4.0.0 want: ^7.1.0
423 silly placeDep ROOT http-proxy-agent@7.0.2 OK for: @npmcli/agent@4.0.0 want: ^7.0.0
424 silly placeDep ROOT https-proxy-agent@7.0.6 OK for: @npmcli/agent@4.0.0 want: ^7.0.1
425 silly placeDep ROOT lru-cache@11.2.7 OK for: @npmcli/agent@4.0.0 want: ^11.2.1
426 silly placeDep ROOT socks-proxy-agent@8.0.5 OK for: @npmcli/agent@4.0.0 want: ^8.0.3
427 silly fetch manifest socks@^2.8.3
428 silly packumentCache full:https://registry.npmjs.org/socks cache-miss
429 http fetch GET 200 https://registry.npmjs.org/socks 153ms (cache revalidated)
430 silly packumentCache full:https://registry.npmjs.org/socks set size:168523 disposed:false
431 silly placeDep ROOT @npmcli/fs@5.0.0 OK for: cacache@20.0.4 want: ^5.0.0
432 silly placeDep ROOT fs-minipass@3.0.3 OK for: cacache@20.0.4 want: ^3.0.0
433 silly placeDep ROOT glob@13.0.6 OK for: cacache@20.0.4 want: ^13.0.0
434 silly placeDep ROOT minipass-collect@2.0.1 OK for: cacache@20.0.4 want: ^2.0.1
435 silly placeDep ROOT p-map@7.0.4 OK for: cacache@20.0.4 want: ^7.0.2
436 silly fetch manifest minimatch@^10.2.2
437 silly packumentCache full:https://registry.npmjs.org/minimatch cache-miss
438 silly fetch manifest path-scurry@^2.0.2
439 silly packumentCache full:https://registry.npmjs.org/path-scurry cache-miss
440 http fetch GET 200 https://registry.npmjs.org/path-scurry 135ms (cache revalidated)
441 silly packumentCache full:https://registry.npmjs.org/path-scurry set size:117612 disposed:false
442 http fetch GET 200 https://registry.npmjs.org/minimatch 146ms (cache revalidated)
443 silly packumentCache full:https://registry.npmjs.org/minimatch set size:375282 disposed:false
444 silly placeDep ROOT minimatch@10.2.5 OK for: glob@13.0.6 want: ^10.2.2
445 silly placeDep ROOT path-scurry@2.0.2 OK for: glob@13.0.6 want: ^2.0.2
446 silly fetch manifest brace-expansion@^5.0.5
447 silly packumentCache full:https://registry.npmjs.org/brace-expansion cache-miss
448 http fetch GET 200 https://registry.npmjs.org/brace-expansion 156ms (cache revalidated)
449 silly packumentCache full:https://registry.npmjs.org/brace-expansion set size:61740 disposed:false
450 silly placeDep ROOT brace-expansion@5.0.5 OK for: minimatch@10.2.5 want: ^5.0.5
451 silly fetch manifest balanced-match@^4.0.2
452 silly packumentCache full:https://registry.npmjs.org/balanced-match cache-miss
453 http fetch GET 200 https://registry.npmjs.org/balanced-match 145ms (cache revalidated)
454 silly packumentCache full:https://registry.npmjs.org/balanced-match set size:39082 disposed:false
455 silly placeDep ROOT balanced-match@4.0.4 OK for: brace-expansion@5.0.5 want: ^4.0.2
456 silly placeDep ROOT minipass-sized@2.0.0 OK for: minipass-fetch@5.0.2 want: ^2.0.0
457 silly placeDep ROOT minizlib@3.1.0 OK for: minipass-fetch@5.0.2 want: ^3.0.1
458 silly placeDep node_modules/minipass-flush minipass@3.3.6 OK for: minipass-flush@1.0.7 want: ^3.0.0
459 silly fetch manifest yallist@^4.0.0
460 silly packumentCache full:https://registry.npmjs.org/yallist cache-hit
461 silly placeDep node_modules/minipass-pipeline minipass@3.3.6 OK for: minipass-pipeline@1.2.4 want: ^3.0.0
462 silly placeDep ROOT abbrev@4.0.0 OK for: nopt@9.0.0 want: ^4.0.0
463 silly placeDep ROOT detect-libc@2.1.2 OK for: prebuild-install@7.1.3 want: ^2.0.0
464 silly placeDep ROOT expand-template@2.0.3 OK for: prebuild-install@7.1.3 want: ^2.0.3
465 silly placeDep ROOT github-from-package@0.0.0 OK for: prebuild-install@7.1.3 want: 0.0.0
466 silly placeDep ROOT minimist@1.2.8 OK for: prebuild-install@7.1.3 want: ^1.2.3
467 silly placeDep ROOT mkdirp-classic@0.5.3 OK for: prebuild-install@7.1.3 want: ^0.5.3
468 silly placeDep ROOT napi-build-utils@2.0.0 OK for: prebuild-install@7.1.3 want: ^2.0.0
469 silly placeDep ROOT node-abi@3.89.0 OK for: prebuild-install@7.1.3 want: ^3.3.0
470 silly placeDep ROOT pump@3.0.4 OK for: prebuild-install@7.1.3 want: ^3.0.0
471 silly placeDep ROOT rc@1.2.8 OK for: prebuild-install@7.1.3 want: ^1.2.7
472 silly placeDep ROOT simple-get@4.0.1 OK for: prebuild-install@7.1.3 want: ^4.0.0
473 silly placeDep ROOT tar-fs@2.1.4 OK for: prebuild-install@7.1.3 want: ^2.0.0
474 silly placeDep ROOT tunnel-agent@0.6.0 OK for: prebuild-install@7.1.3 want: ^0.6.0
475 silly fetch manifest end-of-stream@^1.1.0
476 silly packumentCache full:https://registry.npmjs.org/end-of-stream cache-miss
477 silly fetch manifest ini@~1.3.0
478 silly packumentCache full:https://registry.npmjs.org/ini cache-miss
479 silly fetch manifest deep-extend@^0.6.0
480 silly packumentCache full:https://registry.npmjs.org/deep-extend cache-miss
481 silly fetch manifest strip-json-comments@~2.0.1
482 silly packumentCache full:https://registry.npmjs.org/strip-json-comments cache-miss
483 silly fetch manifest decompress-response@^6.0.0
484 silly packumentCache full:https://registry.npmjs.org/decompress-response cache-miss
485 silly fetch manifest simple-concat@^1.0.0
486 silly packumentCache full:https://registry.npmjs.org/simple-concat cache-miss
487 silly fetch manifest chownr@^1.1.1
488 silly packumentCache full:https://registry.npmjs.org/chownr cache-hit
489 silly fetch manifest tar-stream@^2.1.4
490 silly packumentCache full:https://registry.npmjs.org/tar-stream cache-miss
491 http fetch GET 200 https://registry.npmjs.org/end-of-stream 155ms (cache miss)
492 silly packumentCache full:https://registry.npmjs.org/end-of-stream set size:undefined disposed:false
493 http fetch GET 200 https://registry.npmjs.org/simple-concat 177ms (cache miss)
494 silly packumentCache full:https://registry.npmjs.org/simple-concat set size:undefined disposed:false
495 http fetch GET 200 https://registry.npmjs.org/ini 186ms (cache revalidated)
496 silly packumentCache full:https://registry.npmjs.org/ini set size:56961 disposed:false
497 http fetch GET 200 https://registry.npmjs.org/decompress-response 186ms (cache miss)
498 silly packumentCache full:https://registry.npmjs.org/decompress-response set size:undefined disposed:false
499 http fetch GET 200 https://registry.npmjs.org/deep-extend 190ms (cache miss)
500 silly packumentCache full:https://registry.npmjs.org/deep-extend set size:undefined disposed:false
501 http fetch GET 200 https://registry.npmjs.org/strip-json-comments 193ms (cache miss)
502 silly packumentCache full:https://registry.npmjs.org/strip-json-comments set size:undefined disposed:false
503 http fetch GET 200 https://registry.npmjs.org/tar-stream 194ms (cache miss)
504 silly packumentCache full:https://registry.npmjs.org/tar-stream set size:undefined disposed:false
505 silly placeDep ROOT end-of-stream@1.4.5 OK for: pump@3.0.4 want: ^1.1.0
506 silly placeDep ROOT deep-extend@0.6.0 OK for: rc@1.2.8 want: ^0.6.0
507 silly placeDep ROOT ini@1.3.8 OK for: rc@1.2.8 want: ~1.3.0
508 silly placeDep ROOT strip-json-comments@2.0.1 OK for: rc@1.2.8 want: ~2.0.1
509 silly placeDep ROOT decompress-response@6.0.0 OK for: simple-get@4.0.1 want: ^6.0.0
510 silly placeDep ROOT simple-concat@1.0.1 OK for: simple-get@4.0.1 want: ^1.0.0
511 silly fetch manifest mimic-response@^3.1.0
512 silly packumentCache full:https://registry.npmjs.org/mimic-response cache-miss
513 http fetch GET 200 https://registry.npmjs.org/mimic-response 129ms (cache miss)
514 silly packumentCache full:https://registry.npmjs.org/mimic-response set size:undefined disposed:false
515 silly placeDep ROOT mimic-response@3.1.0 OK for: decompress-response@6.0.0 want: ^3.1.0
516 silly placeDep ROOT socks@2.8.7 OK for: socks-proxy-agent@8.0.5 want: ^2.8.3
517 silly fetch manifest ip-address@^10.0.1
518 silly packumentCache full:https://registry.npmjs.org/ip-address cache-miss
519 silly fetch manifest smart-buffer@^4.2.0
520 silly packumentCache full:https://registry.npmjs.org/smart-buffer cache-miss
521 http fetch GET 200 https://registry.npmjs.org/smart-buffer 157ms (cache revalidated)
522 silly packumentCache full:https://registry.npmjs.org/smart-buffer set size:87065 disposed:false
523 http fetch GET 200 https://registry.npmjs.org/ip-address 163ms (cache revalidated)
524 silly packumentCache full:https://registry.npmjs.org/ip-address set size:135050 disposed:false
525 silly placeDep ROOT ip-address@10.1.0 OK for: socks@2.8.7 want: ^10.0.1
526 silly placeDep ROOT smart-buffer@4.2.0 OK for: socks@2.8.7 want: ^4.2.0
527 silly placeDep ROOT @isaacs/fs-minipass@4.0.1 OK for: tar@7.5.13 want: ^4.0.0
528 silly placeDep ROOT chownr@3.0.0 OK for: tar@7.5.13 want: ^3.0.0
529 silly placeDep ROOT yallist@5.0.0 OK for: tar@7.5.13 want: ^5.0.0
530 silly placeDep node_modules/tar-fs chownr@1.1.4 OK for: tar-fs@2.1.4 want: ^1.1.1
531 silly placeDep ROOT tar-stream@2.2.0 OK for: tar-fs@2.1.4 want: ^2.1.4
532 silly fetch manifest bl@^4.0.3
533 silly packumentCache full:https://registry.npmjs.org/bl cache-miss
534 silly fetch manifest fs-constants@^1.0.0
535 silly packumentCache full:https://registry.npmjs.org/fs-constants cache-miss
536 http fetch GET 200 https://registry.npmjs.org/fs-constants 124ms (cache miss)
537 silly packumentCache full:https://registry.npmjs.org/fs-constants set size:undefined disposed:false
538 http fetch GET 200 https://registry.npmjs.org/bl 150ms (cache miss)
539 silly packumentCache full:https://registry.npmjs.org/bl set size:undefined disposed:false
540 silly placeDep ROOT bl@4.1.0 OK for: tar-stream@2.2.0 want: ^4.0.3
541 silly placeDep ROOT fs-constants@1.0.0 OK for: tar-stream@2.2.0 want: ^1.0.0
542 silly fetch manifest buffer@^5.5.0
543 silly packumentCache full:https://registry.npmjs.org/buffer cache-miss
544 http fetch GET 200 https://registry.npmjs.org/buffer 139ms (cache miss)
545 silly packumentCache full:https://registry.npmjs.org/buffer set size:undefined disposed:false
546 silly placeDep ROOT buffer@5.7.1 OK for: bl@4.1.0 want: ^5.5.0
547 silly fetch manifest base64-js@^1.3.1
548 silly packumentCache full:https://registry.npmjs.org/base64-js cache-miss
549 silly fetch manifest ieee754@^1.1.13
550 silly packumentCache full:https://registry.npmjs.org/ieee754 cache-miss
551 http fetch GET 200 https://registry.npmjs.org/ieee754 139ms (cache miss)
552 silly packumentCache full:https://registry.npmjs.org/ieee754 set size:undefined disposed:false
553 http fetch GET 200 https://registry.npmjs.org/base64-js 146ms (cache revalidated)
554 silly packumentCache full:https://registry.npmjs.org/base64-js set size:41270 disposed:false
555 silly placeDep ROOT base64-js@1.5.1 OK for: buffer@5.7.1 want: ^1.3.1
556 silly placeDep ROOT ieee754@1.2.1 OK for: buffer@5.7.1 want: ^1.1.13
557 silly placeDep ROOT fdir@6.5.0 OK for: tinyglobby@0.2.15 want: ^6.5.0
558 silly placeDep ROOT picomatch@4.0.4 OK for: tinyglobby@0.2.15 want: ^4.0.3
559 silly placeDep ROOT isexe@4.0.0 OK for: which@6.0.1 want: ^4.0.0
560 silly placeDep node_modules/minipass-flush yallist@4.0.0 OK for: minipass@3.3.6 want: ^4.0.0
561 silly placeDep node_modules/minipass-pipeline yallist@4.0.0 OK for: minipass@3.3.6 want: ^4.0.0
562 silly placeDep node_modules/multer media-typer@0.3.0 OK for: type-is@1.6.18 want: 0.3.0
563 silly placeDep node_modules/multer mime-types@2.1.35 OK for: type-is@1.6.18 want: ~2.1.24
564 silly fetch manifest mime-db@1.52.0
565 silly packumentCache full:https://registry.npmjs.org/mime-db cache-miss
566 http cache https://registry.npmjs.org/mime-db 7ms (cache hit)
567 silly packumentCache full:https://registry.npmjs.org/mime-db set size:164953 disposed:false
568 silly placeDep node_modules/multer mime-db@1.52.0 OK for: mime-types@2.1.35 want: 1.52.0
569 silly reify moves {}
570 silly audit bulk request {
570 silly audit   '@socket.io/component-emitter': [ '3.1.2' ],
570 silly audit   '@types/cors': [ '2.8.19' ],
570 silly audit   '@types/node': [ '25.5.0' ],
570 silly audit   '@types/ws': [ '8.18.1' ],
570 silly audit   accepts: [ '2.0.0', '1.3.8' ],
570 silly audit   base64id: [ '2.0.0' ],
570 silly audit   'body-parser': [ '2.2.2' ],
570 silly audit   bytes: [ '3.1.2' ],
570 silly audit   'call-bind-apply-helpers': [ '1.0.2' ],
570 silly audit   'call-bound': [ '1.0.4' ],
570 silly audit   'content-disposition': [ '1.0.1' ],
570 silly audit   'content-type': [ '1.0.5' ],
570 silly audit   cookie: [ '0.7.2' ],
570 silly audit   'cookie-signature': [ '1.2.2' ],
570 silly audit   cors: [ '2.8.6' ],
570 silly audit   debug: [ '4.4.3' ],
570 silly audit   depd: [ '2.0.0' ],
570 silly audit   'dunder-proto': [ '1.0.1' ],
570 silly audit   'ee-first': [ '1.1.1' ],
570 silly audit   encodeurl: [ '2.0.0' ],
570 silly audit   'engine.io': [ '6.6.6' ],
570 silly audit   'engine.io-parser': [ '5.2.3' ],
570 silly audit   'mime-db': [ '1.52.0', '1.54.0' ],
570 silly audit   'mime-types': [ '2.1.35', '3.0.2' ],
570 silly audit   negotiator: [ '0.6.3', '1.0.0' ],
570 silly audit   'es-define-property': [ '1.0.1' ],
570 silly audit   'es-errors': [ '1.3.0' ],
570 silly audit   'es-object-atoms': [ '1.1.1' ],
570 silly audit   'escape-html': [ '1.0.3' ],
570 silly audit   etag: [ '1.8.1' ],
570 silly audit   express: [ '5.2.1' ],
570 silly audit   finalhandler: [ '2.1.1' ],
570 silly audit   forwarded: [ '0.2.0' ],
570 silly audit   fresh: [ '2.0.0' ],
570 silly audit   'function-bind': [ '1.1.2' ],
570 silly audit   'get-intrinsic': [ '1.3.0' ],
570 silly audit   'get-proto': [ '1.0.1' ],
570 silly audit   gopd: [ '1.2.0' ],
570 silly audit   'has-symbols': [ '1.1.0' ],
570 silly audit   hasown: [ '2.0.2' ],
570 silly audit   'http-errors': [ '2.0.1' ],
570 silly audit   'iconv-lite': [ '0.7.2' ],
570 silly audit   inherits: [ '2.0.4' ],
570 silly audit   'ipaddr.js': [ '1.9.1' ],
570 silly audit   'is-promise': [ '4.0.0' ],
570 silly audit   'math-intrinsics': [ '1.1.0' ],
570 silly audit   'media-typer': [ '1.1.0', '0.3.0' ],
570 silly audit   'merge-descriptors': [ '2.0.0' ],
570 silly audit   ms: [ '2.1.3' ],
570 silly audit   'object-assign': [ '4.1.1' ],
570 silly audit   'object-inspect': [ '1.13.4' ],
570 silly audit   'on-finished': [ '2.4.1' ],
570 silly audit   once: [ '1.4.0' ],
570 silly audit   parseurl: [ '1.3.3' ],
570 silly audit   'path-to-regexp': [ '8.4.2' ],
570 silly audit   'proxy-addr': [ '2.0.7' ],
570 silly audit   qs: [ '6.15.0' ],
570 silly audit   'range-parser': [ '1.2.1' ],
570 silly audit   'raw-body': [ '3.0.2' ],
570 silly audit   router: [ '2.2.0' ],
570 silly audit   'safer-buffer': [ '2.1.2' ],
570 silly audit   send: [ '1.2.1' ],
570 silly audit   'serve-static': [ '2.2.1' ],
570 silly audit   setprototypeof: [ '1.2.0' ],
570 silly audit   'side-channel': [ '1.1.0' ],
570 silly audit   'side-channel-list': [ '1.0.0' ],
570 silly audit   'side-channel-map': [ '1.0.1' ],
570 silly audit   'side-channel-weakmap': [ '1.0.2' ],
570 silly audit   'socket.io': [ '4.8.3' ],
570 silly audit   'socket.io-adapter': [ '2.5.6' ],
570 silly audit   'socket.io-parser': [ '4.2.6' ],
570 silly audit   statuses: [ '2.0.2' ],
570 silly audit   toidentifier: [ '1.0.1' ],
570 silly audit   'type-is': [ '2.0.1', '1.6.18' ],
570 silly audit   'undici-types': [ '7.18.2' ],
570 silly audit   unpipe: [ '1.0.0' ],
570 silly audit   vary: [ '1.1.2' ],
570 silly audit   wrappy: [ '1.0.2' ],
570 silly audit   ws: [ '8.18.3' ],
570 silly audit   bcrypt: [ '6.0.0' ],
570 silly audit   jsonwebtoken: [ '9.0.3' ],
570 silly audit   multer: [ '2.1.1' ],
570 silly audit   sqlite3: [ '6.0.1' ],
570 silly audit   'node-addon-api': [ '8.7.0' ],
570 silly audit   'node-gyp-build': [ '4.8.4' ],
570 silly audit   jws: [ '4.0.1' ],
570 silly audit   'lodash.includes': [ '4.3.0' ],
570 silly audit   'lodash.isboolean': [ '3.0.3' ],
570 silly audit   'lodash.isinteger': [ '4.0.4' ],
570 silly audit   'lodash.isnumber': [ '3.0.3' ],
570 silly audit   'lodash.isplainobject': [ '4.0.6' ],
570 silly audit   'lodash.isstring': [ '4.0.1' ],
570 silly audit   'lodash.once': [ '4.1.1' ],
570 silly audit   semver: [ '7.7.4' ],
570 silly audit   jwa: [ '2.0.1' ],
570 silly audit   'safe-buffer': [ '5.2.1' ],
570 silly audit   'buffer-equal-constant-time': [ '1.0.1' ],
570 silly audit   'ecdsa-sig-formatter': [ '1.0.11' ],
570 silly audit   'append-field': [ '1.0.0' ],
570 silly audit   busboy: [ '1.6.0' ],
570 silly audit   'concat-stream': [ '2.0.0' ],
570 silly audit   streamsearch: [ '1.1.0' ],
570 silly audit   'buffer-from': [ '1.1.2' ],
570 silly audit   'readable-stream': [ '3.6.2' ],
570 silly audit   typedarray: [ '0.0.6' ],
570 silly audit   string_decoder: [ '1.3.0' ],
570 silly audit   'util-deprecate': [ '1.0.2' ],
570 silly audit   bindings: [ '1.5.0' ],
570 silly audit   'node-gyp': [ '12.2.0' ],
570 silly audit   'prebuild-install': [ '7.1.3' ],
570 silly audit   tar: [ '7.5.13' ],
570 silly audit   'file-uri-to-path': [ '1.0.0' ],
570 silly audit   'env-paths': [ '2.2.1' ],
570 silly audit   'exponential-backoff': [ '3.1.3' ],
570 silly audit   'graceful-fs': [ '4.2.11' ],
570 silly audit   'make-fetch-happen': [ '15.0.5' ],
570 silly audit   nopt: [ '9.0.0' ],
570 silly audit   'proc-log': [ '6.1.0' ],
570 silly audit   tinyglobby: [ '0.2.15' ],
570 silly audit   which: [ '6.0.1' ],
570 silly audit   '@gar/promise-retry': [ '1.0.3' ],
570 silly audit   '@npmcli/agent': [ '4.0.0' ],
570 silly audit   '@npmcli/redact': [ '4.0.0' ],
570 silly audit   cacache: [ '20.0.4' ],
570 silly audit   'http-cache-semantics': [ '4.2.0' ],
570 silly audit   minipass: [ '7.1.3', '3.3.6' ],
570 silly audit   'minipass-fetch': [ '5.0.2' ],
570 silly audit   'minipass-flush': [ '1.0.7' ],
570 silly audit   'minipass-pipeline': [ '1.2.4' ],
570 silly audit   ssri: [ '13.0.1' ],
570 silly audit   'agent-base': [ '7.1.4' ],
570 silly audit   'http-proxy-agent': [ '7.0.2' ],
570 silly audit   'https-proxy-agent': [ '7.0.6' ],
570 silly audit   'lru-cache': [ '11.2.7' ],
570 silly audit   'socks-proxy-agent': [ '8.0.5' ],
570 silly audit   '@npmcli/fs': [ '5.0.0' ],
570 silly audit   'fs-minipass': [ '3.0.3' ],
570 silly audit   glob: [ '13.0.6' ],
570 silly audit   'minipass-collect': [ '2.0.1' ],
570 silly audit   'p-map': [ '7.0.4' ],
570 silly audit   minimatch: [ '10.2.5' ],
570 silly audit   'path-scurry': [ '2.0.2' ],
570 silly audit   'brace-expansion': [ '5.0.5' ],
570 silly audit   'balanced-match': [ '4.0.4' ],
570 silly audit   'minipass-sized': [ '2.0.0' ],
570 silly audit   minizlib: [ '3.1.0' ],
570 silly audit   abbrev: [ '4.0.0' ],
570 silly audit   'detect-libc': [ '2.1.2' ],
570 silly audit   'expand-template': [ '2.0.3' ],
570 silly audit   'github-from-package': [ '0.0.0' ],
570 silly audit   minimist: [ '1.2.8' ],
570 silly audit   'mkdirp-classic': [ '0.5.3' ],
570 silly audit   'napi-build-utils': [ '2.0.0' ],
570 silly audit   'node-abi': [ '3.89.0' ],
570 silly audit   pump: [ '3.0.4' ],
570 silly audit   rc: [ '1.2.8' ],
570 silly audit   'simple-get': [ '4.0.1' ],
570 silly audit   'tar-fs': [ '2.1.4' ],
570 silly audit   'tunnel-agent': [ '0.6.0' ],
570 silly audit   'end-of-stream': [ '1.4.5' ],
570 silly audit   'deep-extend': [ '0.6.0' ],
570 silly audit   ini: [ '1.3.8' ],
570 silly audit   'strip-json-comments': [ '2.0.1' ],
570 silly audit   'decompress-response': [ '6.0.0' ],
570 silly audit   'simple-concat': [ '1.0.1' ],
570 silly audit   'mimic-response': [ '3.1.0' ],
570 silly audit   socks: [ '2.8.7' ],
570 silly audit   'ip-address': [ '10.1.0' ],
570 silly audit   'smart-buffer': [ '4.2.0' ],
570 silly audit   '@isaacs/fs-minipass': [ '4.0.1' ],
570 silly audit   chownr: [ '3.0.0', '1.1.4' ],
570 silly audit   yallist: [ '5.0.0', '4.0.0' ],
570 silly audit   'tar-stream': [ '2.2.0' ],
570 silly audit   bl: [ '4.1.0' ],
570 silly audit   'fs-constants': [ '1.0.0' ],
570 silly audit   buffer: [ '5.7.1' ],
570 silly audit   'base64-js': [ '1.5.1' ],
570 silly audit   ieee754: [ '1.2.1' ],
570 silly audit   fdir: [ '6.5.0' ],
570 silly audit   picomatch: [ '4.0.4' ],
570 silly audit   isexe: [ '4.0.0' ]
570 silly audit }
571 http cache picomatch@https://registry.npmjs.org/picomatch/-/picomatch-4.0.4.tgz 0ms (cache hit)
572 http cache fdir@https://registry.npmjs.org/fdir/-/fdir-6.5.0.tgz 0ms (cache hit)
573 http cache ieee754@https://registry.npmjs.org/ieee754/-/ieee754-1.2.1.tgz 0ms (cache hit)
574 http cache base64-js@https://registry.npmjs.org/base64-js/-/base64-js-1.5.1.tgz 0ms (cache hit)
575 http cache isexe@https://registry.npmjs.org/isexe/-/isexe-4.0.0.tgz 0ms (cache hit)
576 http cache buffer@https://registry.npmjs.org/buffer/-/buffer-5.7.1.tgz 0ms (cache hit)
577 http cache fs-constants@https://registry.npmjs.org/fs-constants/-/fs-constants-1.0.0.tgz 0ms (cache hit)
578 http cache bl@https://registry.npmjs.org/bl/-/bl-4.1.0.tgz 0ms (cache hit)
579 http cache tar-stream@https://registry.npmjs.org/tar-stream/-/tar-stream-2.2.0.tgz 0ms (cache hit)
580 http cache yallist@https://registry.npmjs.org/yallist/-/yallist-5.0.0.tgz 0ms (cache hit)
581 http cache chownr@https://registry.npmjs.org/chownr/-/chownr-3.0.0.tgz 0ms (cache hit)
582 http cache smart-buffer@https://registry.npmjs.org/smart-buffer/-/smart-buffer-4.2.0.tgz 0ms (cache hit)
583 http cache @isaacs/fs-minipass@https://registry.npmjs.org/@isaacs/fs-minipass/-/fs-minipass-4.0.1.tgz 0ms (cache hit)
584 http cache ip-address@https://registry.npmjs.org/ip-address/-/ip-address-10.1.0.tgz 0ms (cache hit)
585 http cache socks@https://registry.npmjs.org/socks/-/socks-2.8.7.tgz 0ms (cache hit)
586 http cache mimic-response@https://registry.npmjs.org/mimic-response/-/mimic-response-3.1.0.tgz 0ms (cache hit)
587 http cache simple-concat@https://registry.npmjs.org/simple-concat/-/simple-concat-1.0.1.tgz 0ms (cache hit)
588 http cache decompress-response@https://registry.npmjs.org/decompress-response/-/decompress-response-6.0.0.tgz 0ms (cache hit)
589 http cache strip-json-comments@https://registry.npmjs.org/strip-json-comments/-/strip-json-comments-2.0.1.tgz 0ms (cache hit)
590 http cache ini@https://registry.npmjs.org/ini/-/ini-1.3.8.tgz 0ms (cache hit)
591 http cache deep-extend@https://registry.npmjs.org/deep-extend/-/deep-extend-0.6.0.tgz 0ms (cache hit)
592 http cache end-of-stream@https://registry.npmjs.org/end-of-stream/-/end-of-stream-1.4.5.tgz 0ms (cache hit)
593 http cache tunnel-agent@https://registry.npmjs.org/tunnel-agent/-/tunnel-agent-0.6.0.tgz 0ms (cache hit)
594 http cache tar-fs@https://registry.npmjs.org/tar-fs/-/tar-fs-2.1.4.tgz 0ms (cache hit)
595 http cache simple-get@https://registry.npmjs.org/simple-get/-/simple-get-4.0.1.tgz 0ms (cache hit)
596 http cache pump@https://registry.npmjs.org/pump/-/pump-3.0.4.tgz 0ms (cache hit)
597 http cache rc@https://registry.npmjs.org/rc/-/rc-1.2.8.tgz 0ms (cache hit)
598 http cache node-abi@https://registry.npmjs.org/node-abi/-/node-abi-3.89.0.tgz 0ms (cache hit)
599 http cache napi-build-utils@https://registry.npmjs.org/napi-build-utils/-/napi-build-utils-2.0.0.tgz 0ms (cache hit)
600 http cache mkdirp-classic@https://registry.npmjs.org/mkdirp-classic/-/mkdirp-classic-0.5.3.tgz 0ms (cache hit)
601 http cache minimist@https://registry.npmjs.org/minimist/-/minimist-1.2.8.tgz 0ms (cache hit)
602 http cache github-from-package@https://registry.npmjs.org/github-from-package/-/github-from-package-0.0.0.tgz 0ms (cache hit)
603 http cache expand-template@https://registry.npmjs.org/expand-template/-/expand-template-2.0.3.tgz 0ms (cache hit)
604 http cache detect-libc@https://registry.npmjs.org/detect-libc/-/detect-libc-2.1.2.tgz 0ms (cache hit)
605 http cache abbrev@https://registry.npmjs.org/abbrev/-/abbrev-4.0.0.tgz 0ms (cache hit)
606 http cache minizlib@https://registry.npmjs.org/minizlib/-/minizlib-3.1.0.tgz 0ms (cache hit)
607 http cache minipass-sized@https://registry.npmjs.org/minipass-sized/-/minipass-sized-2.0.0.tgz 0ms (cache hit)
608 http cache balanced-match@https://registry.npmjs.org/balanced-match/-/balanced-match-4.0.4.tgz 0ms (cache hit)
609 http cache brace-expansion@https://registry.npmjs.org/brace-expansion/-/brace-expansion-5.0.5.tgz 0ms (cache hit)
610 http cache path-scurry@https://registry.npmjs.org/path-scurry/-/path-scurry-2.0.2.tgz 0ms (cache hit)
611 http cache minimatch@https://registry.npmjs.org/minimatch/-/minimatch-10.2.5.tgz 0ms (cache hit)
612 http cache p-map@https://registry.npmjs.org/p-map/-/p-map-7.0.4.tgz 0ms (cache hit)
613 http cache glob@https://registry.npmjs.org/glob/-/glob-13.0.6.tgz 0ms (cache hit)
614 http cache minipass-collect@https://registry.npmjs.org/minipass-collect/-/minipass-collect-2.0.1.tgz 0ms (cache hit)
615 http cache fs-minipass@https://registry.npmjs.org/fs-minipass/-/fs-minipass-3.0.3.tgz 0ms (cache hit)
616 http cache @npmcli/fs@https://registry.npmjs.org/@npmcli/fs/-/fs-5.0.0.tgz 0ms (cache hit)
617 http cache socks-proxy-agent@https://registry.npmjs.org/socks-proxy-agent/-/socks-proxy-agent-8.0.5.tgz 0ms (cache hit)
618 http cache lru-cache@https://registry.npmjs.org/lru-cache/-/lru-cache-11.2.7.tgz 0ms (cache hit)
619 http cache https-proxy-agent@https://registry.npmjs.org/https-proxy-agent/-/https-proxy-agent-7.0.6.tgz 0ms (cache hit)
620 http cache http-proxy-agent@https://registry.npmjs.org/http-proxy-agent/-/http-proxy-agent-7.0.2.tgz 0ms (cache hit)
621 http cache agent-base@https://registry.npmjs.org/agent-base/-/agent-base-7.1.4.tgz 0ms (cache hit)
622 http cache ssri@https://registry.npmjs.org/ssri/-/ssri-13.0.1.tgz 0ms (cache hit)
623 http cache minipass-pipeline@https://registry.npmjs.org/minipass-pipeline/-/minipass-pipeline-1.2.4.tgz 0ms (cache hit)
624 http cache minipass-flush@https://registry.npmjs.org/minipass-flush/-/minipass-flush-1.0.7.tgz 0ms (cache hit)
625 http cache minipass-fetch@https://registry.npmjs.org/minipass-fetch/-/minipass-fetch-5.0.2.tgz 0ms (cache hit)
626 http cache minipass@https://registry.npmjs.org/minipass/-/minipass-7.1.3.tgz 0ms (cache hit)
627 http cache http-cache-semantics@https://registry.npmjs.org/http-cache-semantics/-/http-cache-semantics-4.2.0.tgz 0ms (cache hit)
628 http cache cacache@https://registry.npmjs.org/cacache/-/cacache-20.0.4.tgz 0ms (cache hit)
629 http cache @npmcli/redact@https://registry.npmjs.org/@npmcli/redact/-/redact-4.0.0.tgz 0ms (cache hit)
630 http cache @npmcli/agent@https://registry.npmjs.org/@npmcli/agent/-/agent-4.0.0.tgz 0ms (cache hit)
631 http cache @gar/promise-retry@https://registry.npmjs.org/@gar/promise-retry/-/promise-retry-1.0.3.tgz 0ms (cache hit)
632 http cache which@https://registry.npmjs.org/which/-/which-6.0.1.tgz 0ms (cache hit)
633 http cache tinyglobby@https://registry.npmjs.org/tinyglobby/-/tinyglobby-0.2.15.tgz 0ms (cache hit)
634 http cache proc-log@https://registry.npmjs.org/proc-log/-/proc-log-6.1.0.tgz 0ms (cache hit)
635 http cache nopt@https://registry.npmjs.org/nopt/-/nopt-9.0.0.tgz 0ms (cache hit)
636 http cache make-fetch-happen@https://registry.npmjs.org/make-fetch-happen/-/make-fetch-happen-15.0.5.tgz 0ms (cache hit)
637 http cache graceful-fs@https://registry.npmjs.org/graceful-fs/-/graceful-fs-4.2.11.tgz 0ms (cache hit)
638 http cache exponential-backoff@https://registry.npmjs.org/exponential-backoff/-/exponential-backoff-3.1.3.tgz 0ms (cache hit)
639 http cache env-paths@https://registry.npmjs.org/env-paths/-/env-paths-2.2.1.tgz 0ms (cache hit)
640 http cache file-uri-to-path@https://registry.npmjs.org/file-uri-to-path/-/file-uri-to-path-1.0.0.tgz 0ms (cache hit)
641 http cache tar@https://registry.npmjs.org/tar/-/tar-7.5.13.tgz 0ms (cache hit)
642 http cache node-gyp@https://registry.npmjs.org/node-gyp/-/node-gyp-12.2.0.tgz 0ms (cache hit)
643 http cache prebuild-install@https://registry.npmjs.org/prebuild-install/-/prebuild-install-7.1.3.tgz 0ms (cache hit)
644 http cache bindings@https://registry.npmjs.org/bindings/-/bindings-1.5.0.tgz 0ms (cache hit)
645 http cache util-deprecate@https://registry.npmjs.org/util-deprecate/-/util-deprecate-1.0.2.tgz 0ms (cache hit)
646 http cache string_decoder@https://registry.npmjs.org/string_decoder/-/string_decoder-1.3.0.tgz 0ms (cache hit)
647 http cache typedarray@https://registry.npmjs.org/typedarray/-/typedarray-0.0.6.tgz 0ms (cache hit)
648 http cache readable-stream@https://registry.npmjs.org/readable-stream/-/readable-stream-3.6.2.tgz 0ms (cache hit)
649 http cache buffer-from@https://registry.npmjs.org/buffer-from/-/buffer-from-1.1.2.tgz 0ms (cache hit)
650 http cache streamsearch@https://registry.npmjs.org/streamsearch/-/streamsearch-1.1.0.tgz 0ms (cache hit)
651 http cache concat-stream@https://registry.npmjs.org/concat-stream/-/concat-stream-2.0.0.tgz 0ms (cache hit)
652 http cache busboy@https://registry.npmjs.org/busboy/-/busboy-1.6.0.tgz 0ms (cache hit)
653 http cache append-field@https://registry.npmjs.org/append-field/-/append-field-1.0.0.tgz 0ms (cache hit)
654 http cache ecdsa-sig-formatter@https://registry.npmjs.org/ecdsa-sig-formatter/-/ecdsa-sig-formatter-1.0.11.tgz 0ms (cache hit)
655 http cache buffer-equal-constant-time@https://registry.npmjs.org/buffer-equal-constant-time/-/buffer-equal-constant-time-1.0.1.tgz 0ms (cache hit)
656 http cache safe-buffer@https://registry.npmjs.org/safe-buffer/-/safe-buffer-5.2.1.tgz 0ms (cache hit)
657 http cache jwa@https://registry.npmjs.org/jwa/-/jwa-2.0.1.tgz 0ms (cache hit)
658 http cache semver@https://registry.npmjs.org/semver/-/semver-7.7.4.tgz 0ms (cache hit)
659 http cache lodash.once@https://registry.npmjs.org/lodash.once/-/lodash.once-4.1.1.tgz 0ms (cache hit)
660 http cache lodash.isstring@https://registry.npmjs.org/lodash.isstring/-/lodash.isstring-4.0.1.tgz 0ms (cache hit)
661 http cache lodash.isplainobject@https://registry.npmjs.org/lodash.isplainobject/-/lodash.isplainobject-4.0.6.tgz 0ms (cache hit)
662 http cache lodash.isinteger@https://registry.npmjs.org/lodash.isinteger/-/lodash.isinteger-4.0.4.tgz 0ms (cache hit)
663 http cache lodash.isnumber@https://registry.npmjs.org/lodash.isnumber/-/lodash.isnumber-3.0.3.tgz 0ms (cache hit)
664 http cache lodash.isboolean@https://registry.npmjs.org/lodash.isboolean/-/lodash.isboolean-3.0.3.tgz 0ms (cache hit)
665 http cache lodash.includes@https://registry.npmjs.org/lodash.includes/-/lodash.includes-4.3.0.tgz 0ms (cache hit)
666 http cache jws@https://registry.npmjs.org/jws/-/jws-4.0.1.tgz 0ms (cache hit)
667 http cache node-gyp-build@https://registry.npmjs.org/node-gyp-build/-/node-gyp-build-4.8.4.tgz 0ms (cache hit)
668 http cache node-addon-api@https://registry.npmjs.org/node-addon-api/-/node-addon-api-8.7.0.tgz 0ms (cache hit)
669 http cache multer@https://registry.npmjs.org/multer/-/multer-2.1.1.tgz 0ms (cache hit)
670 http cache sqlite3@https://registry.npmjs.org/sqlite3/-/sqlite3-6.0.1.tgz 0ms (cache hit)
671 http cache jsonwebtoken@https://registry.npmjs.org/jsonwebtoken/-/jsonwebtoken-9.0.3.tgz 0ms (cache hit)
672 http cache bcrypt@https://registry.npmjs.org/bcrypt/-/bcrypt-6.0.0.tgz 0ms (cache hit)
673 http cache yallist@https://registry.npmjs.org/yallist/-/yallist-4.0.0.tgz 0ms (cache hit)
674 http cache chownr@https://registry.npmjs.org/chownr/-/chownr-1.1.4.tgz 0ms (cache hit)
675 http cache minipass@https://registry.npmjs.org/minipass/-/minipass-3.3.6.tgz 0ms (cache hit)
676 http cache minipass@https://registry.npmjs.org/minipass/-/minipass-3.3.6.tgz 0ms (cache hit)
677 http cache yallist@https://registry.npmjs.org/yallist/-/yallist-4.0.0.tgz 0ms (cache hit)
678 http cache mime-db@https://registry.npmjs.org/mime-db/-/mime-db-1.52.0.tgz 0ms (cache hit)
679 http cache media-typer@https://registry.npmjs.org/media-typer/-/media-typer-0.3.0.tgz 0ms (cache hit)
680 http cache mime-types@https://registry.npmjs.org/mime-types/-/mime-types-2.1.35.tgz 0ms (cache hit)
681 http cache type-is@https://registry.npmjs.org/type-is/-/type-is-1.6.18.tgz 0ms (cache hit)
682 silly tarball no local data for ieee754@https://registry.npmjs.org/ieee754/-/ieee754-1.2.1.tgz. Extracting by manifest.
683 silly tarball no local data for buffer@https://registry.npmjs.org/buffer/-/buffer-5.7.1.tgz. Extracting by manifest.
684 silly tarball no local data for tar-stream@https://registry.npmjs.org/tar-stream/-/tar-stream-2.2.0.tgz. Extracting by manifest.
685 silly tarball no local data for bl@https://registry.npmjs.org/bl/-/bl-4.1.0.tgz. Extracting by manifest.
686 silly tarball no local data for fs-constants@https://registry.npmjs.org/fs-constants/-/fs-constants-1.0.0.tgz. Extracting by manifest.
687 silly tarball no local data for mimic-response@https://registry.npmjs.org/mimic-response/-/mimic-response-3.1.0.tgz. Extracting by manifest.
688 silly tarball no local data for simple-concat@https://registry.npmjs.org/simple-concat/-/simple-concat-1.0.1.tgz. Extracting by manifest.
689 silly tarball no local data for decompress-response@https://registry.npmjs.org/decompress-response/-/decompress-response-6.0.0.tgz. Extracting by manifest.
690 silly tarball no local data for strip-json-comments@https://registry.npmjs.org/strip-json-comments/-/strip-json-comments-2.0.1.tgz. Extracting by manifest.
691 silly tarball no local data for deep-extend@https://registry.npmjs.org/deep-extend/-/deep-extend-0.6.0.tgz. Extracting by manifest.
692 silly tarball no local data for ini@https://registry.npmjs.org/ini/-/ini-1.3.8.tgz. Extracting by manifest.
693 silly tarball no local data for end-of-stream@https://registry.npmjs.org/end-of-stream/-/end-of-stream-1.4.5.tgz. Extracting by manifest.
694 silly tarball no local data for tunnel-agent@https://registry.npmjs.org/tunnel-agent/-/tunnel-agent-0.6.0.tgz. Extracting by manifest.
695 silly tarball no local data for tar-fs@https://registry.npmjs.org/tar-fs/-/tar-fs-2.1.4.tgz. Extracting by manifest.
696 silly tarball no local data for simple-get@https://registry.npmjs.org/simple-get/-/simple-get-4.0.1.tgz. Extracting by manifest.
697 silly tarball no local data for pump@https://registry.npmjs.org/pump/-/pump-3.0.4.tgz. Extracting by manifest.
698 silly tarball no local data for rc@https://registry.npmjs.org/rc/-/rc-1.2.8.tgz. Extracting by manifest.
699 silly tarball no local data for node-abi@https://registry.npmjs.org/node-abi/-/node-abi-3.89.0.tgz. Extracting by manifest.
700 silly tarball no local data for napi-build-utils@https://registry.npmjs.org/napi-build-utils/-/napi-build-utils-2.0.0.tgz. Extracting by manifest.
701 silly tarball no local data for mkdirp-classic@https://registry.npmjs.org/mkdirp-classic/-/mkdirp-classic-0.5.3.tgz. Extracting by manifest.
702 silly tarball no local data for github-from-package@https://registry.npmjs.org/github-from-package/-/github-from-package-0.0.0.tgz. Extracting by manifest.
703 silly tarball no local data for expand-template@https://registry.npmjs.org/expand-template/-/expand-template-2.0.3.tgz. Extracting by manifest.
704 silly tarball no local data for detect-libc@https://registry.npmjs.org/detect-libc/-/detect-libc-2.1.2.tgz. Extracting by manifest.
705 silly tarball no local data for file-uri-to-path@https://registry.npmjs.org/file-uri-to-path/-/file-uri-to-path-1.0.0.tgz. Extracting by manifest.
706 silly tarball no local data for prebuild-install@https://registry.npmjs.org/prebuild-install/-/prebuild-install-7.1.3.tgz. Extracting by manifest.
707 silly tarball no local data for bindings@https://registry.npmjs.org/bindings/-/bindings-1.5.0.tgz. Extracting by manifest.
708 silly tarball no local data for ecdsa-sig-formatter@https://registry.npmjs.org/ecdsa-sig-formatter/-/ecdsa-sig-formatter-1.0.11.tgz. Extracting by manifest.
709 silly tarball no local data for buffer-equal-constant-time@https://registry.npmjs.org/buffer-equal-constant-time/-/buffer-equal-constant-time-1.0.1.tgz. Extracting by manifest.
710 silly tarball no local data for jwa@https://registry.npmjs.org/jwa/-/jwa-2.0.1.tgz. Extracting by manifest.
711 silly tarball no local data for lodash.once@https://registry.npmjs.org/lodash.once/-/lodash.once-4.1.1.tgz. Extracting by manifest.
712 silly tarball no local data for lodash.isstring@https://registry.npmjs.org/lodash.isstring/-/lodash.isstring-4.0.1.tgz. Extracting by manifest.
713 silly tarball no local data for lodash.isplainobject@https://registry.npmjs.org/lodash.isplainobject/-/lodash.isplainobject-4.0.6.tgz. Extracting by manifest.
714 silly tarball no local data for lodash.isinteger@https://registry.npmjs.org/lodash.isinteger/-/lodash.isinteger-4.0.4.tgz. Extracting by manifest.
715 silly tarball no local data for lodash.isnumber@https://registry.npmjs.org/lodash.isnumber/-/lodash.isnumber-3.0.3.tgz. Extracting by manifest.
716 silly tarball no local data for lodash.isboolean@https://registry.npmjs.org/lodash.isboolean/-/lodash.isboolean-3.0.3.tgz. Extracting by manifest.
717 silly tarball no local data for jws@https://registry.npmjs.org/jws/-/jws-4.0.1.tgz. Extracting by manifest.
718 silly tarball no local data for lodash.includes@https://registry.npmjs.org/lodash.includes/-/lodash.includes-4.3.0.tgz. Extracting by manifest.
719 silly tarball no local data for node-gyp-build@https://registry.npmjs.org/node-gyp-build/-/node-gyp-build-4.8.4.tgz. Extracting by manifest.
720 silly tarball no local data for node-addon-api@https://registry.npmjs.org/node-addon-api/-/node-addon-api-8.7.0.tgz. Extracting by manifest.
721 silly tarball no local data for sqlite3@https://registry.npmjs.org/sqlite3/-/sqlite3-6.0.1.tgz. Extracting by manifest.
722 silly tarball no local data for jsonwebtoken@https://registry.npmjs.org/jsonwebtoken/-/jsonwebtoken-9.0.3.tgz. Extracting by manifest.
723 silly tarball no local data for bcrypt@https://registry.npmjs.org/bcrypt/-/bcrypt-6.0.0.tgz. Extracting by manifest.
724 silly tarball no local data for chownr@https://registry.npmjs.org/chownr/-/chownr-1.1.4.tgz. Extracting by manifest.
725 http fetch POST 200 https://registry.npmjs.org/-/npm/v1/security/advisories/bulk 406ms
726 silly audit report {}
727 http fetch GET 200 https://registry.npmjs.org/mimic-response/-/mimic-response-3.1.0.tgz 438ms (cache miss)
728 http fetch GET 200 https://registry.npmjs.org/ieee754/-/ieee754-1.2.1.tgz 445ms (cache miss)
729 http fetch GET 200 https://registry.npmjs.org/fs-constants/-/fs-constants-1.0.0.tgz 442ms (cache miss)
730 http fetch GET 200 https://registry.npmjs.org/tar-stream/-/tar-stream-2.2.0.tgz 457ms (cache miss)
731 http fetch GET 200 https://registry.npmjs.org/buffer/-/buffer-5.7.1.tgz 474ms (cache miss)
732 http fetch GET 200 https://registry.npmjs.org/bl/-/bl-4.1.0.tgz 492ms (cache miss)
733 http fetch GET 200 https://registry.npmjs.org/simple-get/-/simple-get-4.0.1.tgz 508ms (cache miss)
734 http fetch GET 200 https://registry.npmjs.org/mkdirp-classic/-/mkdirp-classic-0.5.3.tgz 506ms (cache miss)
735 http fetch GET 200 https://registry.npmjs.org/github-from-package/-/github-from-package-0.0.0.tgz 506ms (cache miss)
736 http fetch GET 200 https://registry.npmjs.org/pump/-/pump-3.0.4.tgz 514ms (cache miss)
737 http fetch GET 200 https://registry.npmjs.org/node-abi/-/node-abi-3.89.0.tgz 513ms (cache miss)
738 http fetch GET 200 https://registry.npmjs.org/napi-build-utils/-/napi-build-utils-2.0.0.tgz 519ms (cache miss)
739 http fetch GET 200 https://registry.npmjs.org/rc/-/rc-1.2.8.tgz 555ms (cache miss)
740 http fetch GET 200 https://registry.npmjs.org/detect-libc/-/detect-libc-2.1.2.tgz 595ms (cache miss)
741 http fetch GET 200 https://registry.npmjs.org/prebuild-install/-/prebuild-install-7.1.3.tgz 591ms (cache miss)
742 http fetch GET 200 https://registry.npmjs.org/bindings/-/bindings-1.5.0.tgz 591ms (cache miss)
743 http fetch GET 200 https://registry.npmjs.org/expand-template/-/expand-template-2.0.3.tgz 599ms (cache miss)
744 http fetch GET 200 https://registry.npmjs.org/buffer-equal-constant-time/-/buffer-equal-constant-time-1.0.1.tgz 593ms (cache miss)
745 http fetch GET 200 https://registry.npmjs.org/file-uri-to-path/-/file-uri-to-path-1.0.0.tgz 601ms (cache miss)
746 http fetch GET 200 https://registry.npmjs.org/ecdsa-sig-formatter/-/ecdsa-sig-formatter-1.0.11.tgz 606ms (cache miss)
747 warn deprecated prebuild-install@7.1.3: No longer maintained. Please contact the author of the relevant native addon; alternatives are available.
748 http fetch GET 200 https://registry.npmjs.org/simple-concat/-/simple-concat-1.0.1.tgz 725ms (cache miss)
749 http fetch GET 200 https://registry.npmjs.org/deep-extend/-/deep-extend-0.6.0.tgz 726ms (cache miss)
750 http fetch GET 200 https://registry.npmjs.org/decompress-response/-/decompress-response-6.0.0.tgz 728ms (cache miss)
751 http fetch GET 200 https://registry.npmjs.org/strip-json-comments/-/strip-json-comments-2.0.1.tgz 729ms (cache miss)
752 http fetch GET 200 https://registry.npmjs.org/end-of-stream/-/end-of-stream-1.4.5.tgz 728ms (cache miss)
753 http fetch GET 200 https://registry.npmjs.org/lodash.isplainobject/-/lodash.isplainobject-4.0.6.tgz 709ms (cache miss)
754 http fetch GET 200 https://registry.npmjs.org/jwa/-/jwa-2.0.1.tgz 711ms (cache miss)
755 http fetch GET 200 https://registry.npmjs.org/lodash.once/-/lodash.once-4.1.1.tgz 711ms (cache miss)
756 http fetch GET 200 https://registry.npmjs.org/lodash.isinteger/-/lodash.isinteger-4.0.4.tgz 709ms (cache miss)
757 http fetch GET 200 https://registry.npmjs.org/lodash.isboolean/-/lodash.isboolean-3.0.3.tgz 711ms (cache miss)
758 http fetch GET 200 https://registry.npmjs.org/lodash.isnumber/-/lodash.isnumber-3.0.3.tgz 712ms (cache miss)
759 http fetch GET 200 https://registry.npmjs.org/tunnel-agent/-/tunnel-agent-0.6.0.tgz 735ms (cache miss)
760 http fetch GET 200 https://registry.npmjs.org/ini/-/ini-1.3.8.tgz 737ms (cache miss)
761 http fetch GET 200 https://registry.npmjs.org/lodash.isstring/-/lodash.isstring-4.0.1.tgz 718ms (cache miss)
762 http fetch GET 200 https://registry.npmjs.org/tar-fs/-/tar-fs-2.1.4.tgz 788ms (cache miss)
763 http fetch GET 200 https://registry.npmjs.org/jws/-/jws-4.0.1.tgz 824ms (cache miss)
764 http fetch GET 200 https://registry.npmjs.org/chownr/-/chownr-1.1.4.tgz 828ms (cache miss)
765 http fetch GET 200 https://registry.npmjs.org/lodash.includes/-/lodash.includes-4.3.0.tgz 834ms (cache miss)
766 http fetch GET 200 https://registry.npmjs.org/node-gyp-build/-/node-gyp-build-4.8.4.tgz 835ms (cache miss)
767 http fetch GET 200 https://registry.npmjs.org/jsonwebtoken/-/jsonwebtoken-9.0.3.tgz 870ms (cache miss)
768 http fetch GET 200 https://registry.npmjs.org/node-addon-api/-/node-addon-api-8.7.0.tgz 886ms (cache miss)
769 http fetch GET 200 https://registry.npmjs.org/bcrypt/-/bcrypt-6.0.0.tgz 1140ms (cache miss)
770 http fetch GET 200 https://registry.npmjs.org/sqlite3/-/sqlite3-6.0.1.tgz 1996ms (cache miss)
771 info run bcrypt@6.0.0 install node_modules/bcrypt node-gyp-build
772 info run sqlite3@6.0.1 install node_modules/sqlite3 prebuild-install -r napi || node-gyp rebuild
773 info run sqlite3@6.0.1 install { code: 1, signal: null }
774 info run bcrypt@6.0.0 install { code: 1, signal: null }
775 verbose stack Error: command failed
775 verbose stack     at promiseSpawn (/data/data/com.termux/files/usr/lib/node_modules/npm/node_modules/@npmcli/promise-spawn/lib/index.js:22:22)
775 verbose stack     at spawnWithShell (/data/data/com.termux/files/usr/lib/node_modules/npm/node_modules/@npmcli/promise-spawn/lib/index.js:124:10)
775 verbose stack     at promiseSpawn (/data/data/com.termux/files/usr/lib/node_modules/npm/node_modules/@npmcli/promise-spawn/lib/index.js:12:12)
775 verbose stack     at runScriptPkg (/data/data/com.termux/files/usr/lib/node_modules/npm/node_modules/@npmcli/run-script/lib/run-script-pkg.js:79:13)
775 verbose stack     at runScript (/data/data/com.termux/files/usr/lib/node_modules/npm/node_modules/@npmcli/run-script/lib/run-script.js:9:12)
775 verbose stack     at /data/data/com.termux/files/usr/lib/node_modules/npm/node_modules/@npmcli/arborist/lib/arborist/rebuild.js:328:17
775 verbose stack     at run (/data/data/com.termux/files/usr/lib/node_modules/npm/node_modules/promise-call-limit/dist/commonjs/index.js:67:22)
775 verbose stack     at /data/data/com.termux/files/usr/lib/node_modules/npm/node_modules/promise-call-limit/dist/commonjs/index.js:84:9
775 verbose stack     at new Promise (<anonymous>)
775 verbose stack     at callLimit (/data/data/com.termux/files/usr/lib/node_modules/npm/node_modules/promise-call-limit/dist/commonjs/index.js:35:69)
776 verbose pkgid sqlite3@6.0.1
777 error code 1
778 error path /data/data/com.termux/files/home/kurd_chat/node_modules/sqlite3
779 error command failed
780 error command sh -c prebuild-install -r napi || node-gyp rebuild
781 error prebuild-install warn install No prebuilt binaries found (target=6 runtime=napi arch=arm64 libc= platform=android)
781 error gyp info it worked if it ends with ok
781 error gyp info using node-gyp@12.2.0
781 error gyp info using node@25.8.2 | android | arm64
781 error gyp info find Python using Python version 3.13.12 found at "/data/data/com.termux/files/usr/bin/python3"
781 error gyp http GET https://nodejs.org/download/release/v25.8.2/node-v25.8.2-headers.tar.gz
781 error gyp http 200 https://nodejs.org/download/release/v25.8.2/node-v25.8.2-headers.tar.gz
781 error gyp http GET https://nodejs.org/download/release/v25.8.2/SHASUMS256.txt
781 error gyp http 200 https://nodejs.org/download/release/v25.8.2/SHASUMS256.txt
781 error gyp info spawn /data/data/com.termux/files/usr/bin/python3
781 error gyp info spawn args [
781 error gyp info spawn args '/data/data/com.termux/files/home/kurd_chat/node_modules/node-gyp/gyp/gyp_main.py',
781 error gyp info spawn args 'binding.gyp',
781 error gyp info spawn args '-f',
781 error gyp info spawn args 'make',
781 error gyp info spawn args '-I',
781 error gyp info spawn args '/data/data/com.termux/files/home/kurd_chat/node_modules/sqlite3/build/config.gypi',
781 error gyp info spawn args '-I',
781 error gyp info spawn args '/data/data/com.termux/files/home/kurd_chat/node_modules/node-gyp/addon.gypi',
781 error gyp info spawn args '-I',
781 error gyp info spawn args '/data/data/com.termux/files/home/.cache/node-gyp/25.8.2/include/node/common.gypi',
781 error gyp info spawn args '-Dlibrary=shared_library',
781 error gyp info spawn args '-Dvisibility=default',
781 error gyp info spawn args '-Dnode_root_dir=/data/data/com.termux/files/home/.cache/node-gyp/25.8.2',
781 error gyp info spawn args '-Dnode_gyp_dir=/data/data/com.termux/files/home/kurd_chat/node_modules/node-gyp',
781 error gyp info spawn args '-Dnode_lib_file=/data/data/com.termux/files/home/.cache/node-gyp/25.8.2/<(target_arch)/node.lib',
781 error gyp info spawn args '-Dmodule_root_dir=/data/data/com.termux/files/home/kurd_chat/node_modules/sqlite3',
781 error gyp info spawn args '-Dnode_engine=v8',
781 error gyp info spawn args '--depth=.',
781 error gyp info spawn args '--no-parallel',
781 error gyp info spawn args '--generator-output',
781 error gyp info spawn args 'build',
781 error gyp info spawn args '-Goutput_dir=.'
781 error gyp info spawn args ]
781 error gyp: Undefined variable android_ndk_path in binding.gyp while trying to load binding.gyp
781 error gyp ERR! configure error 
781 error gyp ERR! stack Error: `gyp` failed with exit code: 1
781 error gyp ERR! stack at ChildProcess.<anonymous> (/data/data/com.termux/files/home/kurd_chat/node_modules/node-gyp/lib/configure.js:317:18)
781 error gyp ERR! stack at ChildProcess.emit (node:events:508:20)
781 error gyp ERR! stack at ChildProcess._handle.onexit (node:internal/child_process:294:12)
781 error gyp ERR! System Linux 6.1.115-android14-11-ga2521ca27699-ab13294383
781 error gyp ERR! command "/data/data/com.termux/files/usr/bin/node" "/data/data/com.termux/files/home/kurd_chat/node_modules/.bin/node-gyp" "rebuild"
781 error gyp ERR! cwd /data/data/com.termux/files/home/kurd_chat/node_modules/sqlite3
781 error gyp ERR! node -v v25.8.2
781 error gyp ERR! node-gyp -v v12.2.0
781 error gyp ERR! $npm_package_name sqlite3
781 error gyp ERR! $npm_package_version 6.0.1
781 error gyp ERR! not ok
782 silly unfinished npm timer reify 1775185726988
783 silly unfinished npm timer reify:build 1775185739261
784 silly unfinished npm timer build 1775185739262
785 silly unfinished npm timer build:deps 1775185739263
786 silly unfinished npm timer build:run:install 1775185739279
787 silly unfinished npm timer build:run:install:node_modules/bcrypt 1775185739280
788 silly unfinished npm timer build:run:install:node_modules/sqlite3 1775185739313
789 verbose cwd /data/data/com.termux/files/home/kurd_chat
790 verbose os Linux 6.1.115-android14-11-ga2521ca27699-ab13294383
791 verbose node v25.8.2
792 verbose npm  v11.12.1
793 verbose exit 1
794 verbose code 1
795 error A complete log of this run can be found in: /data/data/com.termux/files/home/.npm/_logs/2026-04-03T03_08_46_151Z-debug-0.log
