0 verbose cli /data/data/com.termux/files/usr/bin/node /data/data/com.termux/files/usr/bin/npm
1 info using npm@11.12.1
2 info using node@v25.8.2
3 silly config load:file:/data/data/com.termux/files/usr/lib/node_modules/npm/npmrc
4 silly config load:file:/data/data/com.termux/files/home/.npmrc
5 silly config load:file:/data/data/com.termux/files/usr/etc/npmrc
6 verbose title npm install ngrok
7 verbose argv "install" "--global" "ngrok"
8 verbose logfile logs-max:10 dir:/data/data/com.termux/files/home/.npm/_logs/2026-04-15T16_22_44_806Z-
9 verbose logfile /data/data/com.termux/files/home/.npm/_logs/2026-04-15T16_22_44_806Z-debug-0.log
10 silly packumentCache heap:1174405120 maxSize:293601280 maxEntrySize:146800640
11 silly logfile start cleaning logs, removing 1 files
12 silly logfile done cleaning log files
13 silly idealTree buildDeps
14 silly fetch manifest ngrok@*
15 silly packumentCache full:https://registry.npmjs.org/ngrok cache-miss
16 http fetch GET 200 https://registry.npmjs.org/ngrok 1682ms (cache miss)
17 silly packumentCache full:https://registry.npmjs.org/ngrok set size:undefined disposed:false
18 silly placeDep ROOT ngrok@5.0.0-beta.2 OK for:  want: *
19 silly fetch manifest got@^11.8.5
20 silly packumentCache full:https://registry.npmjs.org/got cache-miss
21 silly fetch manifest uuid@^7.0.0 || ^8.0.0
22 silly packumentCache full:https://registry.npmjs.org/uuid cache-miss
23 silly fetch manifest yaml@^2.2.2
24 silly packumentCache full:https://registry.npmjs.org/yaml cache-miss
25 silly fetch manifest extract-zip@^2.0.1
26 silly packumentCache full:https://registry.npmjs.org/extract-zip cache-miss
27 silly fetch manifest lodash.clonedeep@^4.5.0
28 silly packumentCache full:https://registry.npmjs.org/lodash.clonedeep cache-miss
29 silly fetch manifest hpagent@^0.1.2
30 silly packumentCache full:https://registry.npmjs.org/hpagent cache-miss
31 http fetch GET 200 https://registry.npmjs.org/yaml 341ms (cache miss)
32 silly packumentCache full:https://registry.npmjs.org/yaml set size:undefined disposed:false
33 http fetch GET 200 https://registry.npmjs.org/uuid 507ms (cache miss)
34 silly packumentCache full:https://registry.npmjs.org/uuid set size:undefined disposed:false
35 http fetch GET 200 https://registry.npmjs.org/lodash.clonedeep 522ms (cache miss)
36 silly packumentCache full:https://registry.npmjs.org/lodash.clonedeep set size:undefined disposed:false
37 http fetch GET 200 https://registry.npmjs.org/got 551ms (cache miss)
38 silly packumentCache full:https://registry.npmjs.org/got set size:undefined disposed:false
39 http fetch GET 200 https://registry.npmjs.org/hpagent 935ms (cache miss)
40 silly packumentCache full:https://registry.npmjs.org/hpagent set size:undefined disposed:false
41 http fetch GET 200 https://registry.npmjs.org/extract-zip 946ms (cache miss)
42 silly packumentCache full:https://registry.npmjs.org/extract-zip set size:undefined disposed:false
43 silly placeDep node_modules/ngrok extract-zip@2.0.1 OK for: ngrok@5.0.0-beta.2 want: ^2.0.1
44 silly placeDep node_modules/ngrok got@11.8.6 OK for: ngrok@5.0.0-beta.2 want: ^11.8.5
45 silly placeDep node_modules/ngrok hpagent@0.1.2 OK for: ngrok@5.0.0-beta.2 want: ^0.1.2
46 silly placeDep node_modules/ngrok lodash.clonedeep@4.5.0 OK for: ngrok@5.0.0-beta.2 want: ^4.5.0
47 silly placeDep node_modules/ngrok uuid@8.3.2 OK for: ngrok@5.0.0-beta.2 want: ^7.0.0 || ^8.0.0
48 silly placeDep node_modules/ngrok yaml@2.8.3 OK for: ngrok@5.0.0-beta.2 want: ^2.2.2
49 silly fetch manifest debug@^4.1.1
50 silly packumentCache full:https://registry.npmjs.org/debug cache-miss
51 silly fetch manifest get-stream@^5.1.0
52 silly packumentCache full:https://registry.npmjs.org/get-stream cache-miss
53 silly fetch manifest yauzl@^2.10.0
54 silly packumentCache full:https://registry.npmjs.org/yauzl cache-miss
55 silly fetch manifest @types/yauzl@^2.9.1
56 silly packumentCache full:https://registry.npmjs.org/@types%2fyauzl cache-miss
57 silly fetch manifest p-cancelable@^2.0.0
58 silly packumentCache full:https://registry.npmjs.org/p-cancelable cache-miss
59 silly fetch manifest responselike@^2.0.0
60 silly packumentCache full:https://registry.npmjs.org/responselike cache-miss
61 silly fetch manifest http2-wrapper@^1.0.0-beta.5.2
62 silly packumentCache full:https://registry.npmjs.org/http2-wrapper cache-miss
63 http fetch GET 200 https://registry.npmjs.org/p-cancelable 336ms (cache miss)
64 silly packumentCache full:https://registry.npmjs.org/p-cancelable set size:undefined disposed:false
65 silly fetch manifest lowercase-keys@^2.0.0
66 silly packumentCache full:https://registry.npmjs.org/lowercase-keys cache-miss
67 http fetch GET 200 https://registry.npmjs.org/yauzl 355ms (cache miss)
68 silly packumentCache full:https://registry.npmjs.org/yauzl set size:undefined disposed:false
69 silly fetch manifest @sindresorhus/is@^4.0.0
70 silly packumentCache full:https://registry.npmjs.org/@sindresorhus%2fis cache-miss
71 http fetch GET 200 https://registry.npmjs.org/debug 362ms (cache revalidated)
72 silly packumentCache full:https://registry.npmjs.org/debug set size:195840 disposed:false
73 silly fetch manifest cacheable-lookup@^5.0.3
74 silly packumentCache full:https://registry.npmjs.org/cacheable-lookup cache-miss
75 http fetch GET 200 https://registry.npmjs.org/responselike 375ms (cache miss)
76 silly packumentCache full:https://registry.npmjs.org/responselike set size:undefined disposed:false
77 silly fetch manifest cacheable-request@^7.0.2
78 silly packumentCache full:https://registry.npmjs.org/cacheable-request cache-miss
79 http fetch GET 200 https://registry.npmjs.org/http2-wrapper 378ms (cache miss)
80 silly packumentCache full:https://registry.npmjs.org/http2-wrapper set size:undefined disposed:false
81 silly fetch manifest @types/responselike@^1.0.0
82 silly packumentCache full:https://registry.npmjs.org/@types%2fresponselike cache-miss
83 http fetch GET 200 https://registry.npmjs.org/get-stream 442ms (cache revalidated)
84 silly packumentCache full:https://registry.npmjs.org/get-stream set size:57536 disposed:false
85 silly fetch manifest decompress-response@^6.0.0
86 silly packumentCache full:https://registry.npmjs.org/decompress-response cache-miss
87 http fetch GET 200 https://registry.npmjs.org/lowercase-keys 302ms (cache miss)
88 silly packumentCache full:https://registry.npmjs.org/lowercase-keys set size:undefined disposed:false
89 silly fetch manifest @szmarczak/http-timer@^4.0.5
90 silly packumentCache full:https://registry.npmjs.org/@szmarczak%2fhttp-timer cache-miss
91 http fetch GET 200 https://registry.npmjs.org/cacheable-request 327ms (cache miss)
92 silly packumentCache full:https://registry.npmjs.org/cacheable-request set size:undefined disposed:false
93 silly fetch manifest @types/cacheable-request@^6.0.1
94 silly packumentCache full:https://registry.npmjs.org/@types%2fcacheable-request cache-miss
95 http fetch GET 200 https://registry.npmjs.org/@types%2fyauzl 996ms (cache miss)
96 silly packumentCache full:https://registry.npmjs.org/@types%2fyauzl set size:undefined disposed:false
97 http fetch GET 200 https://registry.npmjs.org/cacheable-lookup 778ms (cache miss)
98 silly packumentCache full:https://registry.npmjs.org/cacheable-lookup set size:undefined disposed:false
99 http fetch GET 200 https://registry.npmjs.org/decompress-response 723ms (cache revalidated)
100 silly packumentCache full:https://registry.npmjs.org/decompress-response set size:36213 disposed:false
101 http fetch GET 200 https://registry.npmjs.org/@szmarczak%2fhttp-timer 604ms (cache miss)
102 silly packumentCache full:https://registry.npmjs.org/@szmarczak%2fhttp-timer set size:undefined disposed:false
103 http fetch GET 200 https://registry.npmjs.org/@types%2fresponselike 1022ms (cache miss)
104 silly packumentCache full:https://registry.npmjs.org/@types%2fresponselike set size:undefined disposed:false
105 http fetch GET 200 https://registry.npmjs.org/@types%2fcacheable-request 1005ms (cache miss)
106 silly packumentCache full:https://registry.npmjs.org/@types%2fcacheable-request set size:undefined disposed:false
107 http fetch GET 200 https://registry.npmjs.org/@sindresorhus%2fis 1542ms (cache miss)
108 silly packumentCache full:https://registry.npmjs.org/@sindresorhus%2fis set size:undefined disposed:false
109 silly placeDep node_modules/ngrok @types/yauzl@2.10.3 OK for: extract-zip@2.0.1 want: ^2.9.1
110 silly placeDep node_modules/ngrok debug@4.4.3 OK for: extract-zip@2.0.1 want: ^4.1.1
111 silly placeDep node_modules/ngrok get-stream@5.2.0 OK for: extract-zip@2.0.1 want: ^5.1.0
112 silly placeDep node_modules/ngrok yauzl@2.10.0 OK for: extract-zip@2.0.1 want: ^2.10.0
113 silly fetch manifest @types/node@*
114 silly packumentCache full:https://registry.npmjs.org/@types%2fnode cache-miss
115 silly fetch manifest ms@^2.1.3
116 silly packumentCache full:https://registry.npmjs.org/ms cache-miss
117 silly fetch manifest pump@^3.0.0
118 silly packumentCache full:https://registry.npmjs.org/pump cache-miss
119 silly fetch manifest fd-slicer@~1.1.0
120 silly packumentCache full:https://registry.npmjs.org/fd-slicer cache-miss
121 silly fetch manifest buffer-crc32@~0.2.3
122 silly packumentCache full:https://registry.npmjs.org/buffer-crc32 cache-miss
123 http fetch GET 200 https://registry.npmjs.org/fd-slicer 301ms (cache miss)
124 silly packumentCache full:https://registry.npmjs.org/fd-slicer set size:undefined disposed:false
125 http fetch GET 200 https://registry.npmjs.org/ms 318ms (cache revalidated)
126 silly packumentCache full:https://registry.npmjs.org/ms set size:92208 disposed:false
127 http fetch GET 200 https://registry.npmjs.org/buffer-crc32 325ms (cache miss)
128 silly packumentCache full:https://registry.npmjs.org/buffer-crc32 set size:undefined disposed:false
129 http fetch GET 200 https://registry.npmjs.org/pump 763ms (cache revalidated)
130 silly packumentCache full:https://registry.npmjs.org/pump set size:41178 disposed:false
131 http fetch GET 200 https://registry.npmjs.org/@types%2fnode 1615ms (cache updated)
132 silly packumentCache full:https://registry.npmjs.org/@types%2fnode set size:undefined disposed:false
133 silly placeDep node_modules/ngrok @types/node@25.6.0 OK for: @types/yauzl@2.10.3 want: *
134 silly fetch manifest undici-types@~7.19.0
135 silly packumentCache full:https://registry.npmjs.org/undici-types cache-miss
136 http fetch GET 200 https://registry.npmjs.org/undici-types 293ms (cache updated)
137 silly packumentCache full:https://registry.npmjs.org/undici-types set size:undefined disposed:false
138 silly placeDep node_modules/ngrok undici-types@7.19.2 OK for: @types/node@25.6.0 want: ~7.19.0
139 silly placeDep node_modules/ngrok ms@2.1.3 OK for: debug@4.4.3 want: ^2.1.3
140 silly placeDep node_modules/ngrok pump@3.0.4 OK for: get-stream@5.2.0 want: ^3.0.0
141 silly fetch manifest end-of-stream@^1.1.0
142 silly packumentCache full:https://registry.npmjs.org/end-of-stream cache-miss
143 silly fetch manifest once@^1.3.1
144 silly packumentCache full:https://registry.npmjs.org/once cache-miss
145 http fetch GET 200 https://registry.npmjs.org/once 92ms (cache revalidated)
146 silly packumentCache full:https://registry.npmjs.org/once set size:11752 disposed:false
147 http fetch GET 200 https://registry.npmjs.org/end-of-stream 313ms (cache revalidated)
148 silly packumentCache full:https://registry.npmjs.org/end-of-stream set size:27842 disposed:false
149 silly placeDep node_modules/ngrok @sindresorhus/is@4.6.0 OK for: got@11.8.6 want: ^4.0.0
150 silly placeDep node_modules/ngrok @szmarczak/http-timer@4.0.6 OK for: got@11.8.6 want: ^4.0.5
151 silly placeDep node_modules/ngrok @types/cacheable-request@6.0.3 OK for: got@11.8.6 want: ^6.0.1
152 silly placeDep node_modules/ngrok @types/responselike@1.0.3 OK for: got@11.8.6 want: ^1.0.0
153 silly placeDep node_modules/ngrok cacheable-lookup@5.0.4 OK for: got@11.8.6 want: ^5.0.3
154 silly placeDep node_modules/ngrok cacheable-request@7.0.4 OK for: got@11.8.6 want: ^7.0.2
155 silly placeDep node_modules/ngrok decompress-response@6.0.0 OK for: got@11.8.6 want: ^6.0.0
156 silly placeDep node_modules/ngrok http2-wrapper@1.0.3 OK for: got@11.8.6 want: ^1.0.0-beta.5.2
157 silly placeDep node_modules/ngrok lowercase-keys@2.0.0 OK for: got@11.8.6 want: ^2.0.0
158 silly placeDep node_modules/ngrok p-cancelable@2.1.1 OK for: got@11.8.6 want: ^2.0.0
159 silly placeDep node_modules/ngrok responselike@2.0.1 OK for: got@11.8.6 want: ^2.0.0
160 silly fetch manifest defer-to-connect@^2.0.0
161 silly packumentCache full:https://registry.npmjs.org/defer-to-connect cache-miss
162 silly fetch manifest @types/keyv@^3.1.4
163 silly packumentCache full:https://registry.npmjs.org/@types%2fkeyv cache-miss
164 silly fetch manifest @types/http-cache-semantics@*
165 silly packumentCache full:https://registry.npmjs.org/@types%2fhttp-cache-semantics cache-miss
166 silly fetch manifest keyv@^4.0.0
167 silly packumentCache full:https://registry.npmjs.org/keyv cache-miss
168 silly fetch manifest normalize-url@^6.0.1
169 silly packumentCache full:https://registry.npmjs.org/normalize-url cache-miss
170 silly fetch manifest clone-response@^1.0.2
171 silly packumentCache full:https://registry.npmjs.org/clone-response cache-miss
172 silly fetch manifest http-cache-semantics@^4.0.0
173 silly packumentCache full:https://registry.npmjs.org/http-cache-semantics cache-miss
174 http fetch GET 200 https://registry.npmjs.org/http-cache-semantics 302ms (cache revalidated)
175 silly packumentCache full:https://registry.npmjs.org/http-cache-semantics set size:66288 disposed:false
176 silly fetch manifest mimic-response@^3.1.0
177 silly packumentCache full:https://registry.npmjs.org/mimic-response cache-miss
178 http fetch GET 200 https://registry.npmjs.org/clone-response 320ms (cache miss)
179 silly packumentCache full:https://registry.npmjs.org/clone-response set size:undefined disposed:false
180 silly fetch manifest quick-lru@^5.1.1
181 silly packumentCache full:https://registry.npmjs.org/quick-lru cache-miss
182 http fetch GET 200 https://registry.npmjs.org/defer-to-connect 335ms (cache miss)
183 silly packumentCache full:https://registry.npmjs.org/defer-to-connect set size:undefined disposed:false
184 silly fetch manifest resolve-alpn@^1.0.0
185 silly packumentCache full:https://registry.npmjs.org/resolve-alpn cache-miss
186 http fetch GET 200 https://registry.npmjs.org/keyv 343ms (cache miss)
187 silly packumentCache full:https://registry.npmjs.org/keyv set size:undefined disposed:false
188 http fetch GET 200 https://registry.npmjs.org/mimic-response 294ms (cache revalidated)
189 silly packumentCache full:https://registry.npmjs.org/mimic-response set size:20174 disposed:false
190 http fetch GET 200 https://registry.npmjs.org/resolve-alpn 287ms (cache miss)
191 silly packumentCache full:https://registry.npmjs.org/resolve-alpn set size:undefined disposed:false
192 http fetch GET 200 https://registry.npmjs.org/normalize-url 751ms (cache miss)
193 silly packumentCache full:https://registry.npmjs.org/normalize-url set size:undefined disposed:false
194 http fetch GET 200 https://registry.npmjs.org/@types%2fhttp-cache-semantics 985ms (cache miss)
195 silly packumentCache full:https://registry.npmjs.org/@types%2fhttp-cache-semantics set size:undefined disposed:false
196 http fetch GET 200 https://registry.npmjs.org/@types%2fkeyv 1041ms (cache miss)
197 silly packumentCache full:https://registry.npmjs.org/@types%2fkeyv set size:undefined disposed:false
198 http fetch GET 200 https://registry.npmjs.org/quick-lru 769ms (cache miss)
199 silly packumentCache full:https://registry.npmjs.org/quick-lru set size:undefined disposed:false
200 silly placeDep node_modules/ngrok defer-to-connect@2.0.1 OK for: @szmarczak/http-timer@4.0.6 want: ^2.0.0
201 silly placeDep node_modules/ngrok @types/http-cache-semantics@4.2.0 OK for: @types/cacheable-request@6.0.3 want: *
202 silly placeDep node_modules/ngrok @types/keyv@3.1.4 OK for: @types/cacheable-request@6.0.3 want: ^3.1.4
203 silly placeDep node_modules/ngrok clone-response@1.0.3 OK for: cacheable-request@7.0.4 want: ^1.0.2
204 silly placeDep node_modules/ngrok http-cache-semantics@4.2.0 OK for: cacheable-request@7.0.4 want: ^4.0.0
205 silly placeDep node_modules/ngrok keyv@4.5.4 OK for: cacheable-request@7.0.4 want: ^4.0.0
206 silly placeDep node_modules/ngrok normalize-url@6.1.0 OK for: cacheable-request@7.0.4 want: ^6.0.1
207 silly fetch manifest mimic-response@^1.0.0
208 silly packumentCache full:https://registry.npmjs.org/mimic-response cache-hit
209 silly fetch manifest json-buffer@3.0.1
210 silly packumentCache full:https://registry.npmjs.org/json-buffer cache-miss
211 http fetch GET 200 https://registry.npmjs.org/json-buffer 750ms (cache miss)
212 silly packumentCache full:https://registry.npmjs.org/json-buffer set size:undefined disposed:false
213 silly placeDep node_modules/ngrok mimic-response@1.0.1 OK for: clone-response@1.0.3 want: ^1.0.0
214 silly placeDep node_modules/ngrok/node_modules/decompress-response mimic-response@3.1.0 OK for: decompress-response@6.0.0 want: ^3.1.0
215 silly placeDep node_modules/ngrok quick-lru@5.1.1 OK for: http2-wrapper@1.0.3 want: ^5.1.1
216 silly placeDep node_modules/ngrok resolve-alpn@1.2.1 OK for: http2-wrapper@1.0.3 want: ^1.0.0
217 silly placeDep node_modules/ngrok json-buffer@3.0.1 OK for: keyv@4.5.4 want: 3.0.1
218 silly placeDep node_modules/ngrok end-of-stream@1.4.5 OK for: pump@3.0.4 want: ^1.1.0
219 silly placeDep node_modules/ngrok once@1.4.0 OK for: pump@3.0.4 want: ^1.3.1
220 silly fetch manifest once@^1.4.0
221 silly packumentCache full:https://registry.npmjs.org/once cache-hit
222 silly fetch manifest wrappy@1
223 silly packumentCache full:https://registry.npmjs.org/wrappy cache-miss
224 http fetch GET 200 https://registry.npmjs.org/wrappy 321ms (cache revalidated)
225 silly packumentCache full:https://registry.npmjs.org/wrappy set size:7682 disposed:false
226 silly placeDep node_modules/ngrok wrappy@1.0.2 OK for: once@1.4.0 want: 1
227 silly placeDep node_modules/ngrok buffer-crc32@0.2.13 OK for: yauzl@2.10.0 want: ~0.2.3
228 silly placeDep node_modules/ngrok fd-slicer@1.1.0 OK for: yauzl@2.10.0 want: ~1.1.0
229 silly fetch manifest pend@~1.2.0
230 silly packumentCache full:https://registry.npmjs.org/pend cache-miss
231 http fetch GET 200 https://registry.npmjs.org/pend 339ms (cache miss)
232 silly packumentCache full:https://registry.npmjs.org/pend set size:undefined disposed:false
233 silly placeDep node_modules/ngrok pend@1.2.0 OK for: fd-slicer@1.1.0 want: ~1.2.0
234 silly reify moves {}
235 http cache pend@https://registry.npmjs.org/pend/-/pend-1.2.0.tgz 0ms (cache hit)
236 http cache buffer-crc32@https://registry.npmjs.org/buffer-crc32/-/buffer-crc32-0.2.13.tgz 0ms (cache hit)
237 http cache wrappy@https://registry.npmjs.org/wrappy/-/wrappy-1.0.2.tgz 0ms (cache hit)
238 http cache end-of-stream@https://registry.npmjs.org/end-of-stream/-/end-of-stream-1.4.5.tgz 1ms (cache hit)
239 http cache once@https://registry.npmjs.org/once/-/once-1.4.0.tgz 0ms (cache hit)
240 http cache json-buffer@https://registry.npmjs.org/json-buffer/-/json-buffer-3.0.1.tgz 0ms (cache hit)
241 http cache resolve-alpn@https://registry.npmjs.org/resolve-alpn/-/resolve-alpn-1.2.1.tgz 0ms (cache hit)
242 http cache quick-lru@https://registry.npmjs.org/quick-lru/-/quick-lru-5.1.1.tgz 0ms (cache hit)
243 http cache mimic-response@https://registry.npmjs.org/mimic-response/-/mimic-response-1.0.1.tgz 0ms (cache hit)
244 http cache normalize-url@https://registry.npmjs.org/normalize-url/-/normalize-url-6.1.0.tgz 0ms (cache hit)
245 http cache keyv@https://registry.npmjs.org/keyv/-/keyv-4.5.4.tgz 0ms (cache hit)
246 http cache @types/keyv@https://registry.npmjs.org/@types/keyv/-/keyv-3.1.4.tgz 0ms (cache hit)
247 http cache clone-response@https://registry.npmjs.org/clone-response/-/clone-response-1.0.3.tgz 0ms (cache hit)
248 http cache defer-to-connect@https://registry.npmjs.org/defer-to-connect/-/defer-to-connect-2.0.1.tgz 0ms (cache hit)
249 http cache responselike@https://registry.npmjs.org/responselike/-/responselike-2.0.1.tgz 0ms (cache hit)
250 http cache @types/http-cache-semantics@https://registry.npmjs.org/@types/http-cache-semantics/-/http-cache-semantics-4.2.0.tgz 0ms (cache hit)
251 http cache p-cancelable@https://registry.npmjs.org/p-cancelable/-/p-cancelable-2.1.1.tgz 0ms (cache hit)
252 http cache http-cache-semantics@https://registry.npmjs.org/http-cache-semantics/-/http-cache-semantics-4.2.0.tgz 0ms (cache hit)
253 http cache lowercase-keys@https://registry.npmjs.org/lowercase-keys/-/lowercase-keys-2.0.0.tgz 0ms (cache hit)
254 http cache http2-wrapper@https://registry.npmjs.org/http2-wrapper/-/http2-wrapper-1.0.3.tgz 0ms (cache hit)
255 http cache mimic-response@https://registry.npmjs.org/mimic-response/-/mimic-response-3.1.0.tgz 0ms (cache hit)
256 http cache decompress-response@https://registry.npmjs.org/decompress-response/-/decompress-response-6.0.0.tgz 0ms (cache hit)
257 http cache cacheable-request@https://registry.npmjs.org/cacheable-request/-/cacheable-request-7.0.4.tgz 0ms (cache hit)
258 http cache cacheable-lookup@https://registry.npmjs.org/cacheable-lookup/-/cacheable-lookup-5.0.4.tgz 0ms (cache hit)
259 http cache @types/responselike@https://registry.npmjs.org/@types/responselike/-/responselike-1.0.3.tgz 0ms (cache hit)
260 http cache pump@https://registry.npmjs.org/pump/-/pump-3.0.4.tgz 0ms (cache hit)
261 http cache @sindresorhus/is@https://registry.npmjs.org/@sindresorhus/is/-/is-4.6.0.tgz 0ms (cache hit)
262 http cache ms@https://registry.npmjs.org/ms/-/ms-2.1.3.tgz 0ms (cache hit)
263 http cache undici-types@https://registry.npmjs.org/undici-types/-/undici-types-7.19.2.tgz 0ms (cache hit)
264 http cache yauzl@https://registry.npmjs.org/yauzl/-/yauzl-2.10.0.tgz 0ms (cache hit)
265 http cache get-stream@https://registry.npmjs.org/get-stream/-/get-stream-5.2.0.tgz 0ms (cache hit)
266 http cache debug@https://registry.npmjs.org/debug/-/debug-4.4.3.tgz 0ms (cache hit)
267 http cache @types/yauzl@https://registry.npmjs.org/@types/yauzl/-/yauzl-2.10.3.tgz 0ms (cache hit)
268 http cache lodash.clonedeep@https://registry.npmjs.org/lodash.clonedeep/-/lodash.clonedeep-4.5.0.tgz 0ms (cache hit)
269 http cache hpagent@https://registry.npmjs.org/hpagent/-/hpagent-0.1.2.tgz 0ms (cache hit)
270 http cache got@https://registry.npmjs.org/got/-/got-11.8.6.tgz 0ms (cache hit)
271 http cache yaml@https://registry.npmjs.org/yaml/-/yaml-2.8.3.tgz 0ms (cache hit)
272 http cache uuid@https://registry.npmjs.org/uuid/-/uuid-8.3.2.tgz 0ms (cache hit)
273 http cache extract-zip@https://registry.npmjs.org/extract-zip/-/extract-zip-2.0.1.tgz 0ms (cache hit)
274 http cache @types/node@https://registry.npmjs.org/@types/node/-/node-25.6.0.tgz 0ms (cache hit)
275 http cache fd-slicer@https://registry.npmjs.org/fd-slicer/-/fd-slicer-1.1.0.tgz 0ms (cache hit)
276 http cache ngrok@https://registry.npmjs.org/ngrok/-/ngrok-5.0.0-beta.2.tgz 0ms (cache hit)
277 http cache @szmarczak/http-timer@https://registry.npmjs.org/@szmarczak/http-timer/-/http-timer-4.0.6.tgz 0ms (cache hit)
278 silly tarball no local data for buffer-crc32@https://registry.npmjs.org/buffer-crc32/-/buffer-crc32-0.2.13.tgz. Extracting by manifest.
279 silly tarball no local data for pend@https://registry.npmjs.org/pend/-/pend-1.2.0.tgz. Extracting by manifest.
280 silly tarball no local data for json-buffer@https://registry.npmjs.org/json-buffer/-/json-buffer-3.0.1.tgz. Extracting by manifest.
281 silly tarball no local data for quick-lru@https://registry.npmjs.org/quick-lru/-/quick-lru-5.1.1.tgz. Extracting by manifest.
282 silly tarball no local data for resolve-alpn@https://registry.npmjs.org/resolve-alpn/-/resolve-alpn-1.2.1.tgz. Extracting by manifest.
283 silly tarball no local data for mimic-response@https://registry.npmjs.org/mimic-response/-/mimic-response-1.0.1.tgz. Extracting by manifest.
284 silly tarball no local data for normalize-url@https://registry.npmjs.org/normalize-url/-/normalize-url-6.1.0.tgz. Extracting by manifest.
285 silly tarball no local data for keyv@https://registry.npmjs.org/keyv/-/keyv-4.5.4.tgz. Extracting by manifest.
286 silly tarball no local data for @types/keyv@https://registry.npmjs.org/@types/keyv/-/keyv-3.1.4.tgz. Extracting by manifest.
287 silly tarball no local data for clone-response@https://registry.npmjs.org/clone-response/-/clone-response-1.0.3.tgz. Extracting by manifest.
288 silly tarball no local data for defer-to-connect@https://registry.npmjs.org/defer-to-connect/-/defer-to-connect-2.0.1.tgz. Extracting by manifest.
289 silly tarball no local data for responselike@https://registry.npmjs.org/responselike/-/responselike-2.0.1.tgz. Extracting by manifest.
290 silly tarball no local data for @types/http-cache-semantics@https://registry.npmjs.org/@types/http-cache-semantics/-/http-cache-semantics-4.2.0.tgz. Extracting by manifest.
291 silly tarball no local data for p-cancelable@https://registry.npmjs.org/p-cancelable/-/p-cancelable-2.1.1.tgz. Extracting by manifest.
292 http cache @types/cacheable-request@https://registry.npmjs.org/@types/cacheable-request/-/cacheable-request-6.0.3.tgz 0ms (cache hit)
293 silly tarball no local data for http2-wrapper@https://registry.npmjs.org/http2-wrapper/-/http2-wrapper-1.0.3.tgz. Extracting by manifest.
294 silly tarball no local data for lowercase-keys@https://registry.npmjs.org/lowercase-keys/-/lowercase-keys-2.0.0.tgz. Extracting by manifest.
295 silly tarball no local data for cacheable-request@https://registry.npmjs.org/cacheable-request/-/cacheable-request-7.0.4.tgz. Extracting by manifest.
296 silly tarball no local data for @types/responselike@https://registry.npmjs.org/@types/responselike/-/responselike-1.0.3.tgz. Extracting by manifest.
297 silly tarball no local data for cacheable-lookup@https://registry.npmjs.org/cacheable-lookup/-/cacheable-lookup-5.0.4.tgz. Extracting by manifest.
298 silly tarball no local data for @sindresorhus/is@https://registry.npmjs.org/@sindresorhus/is/-/is-4.6.0.tgz. Extracting by manifest.
299 silly tarball no local data for yauzl@https://registry.npmjs.org/yauzl/-/yauzl-2.10.0.tgz. Extracting by manifest.
300 silly tarball no local data for get-stream@https://registry.npmjs.org/get-stream/-/get-stream-5.2.0.tgz. Extracting by manifest.
301 silly tarball no local data for undici-types@https://registry.npmjs.org/undici-types/-/undici-types-7.19.2.tgz. Extracting by manifest.
302 silly tarball no local data for @types/yauzl@https://registry.npmjs.org/@types/yauzl/-/yauzl-2.10.3.tgz. Extracting by manifest.
303 silly tarball no local data for lodash.clonedeep@https://registry.npmjs.org/lodash.clonedeep/-/lodash.clonedeep-4.5.0.tgz. Extracting by manifest.
304 silly tarball no local data for got@https://registry.npmjs.org/got/-/got-11.8.6.tgz. Extracting by manifest.
305 silly tarball no local data for hpagent@https://registry.npmjs.org/hpagent/-/hpagent-0.1.2.tgz. Extracting by manifest.
306 silly tarball no local data for uuid@https://registry.npmjs.org/uuid/-/uuid-8.3.2.tgz. Extracting by manifest.
307 silly tarball no local data for yaml@https://registry.npmjs.org/yaml/-/yaml-2.8.3.tgz. Extracting by manifest.
308 silly tarball no local data for extract-zip@https://registry.npmjs.org/extract-zip/-/extract-zip-2.0.1.tgz. Extracting by manifest.
309 silly tarball no local data for fd-slicer@https://registry.npmjs.org/fd-slicer/-/fd-slicer-1.1.0.tgz. Extracting by manifest.
310 silly tarball no local data for @types/node@https://registry.npmjs.org/@types/node/-/node-25.6.0.tgz. Extracting by manifest.
311 silly tarball no local data for @szmarczak/http-timer@https://registry.npmjs.org/@szmarczak/http-timer/-/http-timer-4.0.6.tgz. Extracting by manifest.
312 silly tarball no local data for ngrok@https://registry.npmjs.org/ngrok/-/ngrok-5.0.0-beta.2.tgz. Extracting by manifest.
313 silly tarball no local data for @types/cacheable-request@https://registry.npmjs.org/@types/cacheable-request/-/cacheable-request-6.0.3.tgz. Extracting by manifest.
314 http fetch GET 200 https://registry.npmjs.org/pend/-/pend-1.2.0.tgz 157ms (cache miss)
315 http fetch GET 200 https://registry.npmjs.org/mimic-response/-/mimic-response-1.0.1.tgz 155ms (cache miss)
316 http fetch GET 200 https://registry.npmjs.org/quick-lru/-/quick-lru-5.1.1.tgz 157ms (cache miss)
317 http fetch GET 200 https://registry.npmjs.org/buffer-crc32/-/buffer-crc32-0.2.13.tgz 165ms (cache miss)
318 http fetch GET 200 https://registry.npmjs.org/keyv/-/keyv-4.5.4.tgz 159ms (cache miss)
319 http fetch GET 200 https://registry.npmjs.org/resolve-alpn/-/resolve-alpn-1.2.1.tgz 169ms (cache miss)
320 http fetch GET 200 https://registry.npmjs.org/json-buffer/-/json-buffer-3.0.1.tgz 172ms (cache miss)
321 http fetch GET 200 https://registry.npmjs.org/cacheable-request/-/cacheable-request-7.0.4.tgz 184ms (cache miss)
322 http fetch GET 200 https://registry.npmjs.org/cacheable-lookup/-/cacheable-lookup-5.0.4.tgz 183ms (cache miss)
323 http fetch GET 200 https://registry.npmjs.org/get-stream/-/get-stream-5.2.0.tgz 195ms (cache miss)
324 http fetch GET 200 https://registry.npmjs.org/yauzl/-/yauzl-2.10.0.tgz 201ms (cache miss)
325 http fetch GET 200 https://registry.npmjs.org/http2-wrapper/-/http2-wrapper-1.0.3.tgz 212ms (cache miss)
326 http fetch GET 200 https://registry.npmjs.org/defer-to-connect/-/defer-to-connect-2.0.1.tgz 319ms (cache miss)
327 http fetch GET 200 https://registry.npmjs.org/undici-types/-/undici-types-7.19.2.tgz 335ms (cache miss)
328 http fetch GET 200 https://registry.npmjs.org/lodash.clonedeep/-/lodash.clonedeep-4.5.0.tgz 403ms (cache miss)
329 http fetch GET 200 https://registry.npmjs.org/lowercase-keys/-/lowercase-keys-2.0.0.tgz 411ms (cache miss)
330 http fetch GET 200 https://registry.npmjs.org/normalize-url/-/normalize-url-6.1.0.tgz 421ms (cache miss)
331 http fetch GET 200 https://registry.npmjs.org/responselike/-/responselike-2.0.1.tgz 421ms (cache miss)
332 http fetch GET 200 https://registry.npmjs.org/p-cancelable/-/p-cancelable-2.1.1.tgz 424ms (cache miss)
333 http fetch GET 200 https://registry.npmjs.org/@types/responselike/-/responselike-1.0.3.tgz 444ms (cache miss)
334 http fetch GET 200 https://registry.npmjs.org/@sindresorhus/is/-/is-4.6.0.tgz 444ms (cache miss)
335 http fetch GET 200 https://registry.npmjs.org/extract-zip/-/extract-zip-2.0.1.tgz 444ms (cache miss)
336 http fetch GET 200 https://registry.npmjs.org/fd-slicer/-/fd-slicer-1.1.0.tgz 449ms (cache miss)
337 http fetch GET 200 https://registry.npmjs.org/hpagent/-/hpagent-0.1.2.tgz 481ms (cache miss)
338 http fetch GET 200 https://registry.npmjs.org/clone-response/-/clone-response-1.0.3.tgz 500ms (cache miss)
339 http fetch GET 200 https://registry.npmjs.org/@types/http-cache-semantics/-/http-cache-semantics-4.2.0.tgz 502ms (cache miss)
340 http fetch GET 200 https://registry.npmjs.org/uuid/-/uuid-8.3.2.tgz 577ms (cache miss)
341 http fetch GET 200 https://registry.npmjs.org/got/-/got-11.8.6.tgz 622ms (cache miss)
342 http fetch GET 200 https://registry.npmjs.org/@szmarczak/http-timer/-/http-timer-4.0.6.tgz 676ms (cache miss)
343 http fetch GET 200 https://registry.npmjs.org/@types/cacheable-request/-/cacheable-request-6.0.3.tgz 655ms (cache miss)
344 http fetch GET 200 https://registry.npmjs.org/@types/node/-/node-25.6.0.tgz 808ms (cache miss)
345 http fetch GET 200 https://registry.npmjs.org/@types/keyv/-/keyv-3.1.4.tgz 934ms (cache miss)
346 http fetch GET 200 https://registry.npmjs.org/yaml/-/yaml-2.8.3.tgz 919ms (cache miss)
347 http fetch GET 200 https://registry.npmjs.org/@types/yauzl/-/yauzl-2.10.3.tgz 990ms (cache miss)
348 http fetch GET 200 https://registry.npmjs.org/ngrok/-/ngrok-5.0.0-beta.2.tgz 2583ms (cache miss)
349 info run ngrok@5.0.0-beta.2 postinstall node_modules/ngrok node ./postinstall.js
350 info run ngrok@5.0.0-beta.2 postinstall { code: 0, signal: null }
351 silly ADD node_modules/ngrok
352 silly ADD node_modules/ngrok/node_modules/pend
353 silly ADD node_modules/ngrok/node_modules/fd-slicer
354 silly ADD node_modules/ngrok/node_modules/buffer-crc32
355 silly ADD node_modules/ngrok/node_modules/wrappy
356 silly ADD node_modules/ngrok/node_modules/once
357 silly ADD node_modules/ngrok/node_modules/end-of-stream
358 silly ADD node_modules/ngrok/node_modules/json-buffer
359 silly ADD node_modules/ngrok/node_modules/resolve-alpn
360 silly ADD node_modules/ngrok/node_modules/quick-lru
361 silly ADD node_modules/ngrok/node_modules/mimic-response
362 silly ADD node_modules/ngrok/node_modules/normalize-url
363 silly ADD node_modules/ngrok/node_modules/keyv
364 silly ADD node_modules/ngrok/node_modules/http-cache-semantics
365 silly ADD node_modules/ngrok/node_modules/clone-response
366 silly ADD node_modules/ngrok/node_modules/@types/keyv
367 silly ADD node_modules/ngrok/node_modules/@types/http-cache-semantics
368 silly ADD node_modules/ngrok/node_modules/defer-to-connect
369 silly ADD node_modules/ngrok/node_modules/responselike
370 silly ADD node_modules/ngrok/node_modules/p-cancelable
371 silly ADD node_modules/ngrok/node_modules/lowercase-keys
372 silly ADD node_modules/ngrok/node_modules/http2-wrapper
373 silly ADD node_modules/ngrok/node_modules/decompress-response
374 silly ADD node_modules/ngrok/node_modules/decompress-response/node_modules/mimic-response
375 silly ADD node_modules/ngrok/node_modules/cacheable-request
376 silly ADD node_modules/ngrok/node_modules/cacheable-lookup
377 silly ADD node_modules/ngrok/node_modules/@types/responselike
378 silly ADD node_modules/ngrok/node_modules/@types/cacheable-request
379 silly ADD node_modules/ngrok/node_modules/@szmarczak/http-timer
380 silly ADD node_modules/ngrok/node_modules/@sindresorhus/is
381 silly ADD node_modules/ngrok/node_modules/pump
382 silly ADD node_modules/ngrok/node_modules/ms
383 silly ADD node_modules/ngrok/node_modules/undici-types
384 silly ADD node_modules/ngrok/node_modules/@types/node
385 silly ADD node_modules/ngrok/node_modules/yauzl
386 silly ADD node_modules/ngrok/node_modules/get-stream
387 silly ADD node_modules/ngrok/node_modules/debug
388 silly ADD node_modules/ngrok/node_modules/@types/yauzl
389 silly ADD node_modules/ngrok/node_modules/yaml
390 silly ADD node_modules/ngrok/node_modules/uuid
391 silly ADD node_modules/ngrok/node_modules/lodash.clonedeep
392 silly ADD node_modules/ngrok/node_modules/hpagent
393 silly ADD node_modules/ngrok/node_modules/got
394 silly ADD node_modules/ngrok/node_modules/extract-zip
395 verbose cwd /data/data/com.termux/files/home
396 verbose os Linux 6.1.115-android14-11-ga2521ca27699-ab13294383
397 verbose node v25.8.2
398 verbose npm  v11.12.1
399 verbose exit 0
400 info ok
