0 verbose cli /data/data/com.termux/files/usr/bin/node /data/data/com.termux/files/usr/bin/npm
1 info using npm@11.12.1
2 info using node@v25.8.2
3 silly config load:file:/data/data/com.termux/files/usr/lib/node_modules/npm/npmrc
4 silly config load:file:/data/data/com.termux/files/home/kurd_chat/.npmrc
5 silly config load:file:/data/data/com.termux/files/home/.npmrc
6 silly config load:file:/data/data/com.termux/files/usr/etc/npmrc
7 verbose title npm install express socket.io bcryptjs multer sqlite3
8 verbose argv "install" "express" "socket.io" "bcryptjs" "multer" "sqlite3"
9 verbose logfile logs-max:10 dir:/data/data/com.termux/files/home/.npm/_logs/2026-04-03T03_13_37_990Z-
10 verbose logfile /data/data/com.termux/files/home/.npm/_logs/2026-04-03T03_13_37_990Z-debug-0.log
11 silly logfile done cleaning log files
12 silly packumentCache heap:1174405120 maxSize:293601280 maxEntrySize:146800640
13 silly idealTree buildDeps
14 silly fetch manifest bcryptjs@^3.0.3
15 silly packumentCache full:https://registry.npmjs.org/bcryptjs cache-miss
16 http cache https://registry.npmjs.org/bcryptjs 71ms (cache hit)
17 silly packumentCache full:https://registry.npmjs.org/bcryptjs set size:80409 disposed:false
18 silly fetch manifest express@^5.2.1
19 silly packumentCache full:https://registry.npmjs.org/express cache-miss
20 http cache https://registry.npmjs.org/express 35ms (cache hit)
21 silly packumentCache full:https://registry.npmjs.org/express set size:801257 disposed:false
22 silly fetch manifest socket.io@^4.8.3
23 silly packumentCache full:https://registry.npmjs.org/socket.io cache-miss
24 http cache https://registry.npmjs.org/socket.io 28ms (cache hit)
25 silly packumentCache full:https://registry.npmjs.org/socket.io set size:379231 disposed:false
26 silly fetch manifest multer@*
27 silly packumentCache full:https://registry.npmjs.org/multer cache-miss
28 http cache https://registry.npmjs.org/multer 30ms (cache hit)
29 silly packumentCache full:https://registry.npmjs.org/multer set size:150932 disposed:false
30 silly fetch manifest sqlite3@*
31 silly packumentCache full:https://registry.npmjs.org/sqlite3 cache-miss
32 http cache https://registry.npmjs.org/sqlite3 32ms (cache hit)
33 silly packumentCache full:https://registry.npmjs.org/sqlite3 set size:330693 disposed:false
34 silly placeDep ROOT bcryptjs@3.0.3 REPLACE for: kurd_chat@1.0.0 want: ^3.0.3
35 silly placeDep ROOT express@5.2.1 REPLACE for: kurd_chat@1.0.0 want: ^5.2.1
36 silly placeDep ROOT multer@2.1.1 OK for: kurd_chat@1.0.0 want: *
37 silly placeDep ROOT socket.io@4.8.3 REPLACE for: kurd_chat@1.0.0 want: ^4.8.3
38 silly placeDep ROOT sqlite3@6.0.1 OK for: kurd_chat@1.0.0 want: *
39 silly fetch manifest append-field@^1.0.0
40 silly packumentCache full:https://registry.npmjs.org/append-field cache-miss
41 silly fetch manifest busboy@^1.6.0
42 silly packumentCache full:https://registry.npmjs.org/busboy cache-miss
43 silly fetch manifest concat-stream@^2.0.0
44 silly packumentCache full:https://registry.npmjs.org/concat-stream cache-miss
45 silly fetch manifest type-is@^1.6.18
46 silly packumentCache full:https://registry.npmjs.org/type-is cache-miss
47 silly fetch manifest bindings@^1.5.0
48 silly packumentCache full:https://registry.npmjs.org/bindings cache-miss
49 silly fetch manifest node-addon-api@^8.0.0
50 silly packumentCache full:https://registry.npmjs.org/node-addon-api cache-miss
51 silly fetch manifest prebuild-install@^7.1.3
52 silly packumentCache full:https://registry.npmjs.org/prebuild-install cache-miss
53 http cache https://registry.npmjs.org/busboy 52ms (cache hit)
54 silly packumentCache full:https://registry.npmjs.org/busboy set size:78925 disposed:false
55 silly fetch manifest tar@^7.5.10
56 silly packumentCache full:https://registry.npmjs.org/tar cache-miss
57 http cache https://registry.npmjs.org/concat-stream 62ms (cache hit)
58 silly packumentCache full:https://registry.npmjs.org/concat-stream set size:63783 disposed:false
59 silly fetch manifest node-gyp@12.x
60 silly packumentCache full:https://registry.npmjs.org/node-gyp cache-miss
61 http cache https://registry.npmjs.org/type-is 66ms (cache hit)
62 silly packumentCache full:https://registry.npmjs.org/type-is set size:86196 disposed:false
63 http cache https://registry.npmjs.org/append-field 74ms (cache hit)
64 silly packumentCache full:https://registry.npmjs.org/append-field set size:7798 disposed:false
65 http cache https://registry.npmjs.org/prebuild-install 72ms (cache hit)
66 silly packumentCache full:https://registry.npmjs.org/prebuild-install set size:184615 disposed:false
67 http cache https://registry.npmjs.org/node-addon-api 79ms (cache hit)
68 silly packumentCache full:https://registry.npmjs.org/node-addon-api set size:347062 disposed:false
69 http cache https://registry.npmjs.org/bindings 88ms (cache hit)
70 silly packumentCache full:https://registry.npmjs.org/bindings set size:31303 disposed:false
71 http cache https://registry.npmjs.org/node-gyp 46ms (cache hit)
72 silly packumentCache full:https://registry.npmjs.org/node-gyp set size:315451 disposed:false
73 http cache https://registry.npmjs.org/tar 64ms (cache hit)
74 silly packumentCache full:https://registry.npmjs.org/tar set size:531438 disposed:false
75 silly placeDep ROOT append-field@1.0.0 OK for: multer@2.1.1 want: ^1.0.0
76 silly placeDep ROOT busboy@1.6.0 OK for: multer@2.1.1 want: ^1.6.0
77 silly placeDep ROOT concat-stream@2.0.0 OK for: multer@2.1.1 want: ^2.0.0
78 silly placeDep node_modules/multer type-is@1.6.18 OK for: multer@2.1.1 want: ^1.6.18
79 silly fetch manifest streamsearch@^1.1.0
80 silly packumentCache full:https://registry.npmjs.org/streamsearch cache-miss
81 silly fetch manifest buffer-from@^1.0.0
82 silly packumentCache full:https://registry.npmjs.org/buffer-from cache-miss
83 silly fetch manifest readable-stream@^3.0.2
84 silly packumentCache full:https://registry.npmjs.org/readable-stream cache-miss
85 silly fetch manifest typedarray@^0.0.6
86 silly packumentCache full:https://registry.npmjs.org/typedarray cache-miss
87 silly fetch manifest mime-types@~2.1.24
88 silly packumentCache full:https://registry.npmjs.org/mime-types cache-miss
89 silly fetch manifest media-typer@0.3.0
90 silly packumentCache full:https://registry.npmjs.org/media-typer cache-miss
91 http cache https://registry.npmjs.org/buffer-from 22ms (cache hit)
92 silly packumentCache full:https://registry.npmjs.org/buffer-from set size:15463 disposed:false
93 http cache https://registry.npmjs.org/streamsearch 24ms (cache hit)
94 silly packumentCache full:https://registry.npmjs.org/streamsearch set size:27372 disposed:false
95 http cache https://registry.npmjs.org/mime-types 24ms (cache hit)
96 silly packumentCache full:https://registry.npmjs.org/mime-types set size:139110 disposed:false
97 http cache https://registry.npmjs.org/readable-stream 31ms (cache hit)
98 silly packumentCache full:https://registry.npmjs.org/readable-stream set size:261096 disposed:false
99 http cache https://registry.npmjs.org/media-typer 44ms (cache hit)
100 silly packumentCache full:https://registry.npmjs.org/media-typer set size:20873 disposed:false
101 http cache https://registry.npmjs.org/typedarray 48ms (cache hit)
102 silly packumentCache full:https://registry.npmjs.org/typedarray set size:18469 disposed:false
103 silly placeDep ROOT streamsearch@1.1.0 OK for: busboy@1.6.0 want: ^1.1.0
104 silly placeDep ROOT buffer-from@1.1.2 OK for: concat-stream@2.0.0 want: ^1.0.0
105 silly placeDep ROOT readable-stream@3.6.2 OK for: concat-stream@2.0.0 want: ^3.0.2
106 silly placeDep ROOT typedarray@0.0.6 OK for: concat-stream@2.0.0 want: ^0.0.6
107 silly fetch manifest string_decoder@^1.1.1
108 silly packumentCache full:https://registry.npmjs.org/string_decoder cache-miss
109 silly fetch manifest util-deprecate@^1.0.1
110 silly packumentCache full:https://registry.npmjs.org/util-deprecate cache-miss
111 http cache https://registry.npmjs.org/string_decoder 30ms (cache hit)
112 silly packumentCache full:https://registry.npmjs.org/string_decoder set size:28441 disposed:false
113 http cache https://registry.npmjs.org/util-deprecate 37ms (cache hit)
114 silly packumentCache full:https://registry.npmjs.org/util-deprecate set size:6674 disposed:false
115 silly placeDep ROOT string_decoder@1.3.0 OK for: readable-stream@3.6.2 want: ^1.1.1
116 silly placeDep ROOT util-deprecate@1.0.2 OK for: readable-stream@3.6.2 want: ^1.0.1
117 silly fetch manifest safe-buffer@~5.2.0
118 silly packumentCache full:https://registry.npmjs.org/safe-buffer cache-miss
119 http cache https://registry.npmjs.org/safe-buffer 28ms (cache hit)
120 silly packumentCache full:https://registry.npmjs.org/safe-buffer set size:41183 disposed:false
121 silly placeDep ROOT bindings@1.5.0 OK for: sqlite3@6.0.1 want: ^1.5.0
122 silly placeDep ROOT node-addon-api@8.7.0 OK for: sqlite3@6.0.1 want: ^8.0.0
123 silly placeDep ROOT node-gyp@12.2.0 OK for: sqlite3@6.0.1 want: 12.x
124 silly placeDep ROOT prebuild-install@7.1.3 OK for: sqlite3@6.0.1 want: ^7.1.3
125 silly placeDep ROOT tar@7.5.13 OK for: sqlite3@6.0.1 want: ^7.5.10
126 silly fetch manifest file-uri-to-path@1.0.0
127 silly packumentCache full:https://registry.npmjs.org/file-uri-to-path cache-miss
128 silly fetch manifest env-paths@^2.2.0
129 silly packumentCache full:https://registry.npmjs.org/env-paths cache-miss
130 silly fetch manifest exponential-backoff@^3.1.1
131 silly packumentCache full:https://registry.npmjs.org/exponential-backoff cache-miss
132 silly fetch manifest graceful-fs@^4.2.6
133 silly packumentCache full:https://registry.npmjs.org/graceful-fs cache-miss
134 silly fetch manifest make-fetch-happen@^15.0.0
135 silly packumentCache full:https://registry.npmjs.org/make-fetch-happen cache-miss
136 silly fetch manifest nopt@^9.0.0
137 silly packumentCache full:https://registry.npmjs.org/nopt cache-miss
138 silly fetch manifest proc-log@^6.0.0
139 silly packumentCache full:https://registry.npmjs.org/proc-log cache-miss
140 http cache https://registry.npmjs.org/file-uri-to-path 34ms (cache hit)
141 silly packumentCache full:https://registry.npmjs.org/file-uri-to-path set size:10154 disposed:false
142 silly fetch manifest semver@^7.3.5
143 silly packumentCache full:https://registry.npmjs.org/semver cache-miss
144 http cache https://registry.npmjs.org/nopt 42ms (cache hit)
145 silly packumentCache full:https://registry.npmjs.org/nopt set size:71534 disposed:false
146 silly fetch manifest tar@^7.5.4
147 silly packumentCache full:https://registry.npmjs.org/tar cache-hit
148 silly fetch manifest tinyglobby@^0.2.12
149 silly packumentCache full:https://registry.npmjs.org/tinyglobby cache-miss
150 http cache https://registry.npmjs.org/env-paths 52ms (cache hit)
151 silly packumentCache full:https://registry.npmjs.org/env-paths set size:26913 disposed:false
152 silly fetch manifest which@^6.0.0
153 silly packumentCache full:https://registry.npmjs.org/which cache-miss
154 http cache https://registry.npmjs.org/proc-log 55ms (cache hit)
155 silly packumentCache full:https://registry.npmjs.org/proc-log set size:33530 disposed:false
156 silly fetch manifest rc@^1.2.7
157 silly packumentCache full:https://registry.npmjs.org/rc cache-miss
158 http cache https://registry.npmjs.org/graceful-fs 61ms (cache hit)
159 silly packumentCache full:https://registry.npmjs.org/graceful-fs set size:124285 disposed:false
160 silly fetch manifest pump@^3.0.0
161 silly packumentCache full:https://registry.npmjs.org/pump cache-miss
162 http cache https://registry.npmjs.org/exponential-backoff 68ms (cache hit)
163 silly packumentCache full:https://registry.npmjs.org/exponential-backoff set size:56105 disposed:false
164 silly fetch manifest tar-fs@^2.0.0
165 silly packumentCache full:https://registry.npmjs.org/tar-fs cache-miss
166 http cache https://registry.npmjs.org/make-fetch-happen 70ms (cache hit)
167 silly packumentCache full:https://registry.npmjs.org/make-fetch-happen set size:373687 disposed:false
168 silly fetch manifest minimist@^1.2.3
169 silly packumentCache full:https://registry.npmjs.org/minimist cache-miss
170 http cache https://registry.npmjs.org/tinyglobby 56ms (cache hit)
171 silly packumentCache full:https://registry.npmjs.org/tinyglobby set size:49812 disposed:false
172 silly fetch manifest node-abi@^3.3.0
173 silly packumentCache full:https://registry.npmjs.org/node-abi cache-miss
174 http cache https://registry.npmjs.org/semver 76ms (cache hit)
175 silly packumentCache full:https://registry.npmjs.org/semver set size:229620 disposed:false
176 silly fetch manifest simple-get@^4.0.0
177 silly packumentCache full:https://registry.npmjs.org/simple-get cache-miss
178 http cache https://registry.npmjs.org/which 69ms (cache hit)
179 silly packumentCache full:https://registry.npmjs.org/which set size:67747 disposed:false
180 silly fetch manifest detect-libc@^2.0.0
181 silly packumentCache full:https://registry.npmjs.org/detect-libc cache-miss
182 http cache https://registry.npmjs.org/minimist 49ms (cache hit)
183 silly packumentCache full:https://registry.npmjs.org/minimist set size:77063 disposed:false
184 silly fetch manifest tunnel-agent@^0.6.0
185 silly packumentCache full:https://registry.npmjs.org/tunnel-agent cache-miss
186 http cache https://registry.npmjs.org/tar-fs 74ms (cache hit)
187 silly packumentCache full:https://registry.npmjs.org/tar-fs set size:122750 disposed:false
188 silly fetch manifest mkdirp-classic@^0.5.3
189 silly packumentCache full:https://registry.npmjs.org/mkdirp-classic cache-miss
190 http cache https://registry.npmjs.org/rc 91ms (cache hit)
191 silly packumentCache full:https://registry.npmjs.org/rc set size:70417 disposed:false
192 silly fetch manifest expand-template@^2.0.3
193 silly packumentCache full:https://registry.npmjs.org/expand-template cache-miss
194 http cache https://registry.npmjs.org/pump 88ms (cache hit)
195 silly packumentCache full:https://registry.npmjs.org/pump set size:41178 disposed:false
196 silly fetch manifest napi-build-utils@^2.0.0
197 silly packumentCache full:https://registry.npmjs.org/napi-build-utils cache-miss
198 http cache https://registry.npmjs.org/simple-get 53ms (cache hit)
199 silly packumentCache full:https://registry.npmjs.org/simple-get set size:90014 disposed:false
200 silly fetch manifest github-from-package@0.0.0
201 silly packumentCache full:https://registry.npmjs.org/github-from-package cache-miss
202 http cache https://registry.npmjs.org/node-abi 69ms (cache hit)
203 silly packumentCache full:https://registry.npmjs.org/node-abi set size:358050 disposed:false
204 silly fetch manifest @isaacs/fs-minipass@^4.0.0
205 silly packumentCache full:https://registry.npmjs.org/@isaacs%2ffs-minipass cache-miss
206 http cache https://registry.npmjs.org/detect-libc 65ms (cache hit)
207 silly packumentCache full:https://registry.npmjs.org/detect-libc set size:47861 disposed:false
208 silly fetch manifest chownr@^3.0.0
209 silly packumentCache full:https://registry.npmjs.org/chownr cache-miss
210 http cache https://registry.npmjs.org/tunnel-agent 63ms (cache hit)
211 silly packumentCache full:https://registry.npmjs.org/tunnel-agent set size:12847 disposed:false
212 silly fetch manifest minipass@^7.1.2
213 silly packumentCache full:https://registry.npmjs.org/minipass cache-miss
214 http cache https://registry.npmjs.org/napi-build-utils 43ms (cache hit)
215 silly packumentCache full:https://registry.npmjs.org/napi-build-utils set size:13501 disposed:false
216 silly fetch manifest minizlib@^3.1.0
217 silly packumentCache full:https://registry.npmjs.org/minizlib cache-miss
218 http cache https://registry.npmjs.org/expand-template 49ms (cache hit)
219 silly packumentCache full:https://registry.npmjs.org/expand-template set size:23203 disposed:false
220 silly fetch manifest yallist@^5.0.0
221 silly packumentCache full:https://registry.npmjs.org/yallist cache-miss
222 http cache https://registry.npmjs.org/mkdirp-classic 58ms (cache hit)
223 silly packumentCache full:https://registry.npmjs.org/mkdirp-classic set size:5503 disposed:false
224 http cache https://registry.npmjs.org/github-from-package 53ms (cache hit)
225 silly packumentCache full:https://registry.npmjs.org/github-from-package set size:3718 disposed:false
226 http cache https://registry.npmjs.org/yallist 29ms (cache hit)
227 silly packumentCache full:https://registry.npmjs.org/yallist set size:34610 disposed:false
228 http cache https://registry.npmjs.org/@isaacs%2ffs-minipass 47ms (cache hit)
229 silly packumentCache full:https://registry.npmjs.org/@isaacs%2ffs-minipass set size:7912 disposed:false
230 http cache https://registry.npmjs.org/chownr 44ms (cache hit)
231 silly packumentCache full:https://registry.npmjs.org/chownr set size:22157 disposed:false
232 http cache https://registry.npmjs.org/minizlib 39ms (cache hit)
233 silly packumentCache full:https://registry.npmjs.org/minizlib set size:62862 disposed:false
234 http cache https://registry.npmjs.org/minipass 45ms (cache hit)
235 silly packumentCache full:https://registry.npmjs.org/minipass set size:276925 disposed:false
236 silly placeDep ROOT file-uri-to-path@1.0.0 OK for: bindings@1.5.0 want: 1.0.0
237 silly placeDep ROOT env-paths@2.2.1 OK for: node-gyp@12.2.0 want: ^2.2.0
238 silly placeDep ROOT exponential-backoff@3.1.3 OK for: node-gyp@12.2.0 want: ^3.1.1
239 silly placeDep ROOT graceful-fs@4.2.11 OK for: node-gyp@12.2.0 want: ^4.2.6
240 silly placeDep ROOT make-fetch-happen@15.0.5 OK for: node-gyp@12.2.0 want: ^15.0.0
241 silly placeDep ROOT nopt@9.0.0 OK for: node-gyp@12.2.0 want: ^9.0.0
242 silly placeDep ROOT proc-log@6.1.0 OK for: node-gyp@12.2.0 want: ^6.0.0
243 silly placeDep ROOT semver@7.7.4 OK for: node-gyp@12.2.0 want: ^7.3.5
244 silly placeDep ROOT tinyglobby@0.2.15 OK for: node-gyp@12.2.0 want: ^0.2.12
245 silly placeDep ROOT which@6.0.1 OK for: node-gyp@12.2.0 want: ^6.0.0
246 silly fetch manifest ssri@^13.0.0
247 silly packumentCache full:https://registry.npmjs.org/ssri cache-miss
248 silly fetch manifest cacache@^20.0.1
249 silly packumentCache full:https://registry.npmjs.org/cacache cache-miss
250 silly fetch manifest minipass@^7.0.2
251 silly packumentCache full:https://registry.npmjs.org/minipass cache-hit
252 silly fetch manifest @npmcli/agent@^4.0.0
253 silly packumentCache full:https://registry.npmjs.org/@npmcli%2fagent cache-miss
254 silly fetch manifest @npmcli/redact@^4.0.0
255 silly packumentCache full:https://registry.npmjs.org/@npmcli%2fredact cache-miss
256 silly fetch manifest minipass-fetch@^5.0.0
257 silly packumentCache full:https://registry.npmjs.org/minipass-fetch cache-miss
258 silly fetch manifest minipass-flush@^1.0.5
259 silly packumentCache full:https://registry.npmjs.org/minipass-flush cache-miss
260 silly fetch manifest minipass-pipeline@^1.2.4
261 silly packumentCache full:https://registry.npmjs.org/minipass-pipeline cache-miss
262 http cache https://registry.npmjs.org/ssri 52ms (cache hit)
263 silly packumentCache full:https://registry.npmjs.org/ssri set size:136145 disposed:false
264 silly fetch manifest @gar/promise-retry@^1.0.0
265 silly packumentCache full:https://registry.npmjs.org/@gar%2fpromise-retry cache-miss
266 http cache https://registry.npmjs.org/minipass-fetch 56ms (cache hit)
267 silly packumentCache full:https://registry.npmjs.org/minipass-fetch set size:106224 disposed:false
268 silly fetch manifest http-cache-semantics@^4.1.1
269 silly packumentCache full:https://registry.npmjs.org/http-cache-semantics cache-miss
270 http cache https://registry.npmjs.org/cacache 63ms (cache hit)
271 silly packumentCache full:https://registry.npmjs.org/cacache set size:382726 disposed:false
272 silly fetch manifest abbrev@^4.0.0
273 silly packumentCache full:https://registry.npmjs.org/abbrev cache-miss
274 http cache https://registry.npmjs.org/minipass-pipeline 69ms (cache hit)
275 silly packumentCache full:https://registry.npmjs.org/minipass-pipeline set size:32257 disposed:false
276 silly fetch manifest fdir@^6.5.0
277 silly packumentCache full:https://registry.npmjs.org/fdir cache-miss
278 http cache https://registry.npmjs.org/minipass-flush 73ms (cache hit)
279 silly packumentCache full:https://registry.npmjs.org/minipass-flush set size:21037 disposed:false
280 silly fetch manifest picomatch@^4.0.3
281 silly packumentCache full:https://registry.npmjs.org/picomatch cache-miss
282 http cache https://registry.npmjs.org/@npmcli%2fagent 79ms (cache hit)
283 silly packumentCache full:https://registry.npmjs.org/@npmcli%2fagent set size:28377 disposed:false
284 silly fetch manifest isexe@^4.0.0
285 silly packumentCache full:https://registry.npmjs.org/isexe cache-miss
286 http cache https://registry.npmjs.org/@npmcli%2fredact 81ms (cache hit)
287 silly packumentCache full:https://registry.npmjs.org/@npmcli%2fredact set size:30493 disposed:false
288 http cache https://registry.npmjs.org/http-cache-semantics 39ms (cache hit)
289 silly packumentCache full:https://registry.npmjs.org/http-cache-semantics set size:66288 disposed:false
290 http cache https://registry.npmjs.org/picomatch 35ms (cache hit)
291 silly packumentCache full:https://registry.npmjs.org/picomatch set size:126376 disposed:false
292 http cache https://registry.npmjs.org/isexe 36ms (cache hit)
293 silly packumentCache full:https://registry.npmjs.org/isexe set size:31756 disposed:false
294 http cache https://registry.npmjs.org/@gar%2fpromise-retry 64ms (cache hit)
295 silly packumentCache full:https://registry.npmjs.org/@gar%2fpromise-retry set size:11490 disposed:false
296 http cache https://registry.npmjs.org/fdir 46ms (cache hit)
297 silly packumentCache full:https://registry.npmjs.org/fdir set size:136182 disposed:false
298 http cache https://registry.npmjs.org/abbrev 55ms (cache hit)
299 silly packumentCache full:https://registry.npmjs.org/abbrev set size:21720 disposed:false
300 silly placeDep ROOT @gar/promise-retry@1.0.3 OK for: make-fetch-happen@15.0.5 want: ^1.0.0
301 silly placeDep ROOT @npmcli/agent@4.0.0 OK for: make-fetch-happen@15.0.5 want: ^4.0.0
302 silly placeDep ROOT @npmcli/redact@4.0.0 OK for: make-fetch-happen@15.0.5 want: ^4.0.0
303 silly placeDep ROOT cacache@20.0.4 OK for: make-fetch-happen@15.0.5 want: ^20.0.1
304 silly placeDep ROOT http-cache-semantics@4.2.0 OK for: make-fetch-happen@15.0.5 want: ^4.1.1
305 silly placeDep ROOT minipass@7.1.3 OK for: make-fetch-happen@15.0.5 want: ^7.0.2
306 silly placeDep ROOT minipass-fetch@5.0.2 OK for: make-fetch-happen@15.0.5 want: ^5.0.0
307 silly placeDep ROOT minipass-flush@1.0.7 OK for: make-fetch-happen@15.0.5 want: ^1.0.5
308 silly placeDep ROOT minipass-pipeline@1.2.4 OK for: make-fetch-happen@15.0.5 want: ^1.2.4
309 silly placeDep ROOT ssri@13.0.1 OK for: make-fetch-happen@15.0.5 want: ^13.0.0
310 silly fetch manifest lru-cache@^11.2.1
311 silly packumentCache full:https://registry.npmjs.org/lru-cache cache-miss
312 silly fetch manifest agent-base@^7.1.0
313 silly packumentCache full:https://registry.npmjs.org/agent-base cache-miss
314 silly fetch manifest http-proxy-agent@^7.0.0
315 silly packumentCache full:https://registry.npmjs.org/http-proxy-agent cache-miss
316 silly fetch manifest https-proxy-agent@^7.0.1
317 silly packumentCache full:https://registry.npmjs.org/https-proxy-agent cache-miss
318 silly fetch manifest socks-proxy-agent@^8.0.3
319 silly packumentCache full:https://registry.npmjs.org/socks-proxy-agent cache-miss
320 silly fetch manifest glob@^13.0.0
321 silly packumentCache full:https://registry.npmjs.org/glob cache-miss
322 silly fetch manifest p-map@^7.0.2
323 silly packumentCache full:https://registry.npmjs.org/p-map cache-miss
324 http cache https://registry.npmjs.org/https-proxy-agent 31ms (cache hit)
325 silly packumentCache full:https://registry.npmjs.org/https-proxy-agent set size:81258 disposed:false
326 silly fetch manifest minipass@^7.0.3
327 silly packumentCache full:https://registry.npmjs.org/minipass cache-hit
328 silly fetch manifest lru-cache@^11.1.0
329 silly packumentCache full:https://registry.npmjs.org/lru-cache cache-miss
330 http cache https://registry.npmjs.org/agent-base 41ms (cache hit)
331 silly packumentCache full:https://registry.npmjs.org/agent-base set size:72085 disposed:false
332 silly fetch manifest @npmcli/fs@^5.0.0
333 silly packumentCache full:https://registry.npmjs.org/@npmcli%2ffs cache-miss
334 http cache https://registry.npmjs.org/http-proxy-agent 51ms (cache hit)
335 silly packumentCache full:https://registry.npmjs.org/http-proxy-agent set size:54849 disposed:false
336 silly fetch manifest fs-minipass@^3.0.0
337 silly packumentCache full:https://registry.npmjs.org/fs-minipass cache-miss
338 http cache https://registry.npmjs.org/lru-cache 56ms (cache hit)
339 silly packumentCache full:https://registry.npmjs.org/lru-cache set size:416454 disposed:false
340 silly fetch manifest minipass-collect@^2.0.1
341 silly packumentCache full:https://registry.npmjs.org/minipass-collect cache-miss
342 http cache https://registry.npmjs.org/p-map 72ms (cache hit)
343 silly packumentCache full:https://registry.npmjs.org/p-map set size:52373 disposed:false
344 silly fetch manifest minizlib@^3.0.1
345 silly packumentCache full:https://registry.npmjs.org/minizlib cache-hit
346 silly fetch manifest minipass-sized@^2.0.0
347 silly packumentCache full:https://registry.npmjs.org/minipass-sized cache-miss
348 http cache https://registry.npmjs.org/socks-proxy-agent 78ms (cache hit)
349 silly packumentCache full:https://registry.npmjs.org/socks-proxy-agent set size:104740 disposed:false
350 silly fetch manifest minipass@^3.0.0
351 silly packumentCache full:https://registry.npmjs.org/minipass cache-hit
352 http cache https://registry.npmjs.org/glob 85ms (cache hit)
353 silly packumentCache full:https://registry.npmjs.org/glob set size:469465 disposed:false
354 http cache https://registry.npmjs.org/lru-cache 70ms (cache hit)
355 silly packumentCache full:https://registry.npmjs.org/lru-cache set size:416454 disposed:false
356 silly packumentCache full:https://registry.npmjs.org/lru-cache dispose
357 http cache https://registry.npmjs.org/minipass-collect 49ms (cache hit)
358 silly packumentCache full:https://registry.npmjs.org/minipass-collect set size:12471 disposed:false
359 http cache https://registry.npmjs.org/@npmcli%2ffs 71ms (cache hit)
360 silly packumentCache full:https://registry.npmjs.org/@npmcli%2ffs set size:40494 disposed:false
361 http cache https://registry.npmjs.org/fs-minipass 72ms (cache hit)
362 silly packumentCache full:https://registry.npmjs.org/fs-minipass set size:44606 disposed:false
363 http cache https://registry.npmjs.org/minipass-sized 53ms (cache hit)
364 silly packumentCache full:https://registry.npmjs.org/minipass-sized set size:14420 disposed:false
365 silly placeDep ROOT agent-base@7.1.4 OK for: @npmcli/agent@4.0.0 want: ^7.1.0
366 silly placeDep ROOT http-proxy-agent@7.0.2 OK for: @npmcli/agent@4.0.0 want: ^7.0.0
367 silly placeDep ROOT https-proxy-agent@7.0.6 OK for: @npmcli/agent@4.0.0 want: ^7.0.1
368 silly placeDep ROOT lru-cache@11.2.7 OK for: @npmcli/agent@4.0.0 want: ^11.2.1
369 silly placeDep ROOT socks-proxy-agent@8.0.5 OK for: @npmcli/agent@4.0.0 want: ^8.0.3
370 silly fetch manifest socks@^2.8.3
371 silly packumentCache full:https://registry.npmjs.org/socks cache-miss
372 http cache https://registry.npmjs.org/socks 24ms (cache hit)
373 silly packumentCache full:https://registry.npmjs.org/socks set size:168523 disposed:false
374 silly placeDep ROOT @npmcli/fs@5.0.0 OK for: cacache@20.0.4 want: ^5.0.0
375 silly placeDep ROOT fs-minipass@3.0.3 OK for: cacache@20.0.4 want: ^3.0.0
376 silly placeDep ROOT glob@13.0.6 OK for: cacache@20.0.4 want: ^13.0.0
377 silly placeDep ROOT minipass-collect@2.0.1 OK for: cacache@20.0.4 want: ^2.0.1
378 silly placeDep ROOT p-map@7.0.4 OK for: cacache@20.0.4 want: ^7.0.2
379 silly fetch manifest minimatch@^10.2.2
380 silly packumentCache full:https://registry.npmjs.org/minimatch cache-miss
381 silly fetch manifest path-scurry@^2.0.2
382 silly packumentCache full:https://registry.npmjs.org/path-scurry cache-miss
383 http cache https://registry.npmjs.org/path-scurry 21ms (cache hit)
384 silly packumentCache full:https://registry.npmjs.org/path-scurry set size:117612 disposed:false
385 http cache https://registry.npmjs.org/minimatch 36ms (cache hit)
386 silly packumentCache full:https://registry.npmjs.org/minimatch set size:375282 disposed:false
387 silly placeDep ROOT minimatch@10.2.5 OK for: glob@13.0.6 want: ^10.2.2
388 silly placeDep ROOT path-scurry@2.0.2 OK for: glob@13.0.6 want: ^2.0.2
389 silly fetch manifest brace-expansion@^5.0.5
390 silly packumentCache full:https://registry.npmjs.org/brace-expansion cache-miss
391 http cache https://registry.npmjs.org/brace-expansion 12ms (cache hit)
392 silly packumentCache full:https://registry.npmjs.org/brace-expansion set size:61740 disposed:false
393 silly placeDep ROOT brace-expansion@5.0.5 OK for: minimatch@10.2.5 want: ^5.0.5
394 silly fetch manifest balanced-match@^4.0.2
395 silly packumentCache full:https://registry.npmjs.org/balanced-match cache-miss
396 http cache https://registry.npmjs.org/balanced-match 13ms (cache hit)
397 silly packumentCache full:https://registry.npmjs.org/balanced-match set size:39082 disposed:false
398 silly placeDep ROOT balanced-match@4.0.4 OK for: brace-expansion@5.0.5 want: ^4.0.2
399 silly placeDep ROOT minipass-sized@2.0.0 OK for: minipass-fetch@5.0.2 want: ^2.0.0
400 silly placeDep ROOT minizlib@3.1.0 OK for: minipass-fetch@5.0.2 want: ^3.0.1
401 silly placeDep node_modules/minipass-flush minipass@3.3.6 OK for: minipass-flush@1.0.7 want: ^3.0.0
402 silly fetch manifest yallist@^4.0.0
403 silly packumentCache full:https://registry.npmjs.org/yallist cache-hit
404 silly placeDep node_modules/minipass-pipeline minipass@3.3.6 OK for: minipass-pipeline@1.2.4 want: ^3.0.0
405 silly placeDep ROOT abbrev@4.0.0 OK for: nopt@9.0.0 want: ^4.0.0
406 silly placeDep ROOT detect-libc@2.1.2 OK for: prebuild-install@7.1.3 want: ^2.0.0
407 silly placeDep ROOT expand-template@2.0.3 OK for: prebuild-install@7.1.3 want: ^2.0.3
408 silly placeDep ROOT github-from-package@0.0.0 OK for: prebuild-install@7.1.3 want: 0.0.0
409 silly placeDep ROOT minimist@1.2.8 OK for: prebuild-install@7.1.3 want: ^1.2.3
410 silly placeDep ROOT mkdirp-classic@0.5.3 OK for: prebuild-install@7.1.3 want: ^0.5.3
411 silly placeDep ROOT napi-build-utils@2.0.0 OK for: prebuild-install@7.1.3 want: ^2.0.0
412 silly placeDep ROOT node-abi@3.89.0 OK for: prebuild-install@7.1.3 want: ^3.3.0
413 silly placeDep ROOT pump@3.0.4 OK for: prebuild-install@7.1.3 want: ^3.0.0
414 silly placeDep ROOT rc@1.2.8 OK for: prebuild-install@7.1.3 want: ^1.2.7
415 silly placeDep ROOT simple-get@4.0.1 OK for: prebuild-install@7.1.3 want: ^4.0.0
416 silly placeDep ROOT tar-fs@2.1.4 OK for: prebuild-install@7.1.3 want: ^2.0.0
417 silly placeDep ROOT tunnel-agent@0.6.0 OK for: prebuild-install@7.1.3 want: ^0.6.0
418 silly fetch manifest end-of-stream@^1.1.0
419 silly packumentCache full:https://registry.npmjs.org/end-of-stream cache-miss
420 silly fetch manifest ini@~1.3.0
421 silly packumentCache full:https://registry.npmjs.org/ini cache-miss
422 silly fetch manifest deep-extend@^0.6.0
423 silly packumentCache full:https://registry.npmjs.org/deep-extend cache-miss
424 silly fetch manifest strip-json-comments@~2.0.1
425 silly packumentCache full:https://registry.npmjs.org/strip-json-comments cache-miss
426 silly fetch manifest decompress-response@^6.0.0
427 silly packumentCache full:https://registry.npmjs.org/decompress-response cache-miss
428 silly fetch manifest simple-concat@^1.0.0
429 silly packumentCache full:https://registry.npmjs.org/simple-concat cache-miss
430 silly fetch manifest chownr@^1.1.1
431 silly packumentCache full:https://registry.npmjs.org/chownr cache-hit
432 silly fetch manifest tar-stream@^2.1.4
433 silly packumentCache full:https://registry.npmjs.org/tar-stream cache-miss
434 http cache https://registry.npmjs.org/end-of-stream 39ms (cache hit)
435 silly packumentCache full:https://registry.npmjs.org/end-of-stream set size:27842 disposed:false
436 silly fetch manifest safe-buffer@^5.0.1
437 silly packumentCache full:https://registry.npmjs.org/safe-buffer cache-hit
438 http cache https://registry.npmjs.org/strip-json-comments 41ms (cache hit)
439 silly packumentCache full:https://registry.npmjs.org/strip-json-comments set size:43569 disposed:false
440 http cache https://registry.npmjs.org/decompress-response 43ms (cache hit)
441 silly packumentCache full:https://registry.npmjs.org/decompress-response set size:36213 disposed:false
442 http cache https://registry.npmjs.org/simple-concat 46ms (cache hit)
443 silly packumentCache full:https://registry.npmjs.org/simple-concat set size:6304 disposed:false
444 http cache https://registry.npmjs.org/deep-extend 49ms (cache hit)
445 silly packumentCache full:https://registry.npmjs.org/deep-extend set size:34472 disposed:false
446 http cache https://registry.npmjs.org/ini 52ms (cache hit)
447 silly packumentCache full:https://registry.npmjs.org/ini set size:56961 disposed:false
448 http cache https://registry.npmjs.org/tar-stream 50ms (cache hit)
449 silly packumentCache full:https://registry.npmjs.org/tar-stream set size:134193 disposed:false
450 silly placeDep ROOT end-of-stream@1.4.5 OK for: pump@3.0.4 want: ^1.1.0
451 silly placeDep ROOT deep-extend@0.6.0 OK for: rc@1.2.8 want: ^0.6.0
452 silly placeDep ROOT ini@1.3.8 OK for: rc@1.2.8 want: ~1.3.0
453 silly placeDep ROOT strip-json-comments@2.0.1 OK for: rc@1.2.8 want: ~2.0.1
454 silly placeDep ROOT decompress-response@6.0.0 OK for: simple-get@4.0.1 want: ^6.0.0
455 silly placeDep ROOT simple-concat@1.0.1 OK for: simple-get@4.0.1 want: ^1.0.0
456 silly fetch manifest mimic-response@^3.1.0
457 silly packumentCache full:https://registry.npmjs.org/mimic-response cache-miss
458 http cache https://registry.npmjs.org/mimic-response 16ms (cache hit)
459 silly packumentCache full:https://registry.npmjs.org/mimic-response set size:20174 disposed:false
460 silly placeDep ROOT mimic-response@3.1.0 OK for: decompress-response@6.0.0 want: ^3.1.0
461 silly placeDep ROOT socks@2.8.7 OK for: socks-proxy-agent@8.0.5 want: ^2.8.3
462 silly fetch manifest ip-address@^10.0.1
463 silly packumentCache full:https://registry.npmjs.org/ip-address cache-miss
464 silly fetch manifest smart-buffer@^4.2.0
465 silly packumentCache full:https://registry.npmjs.org/smart-buffer cache-miss
466 http cache https://registry.npmjs.org/ip-address 22ms (cache hit)
467 silly packumentCache full:https://registry.npmjs.org/ip-address set size:135050 disposed:false
468 http cache https://registry.npmjs.org/smart-buffer 38ms (cache hit)
469 silly packumentCache full:https://registry.npmjs.org/smart-buffer set size:87065 disposed:false
470 silly placeDep ROOT ip-address@10.1.0 OK for: socks@2.8.7 want: ^10.0.1
471 silly placeDep ROOT smart-buffer@4.2.0 OK for: socks@2.8.7 want: ^4.2.0
472 silly placeDep ROOT safe-buffer@5.2.1 OK for: string_decoder@1.3.0 want: ~5.2.0
473 silly placeDep ROOT @isaacs/fs-minipass@4.0.1 OK for: tar@7.5.13 want: ^4.0.0
474 silly placeDep ROOT chownr@3.0.0 OK for: tar@7.5.13 want: ^3.0.0
475 silly placeDep ROOT yallist@5.0.0 OK for: tar@7.5.13 want: ^5.0.0
476 silly placeDep node_modules/tar-fs chownr@1.1.4 OK for: tar-fs@2.1.4 want: ^1.1.1
477 silly placeDep ROOT tar-stream@2.2.0 OK for: tar-fs@2.1.4 want: ^2.1.4
478 silly fetch manifest bl@^4.0.3
479 silly packumentCache full:https://registry.npmjs.org/bl cache-miss
480 silly fetch manifest fs-constants@^1.0.0
481 silly packumentCache full:https://registry.npmjs.org/fs-constants cache-miss
482 http cache https://registry.npmjs.org/fs-constants 13ms (cache hit)
483 silly packumentCache full:https://registry.npmjs.org/fs-constants set size:3522 disposed:false
484 http cache https://registry.npmjs.org/bl 16ms (cache hit)
485 silly packumentCache full:https://registry.npmjs.org/bl set size:188910 disposed:false
486 silly placeDep ROOT bl@4.1.0 OK for: tar-stream@2.2.0 want: ^4.0.3
487 silly placeDep ROOT fs-constants@1.0.0 OK for: tar-stream@2.2.0 want: ^1.0.0
488 silly fetch manifest buffer@^5.5.0
489 silly packumentCache full:https://registry.npmjs.org/buffer cache-miss
490 http cache https://registry.npmjs.org/buffer 14ms (cache hit)
491 silly packumentCache full:https://registry.npmjs.org/buffer set size:280480 disposed:false
492 silly placeDep ROOT buffer@5.7.1 OK for: bl@4.1.0 want: ^5.5.0
493 silly fetch manifest base64-js@^1.3.1
494 silly packumentCache full:https://registry.npmjs.org/base64-js cache-miss
495 silly fetch manifest ieee754@^1.1.13
496 silly packumentCache full:https://registry.npmjs.org/ieee754 cache-miss
497 http cache https://registry.npmjs.org/ieee754 10ms (cache hit)
498 silly packumentCache full:https://registry.npmjs.org/ieee754 set size:34910 disposed:false
499 http cache https://registry.npmjs.org/base64-js 14ms (cache hit)
500 silly packumentCache full:https://registry.npmjs.org/base64-js set size:41270 disposed:false
501 silly placeDep ROOT base64-js@1.5.1 OK for: buffer@5.7.1 want: ^1.3.1
502 silly placeDep ROOT ieee754@1.2.1 OK for: buffer@5.7.1 want: ^1.1.13
503 silly placeDep ROOT fdir@6.5.0 OK for: tinyglobby@0.2.15 want: ^6.5.0
504 silly placeDep ROOT picomatch@4.0.4 OK for: tinyglobby@0.2.15 want: ^4.0.3
505 silly placeDep ROOT isexe@4.0.0 OK for: which@6.0.1 want: ^4.0.0
506 silly placeDep node_modules/minipass-flush yallist@4.0.0 OK for: minipass@3.3.6 want: ^4.0.0
507 silly placeDep node_modules/minipass-pipeline yallist@4.0.0 OK for: minipass@3.3.6 want: ^4.0.0
508 silly placeDep node_modules/multer media-typer@0.3.0 OK for: type-is@1.6.18 want: 0.3.0
509 silly placeDep node_modules/multer mime-types@2.1.35 OK for: type-is@1.6.18 want: ~2.1.24
510 silly fetch manifest mime-db@1.52.0
511 silly packumentCache full:https://registry.npmjs.org/mime-db cache-miss
512 http cache https://registry.npmjs.org/mime-db 17ms (cache hit)
513 silly packumentCache full:https://registry.npmjs.org/mime-db set size:164953 disposed:false
514 silly placeDep node_modules/multer mime-db@1.52.0 OK for: mime-types@2.1.35 want: 1.52.0
515 silly reify moves {}
516 silly audit bulk request {
516 silly audit   '@socket.io/component-emitter': [ '3.1.2' ],
516 silly audit   '@types/cors': [ '2.8.19' ],
516 silly audit   '@types/node': [ '25.5.0' ],
516 silly audit   '@types/ws': [ '8.18.1' ],
516 silly audit   accepts: [ '2.0.0', '1.3.8' ],
516 silly audit   base64id: [ '2.0.0' ],
516 silly audit   'body-parser': [ '2.2.2' ],
516 silly audit   bytes: [ '3.1.2' ],
516 silly audit   'call-bind-apply-helpers': [ '1.0.2' ],
516 silly audit   'call-bound': [ '1.0.4' ],
516 silly audit   'content-disposition': [ '1.0.1' ],
516 silly audit   'content-type': [ '1.0.5' ],
516 silly audit   cookie: [ '0.7.2' ],
516 silly audit   'cookie-signature': [ '1.2.2' ],
516 silly audit   cors: [ '2.8.6' ],
516 silly audit   debug: [ '4.4.3' ],
516 silly audit   depd: [ '2.0.0' ],
516 silly audit   'dunder-proto': [ '1.0.1' ],
516 silly audit   'ee-first': [ '1.1.1' ],
516 silly audit   encodeurl: [ '2.0.0' ],
516 silly audit   'engine.io': [ '6.6.6' ],
516 silly audit   'engine.io-parser': [ '5.2.3' ],
516 silly audit   'mime-db': [ '1.52.0', '1.54.0' ],
516 silly audit   'mime-types': [ '2.1.35', '3.0.2' ],
516 silly audit   negotiator: [ '0.6.3', '1.0.0' ],
516 silly audit   'es-define-property': [ '1.0.1' ],
516 silly audit   'es-errors': [ '1.3.0' ],
516 silly audit   'es-object-atoms': [ '1.1.1' ],
516 silly audit   'escape-html': [ '1.0.3' ],
516 silly audit   etag: [ '1.8.1' ],
516 silly audit   finalhandler: [ '2.1.1' ],
516 silly audit   forwarded: [ '0.2.0' ],
516 silly audit   fresh: [ '2.0.0' ],
516 silly audit   'function-bind': [ '1.1.2' ],
516 silly audit   'get-intrinsic': [ '1.3.0' ],
516 silly audit   'get-proto': [ '1.0.1' ],
516 silly audit   gopd: [ '1.2.0' ],
516 silly audit   'has-symbols': [ '1.1.0' ],
516 silly audit   hasown: [ '2.0.2' ],
516 silly audit   'http-errors': [ '2.0.1' ],
516 silly audit   'iconv-lite': [ '0.7.2' ],
516 silly audit   inherits: [ '2.0.4' ],
516 silly audit   'ipaddr.js': [ '1.9.1' ],
516 silly audit   'is-promise': [ '4.0.0' ],
516 silly audit   'math-intrinsics': [ '1.1.0' ],
516 silly audit   'media-typer': [ '1.1.0', '0.3.0' ],
516 silly audit   'merge-descriptors': [ '2.0.0' ],
516 silly audit   ms: [ '2.1.3' ],
516 silly audit   'object-assign': [ '4.1.1' ],
516 silly audit   'object-inspect': [ '1.13.4' ],
516 silly audit   'on-finished': [ '2.4.1' ],
516 silly audit   once: [ '1.4.0' ],
516 silly audit   parseurl: [ '1.3.3' ],
516 silly audit   'path-to-regexp': [ '8.4.2' ],
516 silly audit   'proxy-addr': [ '2.0.7' ],
516 silly audit   qs: [ '6.15.0' ],
516 silly audit   'range-parser': [ '1.2.1' ],
516 silly audit   'raw-body': [ '3.0.2' ],
516 silly audit   router: [ '2.2.0' ],
516 silly audit   'safer-buffer': [ '2.1.2' ],
516 silly audit   send: [ '1.2.1' ],
516 silly audit   'serve-static': [ '2.2.1' ],
516 silly audit   setprototypeof: [ '1.2.0' ],
516 silly audit   'side-channel': [ '1.1.0' ],
516 silly audit   'side-channel-list': [ '1.0.0' ],
516 silly audit   'side-channel-map': [ '1.0.1' ],
516 silly audit   'side-channel-weakmap': [ '1.0.2' ],
516 silly audit   'socket.io-adapter': [ '2.5.6' ],
516 silly audit   'socket.io-parser': [ '4.2.6' ],
516 silly audit   statuses: [ '2.0.2' ],
516 silly audit   toidentifier: [ '1.0.1' ],
516 silly audit   'type-is': [ '2.0.1', '1.6.18' ],
516 silly audit   'undici-types': [ '7.18.2' ],
516 silly audit   unpipe: [ '1.0.0' ],
516 silly audit   vary: [ '1.1.2' ],
516 silly audit   wrappy: [ '1.0.2' ],
516 silly audit   ws: [ '8.18.3' ],
516 silly audit   bcryptjs: [ '3.0.3' ],
516 silly audit   express: [ '5.2.1' ],
516 silly audit   multer: [ '2.1.1' ],
516 silly audit   'socket.io': [ '4.8.3' ],
516 silly audit   sqlite3: [ '6.0.1' ],
516 silly audit   'append-field': [ '1.0.0' ],
516 silly audit   busboy: [ '1.6.0' ],
516 silly audit   'concat-stream': [ '2.0.0' ],
516 silly audit   streamsearch: [ '1.1.0' ],
516 silly audit   'buffer-from': [ '1.1.2' ],
516 silly audit   'readable-stream': [ '3.6.2' ],
516 silly audit   typedarray: [ '0.0.6' ],
516 silly audit   string_decoder: [ '1.3.0' ],
516 silly audit   'util-deprecate': [ '1.0.2' ],
516 silly audit   bindings: [ '1.5.0' ],
516 silly audit   'node-addon-api': [ '8.7.0' ],
516 silly audit   'node-gyp': [ '12.2.0' ],
516 silly audit   'prebuild-install': [ '7.1.3' ],
516 silly audit   tar: [ '7.5.13' ],
516 silly audit   'file-uri-to-path': [ '1.0.0' ],
516 silly audit   'env-paths': [ '2.2.1' ],
516 silly audit   'exponential-backoff': [ '3.1.3' ],
516 silly audit   'graceful-fs': [ '4.2.11' ],
516 silly audit   'make-fetch-happen': [ '15.0.5' ],
516 silly audit   nopt: [ '9.0.0' ],
516 silly audit   'proc-log': [ '6.1.0' ],
516 silly audit   semver: [ '7.7.4' ],
516 silly audit   tinyglobby: [ '0.2.15' ],
516 silly audit   which: [ '6.0.1' ],
516 silly audit   '@gar/promise-retry': [ '1.0.3' ],
516 silly audit   '@npmcli/agent': [ '4.0.0' ],
516 silly audit   '@npmcli/redact': [ '4.0.0' ],
516 silly audit   cacache: [ '20.0.4' ],
516 silly audit   'http-cache-semantics': [ '4.2.0' ],
516 silly audit   minipass: [ '7.1.3', '3.3.6' ],
516 silly audit   'minipass-fetch': [ '5.0.2' ],
516 silly audit   'minipass-flush': [ '1.0.7' ],
516 silly audit   'minipass-pipeline': [ '1.2.4' ],
516 silly audit   ssri: [ '13.0.1' ],
516 silly audit   'agent-base': [ '7.1.4' ],
516 silly audit   'http-proxy-agent': [ '7.0.2' ],
516 silly audit   'https-proxy-agent': [ '7.0.6' ],
516 silly audit   'lru-cache': [ '11.2.7' ],
516 silly audit   'socks-proxy-agent': [ '8.0.5' ],
516 silly audit   '@npmcli/fs': [ '5.0.0' ],
516 silly audit   'fs-minipass': [ '3.0.3' ],
516 silly audit   glob: [ '13.0.6' ],
516 silly audit   'minipass-collect': [ '2.0.1' ],
516 silly audit   'p-map': [ '7.0.4' ],
516 silly audit   minimatch: [ '10.2.5' ],
516 silly audit   'path-scurry': [ '2.0.2' ],
516 silly audit   'brace-expansion': [ '5.0.5' ],
516 silly audit   'balanced-match': [ '4.0.4' ],
516 silly audit   'minipass-sized': [ '2.0.0' ],
516 silly audit   minizlib: [ '3.1.0' ],
516 silly audit   abbrev: [ '4.0.0' ],
516 silly audit   'detect-libc': [ '2.1.2' ],
516 silly audit   'expand-template': [ '2.0.3' ],
516 silly audit   'github-from-package': [ '0.0.0' ],
516 silly audit   minimist: [ '1.2.8' ],
516 silly audit   'mkdirp-classic': [ '0.5.3' ],
516 silly audit   'napi-build-utils': [ '2.0.0' ],
516 silly audit   'node-abi': [ '3.89.0' ],
516 silly audit   pump: [ '3.0.4' ],
516 silly audit   rc: [ '1.2.8' ],
516 silly audit   'simple-get': [ '4.0.1' ],
516 silly audit   'tar-fs': [ '2.1.4' ],
516 silly audit   'tunnel-agent': [ '0.6.0' ],
516 silly audit   'end-of-stream': [ '1.4.5' ],
516 silly audit   'deep-extend': [ '0.6.0' ],
516 silly audit   ini: [ '1.3.8' ],
516 silly audit   'strip-json-comments': [ '2.0.1' ],
516 silly audit   'decompress-response': [ '6.0.0' ],
516 silly audit   'simple-concat': [ '1.0.1' ],
516 silly audit   'mimic-response': [ '3.1.0' ],
516 silly audit   socks: [ '2.8.7' ],
516 silly audit   'ip-address': [ '10.1.0' ],
516 silly audit   'smart-buffer': [ '4.2.0' ],
516 silly audit   'safe-buffer': [ '5.2.1' ],
516 silly audit   '@isaacs/fs-minipass': [ '4.0.1' ],
516 silly audit   chownr: [ '3.0.0', '1.1.4' ],
516 silly audit   yallist: [ '5.0.0', '4.0.0' ],
516 silly audit   'tar-stream': [ '2.2.0' ],
516 silly audit   bl: [ '4.1.0' ],
516 silly audit   'fs-constants': [ '1.0.0' ],
516 silly audit   buffer: [ '5.7.1' ],
516 silly audit   'base64-js': [ '1.5.1' ],
516 silly audit   ieee754: [ '1.2.1' ],
516 silly audit   fdir: [ '6.5.0' ],
516 silly audit   picomatch: [ '4.0.4' ],
516 silly audit   isexe: [ '4.0.0' ]
516 silly audit }
517 http cache isexe@https://registry.npmjs.org/isexe/-/isexe-4.0.0.tgz 0ms (cache hit)
518 http cache fdir@https://registry.npmjs.org/fdir/-/fdir-6.5.0.tgz 0ms (cache hit)
519 http cache picomatch@https://registry.npmjs.org/picomatch/-/picomatch-4.0.4.tgz 0ms (cache hit)
520 http cache ieee754@https://registry.npmjs.org/ieee754/-/ieee754-1.2.1.tgz 0ms (cache hit)
521 http cache base64-js@https://registry.npmjs.org/base64-js/-/base64-js-1.5.1.tgz 0ms (cache hit)
522 http cache fs-constants@https://registry.npmjs.org/fs-constants/-/fs-constants-1.0.0.tgz 0ms (cache hit)
523 http cache buffer@https://registry.npmjs.org/buffer/-/buffer-5.7.1.tgz 0ms (cache hit)
524 http cache bl@https://registry.npmjs.org/bl/-/bl-4.1.0.tgz 0ms (cache hit)
525 http cache tar-stream@https://registry.npmjs.org/tar-stream/-/tar-stream-2.2.0.tgz 0ms (cache hit)
526 http cache yallist@https://registry.npmjs.org/yallist/-/yallist-5.0.0.tgz 0ms (cache hit)
527 http cache @isaacs/fs-minipass@https://registry.npmjs.org/@isaacs/fs-minipass/-/fs-minipass-4.0.1.tgz 0ms (cache hit)
528 http cache chownr@https://registry.npmjs.org/chownr/-/chownr-3.0.0.tgz 0ms (cache hit)
529 http cache safe-buffer@https://registry.npmjs.org/safe-buffer/-/safe-buffer-5.2.1.tgz 0ms (cache hit)
530 http cache smart-buffer@https://registry.npmjs.org/smart-buffer/-/smart-buffer-4.2.0.tgz 0ms (cache hit)
531 http cache ip-address@https://registry.npmjs.org/ip-address/-/ip-address-10.1.0.tgz 0ms (cache hit)
532 http cache mimic-response@https://registry.npmjs.org/mimic-response/-/mimic-response-3.1.0.tgz 0ms (cache hit)
533 http cache simple-concat@https://registry.npmjs.org/simple-concat/-/simple-concat-1.0.1.tgz 0ms (cache hit)
534 http cache decompress-response@https://registry.npmjs.org/decompress-response/-/decompress-response-6.0.0.tgz 0ms (cache hit)
535 http cache socks@https://registry.npmjs.org/socks/-/socks-2.8.7.tgz 0ms (cache hit)
536 http cache strip-json-comments@https://registry.npmjs.org/strip-json-comments/-/strip-json-comments-2.0.1.tgz 0ms (cache hit)
537 http cache end-of-stream@https://registry.npmjs.org/end-of-stream/-/end-of-stream-1.4.5.tgz 0ms (cache hit)
538 http cache deep-extend@https://registry.npmjs.org/deep-extend/-/deep-extend-0.6.0.tgz 0ms (cache hit)
539 http cache ini@https://registry.npmjs.org/ini/-/ini-1.3.8.tgz 0ms (cache hit)
540 http cache tar-fs@https://registry.npmjs.org/tar-fs/-/tar-fs-2.1.4.tgz 0ms (cache hit)
541 http cache tunnel-agent@https://registry.npmjs.org/tunnel-agent/-/tunnel-agent-0.6.0.tgz 0ms (cache hit)
542 http cache node-abi@https://registry.npmjs.org/node-abi/-/node-abi-3.89.0.tgz 0ms (cache hit)
543 http cache napi-build-utils@https://registry.npmjs.org/napi-build-utils/-/napi-build-utils-2.0.0.tgz 0ms (cache hit)
544 http cache simple-get@https://registry.npmjs.org/simple-get/-/simple-get-4.0.1.tgz 0ms (cache hit)
545 http cache rc@https://registry.npmjs.org/rc/-/rc-1.2.8.tgz 0ms (cache hit)
546 http cache mkdirp-classic@https://registry.npmjs.org/mkdirp-classic/-/mkdirp-classic-0.5.3.tgz 1ms (cache hit)
547 http cache expand-template@https://registry.npmjs.org/expand-template/-/expand-template-2.0.3.tgz 0ms (cache hit)
548 http cache pump@https://registry.npmjs.org/pump/-/pump-3.0.4.tgz 0ms (cache hit)
549 http cache detect-libc@https://registry.npmjs.org/detect-libc/-/detect-libc-2.1.2.tgz 0ms (cache hit)
550 http cache minimist@https://registry.npmjs.org/minimist/-/minimist-1.2.8.tgz 0ms (cache hit)
551 http cache github-from-package@https://registry.npmjs.org/github-from-package/-/github-from-package-0.0.0.tgz 0ms (cache hit)
552 http cache minipass-sized@https://registry.npmjs.org/minipass-sized/-/minipass-sized-2.0.0.tgz 0ms (cache hit)
553 http cache brace-expansion@https://registry.npmjs.org/brace-expansion/-/brace-expansion-5.0.5.tgz 0ms (cache hit)
554 http cache abbrev@https://registry.npmjs.org/abbrev/-/abbrev-4.0.0.tgz 0ms (cache hit)
555 http cache path-scurry@https://registry.npmjs.org/path-scurry/-/path-scurry-2.0.2.tgz 0ms (cache hit)
556 http cache p-map@https://registry.npmjs.org/p-map/-/p-map-7.0.4.tgz 0ms (cache hit)
557 http cache balanced-match@https://registry.npmjs.org/balanced-match/-/balanced-match-4.0.4.tgz 0ms (cache hit)
558 http cache minizlib@https://registry.npmjs.org/minizlib/-/minizlib-3.1.0.tgz 0ms (cache hit)
559 http cache minipass-collect@https://registry.npmjs.org/minipass-collect/-/minipass-collect-2.0.1.tgz 0ms (cache hit)
560 http cache lru-cache@https://registry.npmjs.org/lru-cache/-/lru-cache-11.2.7.tgz 0ms (cache hit)
561 http cache minimatch@https://registry.npmjs.org/minimatch/-/minimatch-10.2.5.tgz 0ms (cache hit)
562 http cache https-proxy-agent@https://registry.npmjs.org/https-proxy-agent/-/https-proxy-agent-7.0.6.tgz 0ms (cache hit)
563 http cache http-proxy-agent@https://registry.npmjs.org/http-proxy-agent/-/http-proxy-agent-7.0.2.tgz 0ms (cache hit)
564 http cache glob@https://registry.npmjs.org/glob/-/glob-13.0.6.tgz 0ms (cache hit)
565 http cache fs-minipass@https://registry.npmjs.org/fs-minipass/-/fs-minipass-3.0.3.tgz 1ms (cache hit)
566 http cache agent-base@https://registry.npmjs.org/agent-base/-/agent-base-7.1.4.tgz 0ms (cache hit)
567 http cache minipass-pipeline@https://registry.npmjs.org/minipass-pipeline/-/minipass-pipeline-1.2.4.tgz 0ms (cache hit)
568 http cache socks-proxy-agent@https://registry.npmjs.org/socks-proxy-agent/-/socks-proxy-agent-8.0.5.tgz 0ms (cache hit)
569 http cache minipass-flush@https://registry.npmjs.org/minipass-flush/-/minipass-flush-1.0.7.tgz 0ms (cache hit)
570 http cache minipass@https://registry.npmjs.org/minipass/-/minipass-7.1.3.tgz 0ms (cache hit)
571 http cache @npmcli/fs@https://registry.npmjs.org/@npmcli/fs/-/fs-5.0.0.tgz 0ms (cache hit)
572 http cache http-cache-semantics@https://registry.npmjs.org/http-cache-semantics/-/http-cache-semantics-4.2.0.tgz 0ms (cache hit)
573 http cache ssri@https://registry.npmjs.org/ssri/-/ssri-13.0.1.tgz 0ms (cache hit)
574 http cache minipass-fetch@https://registry.npmjs.org/minipass-fetch/-/minipass-fetch-5.0.2.tgz 0ms (cache hit)
575 http cache cacache@https://registry.npmjs.org/cacache/-/cacache-20.0.4.tgz 0ms (cache hit)
576 http cache which@https://registry.npmjs.org/which/-/which-6.0.1.tgz 0ms (cache hit)
577 http cache @npmcli/redact@https://registry.npmjs.org/@npmcli/redact/-/redact-4.0.0.tgz 0ms (cache hit)
578 http cache tinyglobby@https://registry.npmjs.org/tinyglobby/-/tinyglobby-0.2.15.tgz 0ms (cache hit)
579 http cache @npmcli/agent@https://registry.npmjs.org/@npmcli/agent/-/agent-4.0.0.tgz 0ms (cache hit)
580 http cache proc-log@https://registry.npmjs.org/proc-log/-/proc-log-6.1.0.tgz 0ms (cache hit)
581 http cache @gar/promise-retry@https://registry.npmjs.org/@gar/promise-retry/-/promise-retry-1.0.3.tgz 0ms (cache hit)
582 http cache make-fetch-happen@https://registry.npmjs.org/make-fetch-happen/-/make-fetch-happen-15.0.5.tgz 0ms (cache hit)
583 http cache exponential-backoff@https://registry.npmjs.org/exponential-backoff/-/exponential-backoff-3.1.3.tgz 0ms (cache hit)
584 http cache semver@https://registry.npmjs.org/semver/-/semver-7.7.4.tgz 0ms (cache hit)
585 http cache env-paths@https://registry.npmjs.org/env-paths/-/env-paths-2.2.1.tgz 0ms (cache hit)
586 http cache nopt@https://registry.npmjs.org/nopt/-/nopt-9.0.0.tgz 0ms (cache hit)
587 http cache tar@https://registry.npmjs.org/tar/-/tar-7.5.13.tgz 0ms (cache hit)
588 http cache graceful-fs@https://registry.npmjs.org/graceful-fs/-/graceful-fs-4.2.11.tgz 0ms (cache hit)
589 http cache node-gyp@https://registry.npmjs.org/node-gyp/-/node-gyp-12.2.0.tgz 0ms (cache hit)
590 http cache bindings@https://registry.npmjs.org/bindings/-/bindings-1.5.0.tgz 0ms (cache hit)
591 http cache file-uri-to-path@https://registry.npmjs.org/file-uri-to-path/-/file-uri-to-path-1.0.0.tgz 0ms (cache hit)
592 http cache util-deprecate@https://registry.npmjs.org/util-deprecate/-/util-deprecate-1.0.2.tgz 0ms (cache hit)
593 http cache prebuild-install@https://registry.npmjs.org/prebuild-install/-/prebuild-install-7.1.3.tgz 0ms (cache hit)
594 http cache node-addon-api@https://registry.npmjs.org/node-addon-api/-/node-addon-api-8.7.0.tgz 0ms (cache hit)
595 http cache readable-stream@https://registry.npmjs.org/readable-stream/-/readable-stream-3.6.2.tgz 0ms (cache hit)
596 http cache string_decoder@https://registry.npmjs.org/string_decoder/-/string_decoder-1.3.0.tgz 0ms (cache hit)
597 http cache typedarray@https://registry.npmjs.org/typedarray/-/typedarray-0.0.6.tgz 0ms (cache hit)
598 http cache buffer-from@https://registry.npmjs.org/buffer-from/-/buffer-from-1.1.2.tgz 0ms (cache hit)
599 http cache streamsearch@https://registry.npmjs.org/streamsearch/-/streamsearch-1.1.0.tgz 0ms (cache hit)
600 http cache busboy@https://registry.npmjs.org/busboy/-/busboy-1.6.0.tgz 0ms (cache hit)
601 http cache append-field@https://registry.npmjs.org/append-field/-/append-field-1.0.0.tgz 0ms (cache hit)
602 http cache sqlite3@https://registry.npmjs.org/sqlite3/-/sqlite3-6.0.1.tgz 0ms (cache hit)
603 http cache multer@https://registry.npmjs.org/multer/-/multer-2.1.1.tgz 0ms (cache hit)
604 http cache chownr@https://registry.npmjs.org/chownr/-/chownr-1.1.4.tgz 0ms (cache hit)
605 http cache yallist@https://registry.npmjs.org/yallist/-/yallist-4.0.0.tgz 0ms (cache hit)
606 http cache minipass@https://registry.npmjs.org/minipass/-/minipass-3.3.6.tgz 0ms (cache hit)
607 http cache yallist@https://registry.npmjs.org/yallist/-/yallist-4.0.0.tgz 0ms (cache hit)
608 http cache minipass@https://registry.npmjs.org/minipass/-/minipass-3.3.6.tgz 0ms (cache hit)
609 http cache media-typer@https://registry.npmjs.org/media-typer/-/media-typer-0.3.0.tgz 0ms (cache hit)
610 http cache mime-db@https://registry.npmjs.org/mime-db/-/mime-db-1.52.0.tgz 0ms (cache hit)
611 http cache mime-types@https://registry.npmjs.org/mime-types/-/mime-types-2.1.35.tgz 0ms (cache hit)
612 http cache type-is@https://registry.npmjs.org/type-is/-/type-is-1.6.18.tgz 0ms (cache hit)
613 http cache concat-stream@https://registry.npmjs.org/concat-stream/-/concat-stream-2.0.0.tgz 0ms (cache hit)
614 warn deprecated prebuild-install@7.1.3: No longer maintained. Please contact the author of the relevant native addon; alternatives are available.
615 http fetch POST 200 https://registry.npmjs.org/-/npm/v1/security/advisories/bulk 985ms
616 silly audit report {}
617 info run sqlite3@6.0.1 install node_modules/sqlite3 prebuild-install -r napi || node-gyp rebuild
618 info run sqlite3@6.0.1 install { code: 1, signal: null }
619 verbose stack Error: command failed
619 verbose stack     at promiseSpawn (/data/data/com.termux/files/usr/lib/node_modules/npm/node_modules/@npmcli/promise-spawn/lib/index.js:22:22)
619 verbose stack     at spawnWithShell (/data/data/com.termux/files/usr/lib/node_modules/npm/node_modules/@npmcli/promise-spawn/lib/index.js:124:10)
619 verbose stack     at promiseSpawn (/data/data/com.termux/files/usr/lib/node_modules/npm/node_modules/@npmcli/promise-spawn/lib/index.js:12:12)
619 verbose stack     at runScriptPkg (/data/data/com.termux/files/usr/lib/node_modules/npm/node_modules/@npmcli/run-script/lib/run-script-pkg.js:79:13)
619 verbose stack     at runScript (/data/data/com.termux/files/usr/lib/node_modules/npm/node_modules/@npmcli/run-script/lib/run-script.js:9:12)
619 verbose stack     at /data/data/com.termux/files/usr/lib/node_modules/npm/node_modules/@npmcli/arborist/lib/arborist/rebuild.js:328:17
619 verbose stack     at run (/data/data/com.termux/files/usr/lib/node_modules/npm/node_modules/promise-call-limit/dist/commonjs/index.js:67:22)
619 verbose stack     at /data/data/com.termux/files/usr/lib/node_modules/npm/node_modules/promise-call-limit/dist/commonjs/index.js:84:9
619 verbose stack     at new Promise (<anonymous>)
619 verbose stack     at callLimit (/data/data/com.termux/files/usr/lib/node_modules/npm/node_modules/promise-call-limit/dist/commonjs/index.js:35:69)
620 verbose pkgid sqlite3@6.0.1
621 error code 1
622 error path /data/data/com.termux/files/home/kurd_chat/node_modules/sqlite3
623 error command failed
624 error command sh -c prebuild-install -r napi || node-gyp rebuild
625 error prebuild-install warn install No prebuilt binaries found (target=6 runtime=napi arch=arm64 libc= platform=android)
625 error gyp info it worked if it ends with ok
625 error gyp info using node-gyp@12.2.0
625 error gyp info using node@25.8.2 | android | arm64
625 error gyp info find Python using Python version 3.13.12 found at "/data/data/com.termux/files/usr/bin/python3"
625 error gyp info spawn /data/data/com.termux/files/usr/bin/python3
625 error gyp info spawn args [
625 error gyp info spawn args '/data/data/com.termux/files/home/kurd_chat/node_modules/node-gyp/gyp/gyp_main.py',
625 error gyp info spawn args 'binding.gyp',
625 error gyp info spawn args '-f',
625 error gyp info spawn args 'make',
625 error gyp info spawn args '-I',
625 error gyp info spawn args '/data/data/com.termux/files/home/kurd_chat/node_modules/sqlite3/build/config.gypi',
625 error gyp info spawn args '-I',
625 error gyp info spawn args '/data/data/com.termux/files/home/kurd_chat/node_modules/node-gyp/addon.gypi',
625 error gyp info spawn args '-I',
625 error gyp info spawn args '/data/data/com.termux/files/home/.cache/node-gyp/25.8.2/include/node/common.gypi',
625 error gyp info spawn args '-Dlibrary=shared_library',
625 error gyp info spawn args '-Dvisibility=default',
625 error gyp info spawn args '-Dnode_root_dir=/data/data/com.termux/files/home/.cache/node-gyp/25.8.2',
625 error gyp info spawn args '-Dnode_gyp_dir=/data/data/com.termux/files/home/kurd_chat/node_modules/node-gyp',
625 error gyp info spawn args '-Dnode_lib_file=/data/data/com.termux/files/home/.cache/node-gyp/25.8.2/<(target_arch)/node.lib',
625 error gyp info spawn args '-Dmodule_root_dir=/data/data/com.termux/files/home/kurd_chat/node_modules/sqlite3',
625 error gyp info spawn args '-Dnode_engine=v8',
625 error gyp info spawn args '--depth=.',
625 error gyp info spawn args '--no-parallel',
625 error gyp info spawn args '--generator-output',
625 error gyp info spawn args 'build',
625 error gyp info spawn args '-Goutput_dir=.'
625 error gyp info spawn args ]
625 error gyp: Undefined variable android_ndk_path in binding.gyp while trying to load binding.gyp
625 error gyp ERR! configure error 
625 error gyp ERR! stack Error: `gyp` failed with exit code: 1
625 error gyp ERR! stack at ChildProcess.<anonymous> (/data/data/com.termux/files/home/kurd_chat/node_modules/node-gyp/lib/configure.js:317:18)
625 error gyp ERR! stack at ChildProcess.emit (node:events:508:20)
625 error gyp ERR! stack at ChildProcess._handle.onexit (node:internal/child_process:294:12)
625 error gyp ERR! System Linux 6.1.115-android14-11-ga2521ca27699-ab13294383
625 error gyp ERR! command "/data/data/com.termux/files/usr/bin/node" "/data/data/com.termux/files/home/kurd_chat/node_modules/.bin/node-gyp" "rebuild"
625 error gyp ERR! cwd /data/data/com.termux/files/home/kurd_chat/node_modules/sqlite3
625 error gyp ERR! node -v v25.8.2
625 error gyp ERR! node-gyp -v v12.2.0
625 error gyp ERR! $npm_package_name sqlite3
625 error gyp ERR! $npm_package_version 6.0.1
625 error gyp ERR! not ok
626 silly unfinished npm timer reify 1775186018570
627 silly unfinished npm timer reify:build 1775186021617
628 silly unfinished npm timer build 1775186021617
629 silly unfinished npm timer build:deps 1775186021618
630 silly unfinished npm timer build:run:install 1775186021628
631 silly unfinished npm timer build:run:install:node_modules/sqlite3 1775186021628
632 verbose cwd /data/data/com.termux/files/home/kurd_chat
633 verbose os Linux 6.1.115-android14-11-ga2521ca27699-ab13294383
634 verbose node v25.8.2
635 verbose npm  v11.12.1
636 verbose exit 1
637 verbose code 1
638 error A complete log of this run can be found in: /data/data/com.termux/files/home/.npm/_logs/2026-04-03T03_13_37_990Z-debug-0.log
