0 verbose cli /data/data/com.termux/files/usr/bin/node /data/data/com.termux/files/usr/bin/npm
1 info using npm@11.12.1
2 info using node@v25.8.2
3 silly config load:file:/data/data/com.termux/files/usr/lib/node_modules/npm/npmrc
4 silly config load:file:/data/data/com.termux/files/home/kurd_chat/.npmrc
5 silly config load:file:/data/data/com.termux/files/home/.npmrc
6 silly config load:file:/data/data/com.termux/files/usr/etc/npmrc
7 verbose title npm install express socket.io bcryptjs multer nedb
8 verbose argv "install" "express" "socket.io" "bcryptjs" "multer" "nedb"
9 verbose logfile logs-max:10 dir:/data/data/com.termux/files/home/.npm/_logs/2026-04-03T03_15_29_772Z-
10 verbose logfile /data/data/com.termux/files/home/.npm/_logs/2026-04-03T03_15_29_772Z-debug-0.log
11 silly logfile start cleaning logs, removing 1 files
12 silly packumentCache heap:1174405120 maxSize:293601280 maxEntrySize:146800640
13 silly logfile done cleaning log files
14 silly idealTree buildDeps
15 silly fetch manifest bcryptjs@^3.0.3
16 silly packumentCache full:https://registry.npmjs.org/bcryptjs cache-miss
17 http cache https://registry.npmjs.org/bcryptjs 103ms (cache hit)
18 silly packumentCache full:https://registry.npmjs.org/bcryptjs set size:80409 disposed:false
19 silly fetch manifest express@^5.2.1
20 silly packumentCache full:https://registry.npmjs.org/express cache-miss
21 http fetch GET 200 https://registry.npmjs.org/express 693ms (cache revalidated)
22 silly packumentCache full:https://registry.npmjs.org/express set size:801257 disposed:false
23 silly fetch manifest multer@^2.1.1
24 silly packumentCache full:https://registry.npmjs.org/multer cache-miss
25 http cache https://registry.npmjs.org/multer 15ms (cache hit)
26 silly packumentCache full:https://registry.npmjs.org/multer set size:150932 disposed:false
27 silly fetch manifest nedb@^1.8.0
28 silly packumentCache full:https://registry.npmjs.org/nedb cache-miss
29 http cache https://registry.npmjs.org/nedb 10ms (cache hit)
30 silly packumentCache full:https://registry.npmjs.org/nedb set size:184203 disposed:false
31 silly fetch manifest socket.io@^4.8.3
32 silly packumentCache full:https://registry.npmjs.org/socket.io cache-miss
33 http fetch GET 200 https://registry.npmjs.org/socket.io 317ms (cache revalidated)
34 silly packumentCache full:https://registry.npmjs.org/socket.io set size:379231 disposed:false
35 silly placeDep ROOT bcryptjs@3.0.3 REPLACE for: kurd_chat@1.0.0 want: ^3.0.3
36 silly placeDep ROOT express@5.2.1 REPLACE for: kurd_chat@1.0.0 want: ^5.2.1
37 silly placeDep ROOT multer@2.1.1 REPLACE for: kurd_chat@1.0.0 want: ^2.1.1
38 silly placeDep ROOT nedb@1.8.0 REPLACE for: kurd_chat@1.0.0 want: ^1.8.0
39 silly placeDep ROOT socket.io@4.8.3 REPLACE for: kurd_chat@1.0.0 want: ^4.8.3
40 silly reify moves {}
41 silly audit bulk request {
41 silly audit   '@socket.io/component-emitter': [ '3.1.2' ],
41 silly audit   '@types/cors': [ '2.8.19' ],
41 silly audit   '@types/node': [ '25.5.0' ],
41 silly audit   '@types/ws': [ '8.18.1' ],
41 silly audit   accepts: [ '2.0.0', '1.3.8' ],
41 silly audit   'append-field': [ '1.0.0' ],
41 silly audit   async: [ '0.2.10' ],
41 silly audit   base64id: [ '2.0.0' ],
41 silly audit   'binary-search-tree': [ '0.2.5' ],
41 silly audit   'body-parser': [ '2.2.2' ],
41 silly audit   'buffer-from': [ '1.1.2' ],
41 silly audit   busboy: [ '1.6.0' ],
41 silly audit   bytes: [ '3.1.2' ],
41 silly audit   'call-bind-apply-helpers': [ '1.0.2' ],
41 silly audit   'call-bound': [ '1.0.4' ],
41 silly audit   'concat-stream': [ '2.0.0' ],
41 silly audit   'content-disposition': [ '1.0.1' ],
41 silly audit   'content-type': [ '1.0.5' ],
41 silly audit   cookie: [ '0.7.2' ],
41 silly audit   'cookie-signature': [ '1.2.2' ],
41 silly audit   cors: [ '2.8.6' ],
41 silly audit   debug: [ '4.4.3' ],
41 silly audit   depd: [ '2.0.0' ],
41 silly audit   'dunder-proto': [ '1.0.1' ],
41 silly audit   'ee-first': [ '1.1.1' ],
41 silly audit   encodeurl: [ '2.0.0' ],
41 silly audit   'engine.io': [ '6.6.6' ],
41 silly audit   'engine.io-parser': [ '5.2.3' ],
41 silly audit   'mime-db': [ '1.52.0', '1.54.0' ],
41 silly audit   'mime-types': [ '2.1.35', '3.0.2' ],
41 silly audit   negotiator: [ '0.6.3', '1.0.0' ],
41 silly audit   'es-define-property': [ '1.0.1' ],
41 silly audit   'es-errors': [ '1.3.0' ],
41 silly audit   'es-object-atoms': [ '1.1.1' ],
41 silly audit   'escape-html': [ '1.0.3' ],
41 silly audit   etag: [ '1.8.1' ],
41 silly audit   finalhandler: [ '2.1.1' ],
41 silly audit   forwarded: [ '0.2.0' ],
41 silly audit   fresh: [ '2.0.0' ],
41 silly audit   'function-bind': [ '1.1.2' ],
41 silly audit   'get-intrinsic': [ '1.3.0' ],
41 silly audit   'get-proto': [ '1.0.1' ],
41 silly audit   gopd: [ '1.2.0' ],
41 silly audit   'has-symbols': [ '1.1.0' ],
41 silly audit   hasown: [ '2.0.2' ],
41 silly audit   'http-errors': [ '2.0.1' ],
41 silly audit   'iconv-lite': [ '0.7.2' ],
41 silly audit   immediate: [ '3.0.6' ],
41 silly audit   inherits: [ '2.0.4' ],
41 silly audit   'ipaddr.js': [ '1.9.1' ],
41 silly audit   'is-promise': [ '4.0.0' ],
41 silly audit   lie: [ '3.1.1' ],
41 silly audit   localforage: [ '1.10.0' ],
41 silly audit   'math-intrinsics': [ '1.1.0' ],
41 silly audit   'media-typer': [ '1.1.0', '0.3.0' ],
41 silly audit   'merge-descriptors': [ '2.0.0' ],
41 silly audit   minimist: [ '1.2.8' ],
41 silly audit   mkdirp: [ '0.5.6' ],
41 silly audit   ms: [ '2.1.3' ],
41 silly audit   'type-is': [ '2.0.1', '1.6.18' ],
41 silly audit   'object-assign': [ '4.1.1' ],
41 silly audit   'object-inspect': [ '1.13.4' ],
41 silly audit   'on-finished': [ '2.4.1' ],
41 silly audit   once: [ '1.4.0' ],
41 silly audit   parseurl: [ '1.3.3' ],
41 silly audit   'path-to-regexp': [ '8.4.2' ],
41 silly audit   'proxy-addr': [ '2.0.7' ],
41 silly audit   qs: [ '6.15.0' ],
41 silly audit   'range-parser': [ '1.2.1' ],
41 silly audit   'raw-body': [ '3.0.2' ],
41 silly audit   'readable-stream': [ '3.6.2' ],
41 silly audit   router: [ '2.2.0' ],
41 silly audit   'safe-buffer': [ '5.2.1' ],
41 silly audit   'safer-buffer': [ '2.1.2' ],
41 silly audit   send: [ '1.2.1' ],
41 silly audit   'serve-static': [ '2.2.1' ],
41 silly audit   setprototypeof: [ '1.2.0' ],
41 silly audit   'side-channel': [ '1.1.0' ],
41 silly audit   'side-channel-list': [ '1.0.0' ],
41 silly audit   'side-channel-map': [ '1.0.1' ],
41 silly audit   'side-channel-weakmap': [ '1.0.2' ],
41 silly audit   'socket.io-adapter': [ '2.5.6' ],
41 silly audit   'socket.io-parser': [ '4.2.6' ],
41 silly audit   statuses: [ '2.0.2' ],
41 silly audit   streamsearch: [ '1.1.0' ],
41 silly audit   string_decoder: [ '1.3.0' ],
41 silly audit   toidentifier: [ '1.0.1' ],
41 silly audit   typedarray: [ '0.0.6' ],
41 silly audit   underscore: [ '1.4.4' ],
41 silly audit   'undici-types': [ '7.18.2' ],
41 silly audit   unpipe: [ '1.0.0' ],
41 silly audit   'util-deprecate': [ '1.0.2' ],
41 silly audit   vary: [ '1.1.2' ],
41 silly audit   wrappy: [ '1.0.2' ],
41 silly audit   ws: [ '8.18.3' ],
41 silly audit   bcryptjs: [ '3.0.3' ],
41 silly audit   express: [ '5.2.1' ],
41 silly audit   multer: [ '2.1.1' ],
41 silly audit   nedb: [ '1.8.0' ],
41 silly audit   'socket.io': [ '4.8.3' ]
41 silly audit }
42 http fetch POST 200 https://registry.npmjs.org/-/npm/v1/security/advisories/bulk 324ms
43 silly audit report {
43 silly audit report   underscore: [
43 silly audit report     {
43 silly audit report       id: 1109570,
43 silly audit report       url: 'https://github.com/advisories/GHSA-cf4h-3jhx-xvhq',
43 silly audit report       title: 'Arbitrary Code Execution in underscore',
43 silly audit report       severity: 'critical',
43 silly audit report       vulnerable_versions: '>=1.3.2 <1.12.1',
43 silly audit report       cwe: [Array],
43 silly audit report       cvss: [Object]
43 silly audit report     },
43 silly audit report     {
43 silly audit report       id: 1113950,
43 silly audit report       url: 'https://github.com/advisories/GHSA-qpx9-hpmf-5gmw',
43 silly audit report       title: 'Underscore has unlimited recursion in _.flatten and _.isEqual, potential for DoS attack',
43 silly audit report       severity: 'high',
43 silly audit report       vulnerable_versions: '<=1.13.7',
43 silly audit report       cwe: [Array],
43 silly audit report       cvss: [Object]
43 silly audit report     }
43 silly audit report   ],
43 silly audit report   nedb: [
43 silly audit report     {
43 silly audit report       id: 1093031,
43 silly audit report       url: 'https://github.com/advisories/GHSA-339j-hqgx-qrrx',
43 silly audit report       title: 'Prototype Pollution in nedb',
43 silly audit report       severity: 'high',
43 silly audit report       vulnerable_versions: '<=1.8.0',
43 silly audit report       cwe: [Array],
43 silly audit report       cvss: [Object]
43 silly audit report     }
43 silly audit report   ]
43 silly audit report }
44 silly packumentCache corgi:https://registry.npmjs.org/underscore cache-miss
45 silly packumentCache corgi:https://registry.npmjs.org/nedb cache-miss
46 http cache https://registry.npmjs.org/underscore 8ms (cache hit)
47 silly packumentCache corgi:https://registry.npmjs.org/underscore set size:54625 disposed:false
48 http cache https://registry.npmjs.org/nedb 14ms (cache hit)
49 silly packumentCache corgi:https://registry.npmjs.org/nedb set size:63929 disposed:false
50 silly packumentCache corgi:https://registry.npmjs.org/binary-search-tree cache-miss
51 http cache https://registry.npmjs.org/binary-search-tree 5ms (cache hit)
52 silly packumentCache corgi:https://registry.npmjs.org/binary-search-tree set size:8946 disposed:false
53 verbose cwd /data/data/com.termux/files/home/kurd_chat
54 verbose os Linux 6.1.115-android14-11-ga2521ca27699-ab13294383
55 verbose node v25.8.2
56 verbose npm  v11.12.1
57 verbose exit 0
58 info ok
