0 verbose cli /data/data/com.termux/files/usr/bin/node /data/data/com.termux/files/usr/bin/npm
1 info using npm@11.12.1
2 info using node@v25.8.2
3 silly config load:file:/data/data/com.termux/files/usr/lib/node_modules/npm/npmrc
4 silly config load:file:/data/data/com.termux/files/home/.npmrc
5 silly config load:file:/data/data/com.termux/files/usr/etc/npmrc
6 verbose title npm install http-server
7 verbose argv "install" "--global" "http-server"
8 verbose logfile logs-max:10 dir:/data/data/com.termux/files/home/.npm/_logs/2026-04-13T17_39_44_571Z-
9 verbose logfile /data/data/com.termux/files/home/.npm/_logs/2026-04-13T17_39_44_571Z-debug-0.log
10 silly packumentCache heap:1174405120 maxSize:293601280 maxEntrySize:146800640
11 silly logfile start cleaning logs, removing 1 files
12 silly logfile done cleaning log files
13 silly idealTree buildDeps
14 silly fetch manifest http-server@*
15 silly packumentCache full:https://registry.npmjs.org/http-server cache-miss
16 http fetch GET 200 https://registry.npmjs.org/npm 593ms
17 http fetch GET 200 https://registry.npmjs.org/http-server 709ms (cache revalidated)
18 silly packumentCache full:https://registry.npmjs.org/http-server set size:133756 disposed:false
19 silly placeDep ROOT http-server@14.1.1 OK for:  want: *
20 silly fetch manifest he@^1.2.0
21 silly packumentCache full:https://registry.npmjs.org/he cache-miss
22 silly fetch manifest mime@^1.6.0
23 silly packumentCache full:https://registry.npmjs.org/mime cache-miss
24 silly fetch manifest chalk@^4.1.2
25 silly packumentCache full:https://registry.npmjs.org/chalk cache-miss
26 silly fetch manifest union@~0.5.0
27 silly packumentCache full:https://registry.npmjs.org/union cache-miss
28 silly fetch manifest corser@^2.0.1
29 silly packumentCache full:https://registry.npmjs.org/corser cache-miss
30 silly fetch manifest opener@^1.5.1
31 silly packumentCache full:https://registry.npmjs.org/opener cache-miss
32 silly fetch manifest minimist@^1.2.6
33 silly packumentCache full:https://registry.npmjs.org/minimist cache-miss
34 http fetch GET 200 https://registry.npmjs.org/chalk 403ms (cache revalidated)
35 silly packumentCache full:https://registry.npmjs.org/chalk set size:117861 disposed:false
36 silly fetch manifest url-join@^4.0.1
37 silly packumentCache full:https://registry.npmjs.org/url-join cache-miss
38 http fetch GET 200 https://registry.npmjs.org/he 509ms (cache revalidated)
39 silly packumentCache full:https://registry.npmjs.org/he set size:58773 disposed:false
40 silly fetch manifest basic-auth@^2.0.1
41 silly packumentCache full:https://registry.npmjs.org/basic-auth cache-miss
42 http fetch GET 200 https://registry.npmjs.org/opener 529ms (cache revalidated)
43 silly packumentCache full:https://registry.npmjs.org/opener set size:21206 disposed:false
44 silly fetch manifest http-proxy@^1.18.1
45 silly packumentCache full:https://registry.npmjs.org/http-proxy cache-miss
46 http fetch GET 200 https://registry.npmjs.org/minimist 542ms (cache revalidated)
47 silly packumentCache full:https://registry.npmjs.org/minimist set size:77063 disposed:false
48 silly fetch manifest portfinder@^1.0.28
49 silly packumentCache full:https://registry.npmjs.org/portfinder cache-miss
50 http fetch GET 200 https://registry.npmjs.org/mime 564ms (cache revalidated)
51 silly packumentCache full:https://registry.npmjs.org/mime set size:119236 disposed:false
52 silly fetch manifest secure-compare@3.0.1
53 silly packumentCache full:https://registry.npmjs.org/secure-compare cache-miss
54 http fetch GET 200 https://registry.npmjs.org/corser 822ms (cache revalidated)
55 silly packumentCache full:https://registry.npmjs.org/corser set size:22714 disposed:false
56 silly fetch manifest html-encoding-sniffer@^3.0.0
57 silly packumentCache full:https://registry.npmjs.org/html-encoding-sniffer cache-miss
58 http fetch GET 200 https://registry.npmjs.org/basic-auth 352ms (cache revalidated)
59 silly packumentCache full:https://registry.npmjs.org/basic-auth set size:21757 disposed:false
60 http fetch GET 200 https://registry.npmjs.org/portfinder 323ms (cache revalidated)
61 silly packumentCache full:https://registry.npmjs.org/portfinder set size:92930 disposed:false
62 http fetch GET 200 https://registry.npmjs.org/secure-compare 313ms (cache revalidated)
63 silly packumentCache full:https://registry.npmjs.org/secure-compare set size:3978 disposed:false
64 http fetch GET 200 https://registry.npmjs.org/union 945ms (cache revalidated)
65 silly packumentCache full:https://registry.npmjs.org/union set size:49652 disposed:false
66 http fetch GET 200 https://registry.npmjs.org/http-proxy 423ms (cache revalidated)
67 silly packumentCache full:https://registry.npmjs.org/http-proxy set size:183156 disposed:false
68 http fetch GET 200 https://registry.npmjs.org/url-join 805ms (cache revalidated)
69 silly packumentCache full:https://registry.npmjs.org/url-join set size:22958 disposed:false
70 http fetch GET 200 https://registry.npmjs.org/html-encoding-sniffer 792ms (cache revalidated)
71 silly packumentCache full:https://registry.npmjs.org/html-encoding-sniffer set size:23370 disposed:false
72 silly placeDep node_modules/http-server basic-auth@2.0.1 OK for: http-server@14.1.1 want: ^2.0.1
73 silly placeDep node_modules/http-server chalk@4.1.2 OK for: http-server@14.1.1 want: ^4.1.2
74 silly placeDep node_modules/http-server corser@2.0.1 OK for: http-server@14.1.1 want: ^2.0.1
75 silly placeDep node_modules/http-server he@1.2.0 OK for: http-server@14.1.1 want: ^1.2.0
76 silly placeDep node_modules/http-server html-encoding-sniffer@3.0.0 OK for: http-server@14.1.1 want: ^3.0.0
77 silly placeDep node_modules/http-server http-proxy@1.18.1 OK for: http-server@14.1.1 want: ^1.18.1
78 silly placeDep node_modules/http-server mime@1.6.0 OK for: http-server@14.1.1 want: ^1.6.0
79 silly placeDep node_modules/http-server minimist@1.2.8 OK for: http-server@14.1.1 want: ^1.2.6
80 silly placeDep node_modules/http-server opener@1.5.2 OK for: http-server@14.1.1 want: ^1.5.1
81 silly placeDep node_modules/http-server portfinder@1.0.38 OK for: http-server@14.1.1 want: ^1.0.28
82 silly placeDep node_modules/http-server secure-compare@3.0.1 OK for: http-server@14.1.1 want: 3.0.1
83 silly placeDep node_modules/http-server union@0.5.0 OK for: http-server@14.1.1 want: ~0.5.0
84 silly placeDep node_modules/http-server url-join@4.0.1 OK for: http-server@14.1.1 want: ^4.0.1
85 silly fetch manifest safe-buffer@5.1.2
86 silly packumentCache full:https://registry.npmjs.org/safe-buffer cache-miss
87 silly fetch manifest ansi-styles@^4.1.0
88 silly packumentCache full:https://registry.npmjs.org/ansi-styles cache-miss
89 silly fetch manifest supports-color@^7.1.0
90 silly packumentCache full:https://registry.npmjs.org/supports-color cache-miss
91 silly fetch manifest whatwg-encoding@^2.0.0
92 silly packumentCache full:https://registry.npmjs.org/whatwg-encoding cache-miss
93 silly fetch manifest eventemitter3@^4.0.0
94 silly packumentCache full:https://registry.npmjs.org/eventemitter3 cache-miss
95 silly fetch manifest requires-port@^1.0.0
96 silly packumentCache full:https://registry.npmjs.org/requires-port cache-miss
97 silly fetch manifest follow-redirects@^1.0.0
98 silly packumentCache full:https://registry.npmjs.org/follow-redirects cache-miss
99 http fetch GET 200 https://registry.npmjs.org/whatwg-encoding 337ms (cache revalidated)
100 silly packumentCache full:https://registry.npmjs.org/whatwg-encoding set size:25704 disposed:false
101 silly fetch manifest async@^3.2.6
102 silly packumentCache full:https://registry.npmjs.org/async cache-miss
103 http fetch GET 200 https://registry.npmjs.org/requires-port 338ms (cache revalidated)
104 silly packumentCache full:https://registry.npmjs.org/requires-port set size:8110 disposed:false
105 silly fetch manifest debug@^4.3.6
106 silly packumentCache full:https://registry.npmjs.org/debug cache-miss
107 http fetch GET 200 https://registry.npmjs.org/eventemitter3 345ms (cache revalidated)
108 silly packumentCache full:https://registry.npmjs.org/eventemitter3 set size:92292 disposed:false
109 silly fetch manifest qs@^6.4.0
110 silly packumentCache full:https://registry.npmjs.org/qs cache-miss
111 http fetch GET 200 https://registry.npmjs.org/supports-color 355ms (cache revalidated)
112 silly packumentCache full:https://registry.npmjs.org/supports-color set size:118680 disposed:false
113 http fetch GET 200 https://registry.npmjs.org/qs 320ms (cache updated)
114 silly packumentCache full:https://registry.npmjs.org/qs set size:undefined disposed:false
115 http fetch GET 200 https://registry.npmjs.org/debug 336ms (cache revalidated)
116 silly packumentCache full:https://registry.npmjs.org/debug set size:195840 disposed:false
117 http fetch GET 200 https://registry.npmjs.org/safe-buffer 732ms (cache revalidated)
118 silly packumentCache full:https://registry.npmjs.org/safe-buffer set size:41183 disposed:false
119 http fetch GET 200 https://registry.npmjs.org/ansi-styles 747ms (cache revalidated)
120 silly packumentCache full:https://registry.npmjs.org/ansi-styles set size:63233 disposed:false
121 http fetch GET 200 https://registry.npmjs.org/follow-redirects 754ms (cache updated)
122 silly packumentCache full:https://registry.npmjs.org/follow-redirects set size:undefined disposed:false
123 http fetch GET 200 https://registry.npmjs.org/async 829ms (cache revalidated)
124 silly packumentCache full:https://registry.npmjs.org/async set size:230496 disposed:false
125 silly placeDep node_modules/http-server safe-buffer@5.1.2 OK for: basic-auth@2.0.1 want: 5.1.2
126 silly placeDep node_modules/http-server ansi-styles@4.3.0 OK for: chalk@4.1.2 want: ^4.1.0
127 silly placeDep node_modules/http-server supports-color@7.2.0 OK for: chalk@4.1.2 want: ^7.1.0
128 silly fetch manifest color-convert@^2.0.1
129 silly packumentCache full:https://registry.npmjs.org/color-convert cache-miss
130 silly fetch manifest has-flag@^4.0.0
131 silly packumentCache full:https://registry.npmjs.org/has-flag cache-miss
132 http fetch GET 200 https://registry.npmjs.org/has-flag 331ms (cache revalidated)
133 silly packumentCache full:https://registry.npmjs.org/has-flag set size:15180 disposed:false
134 http fetch GET 200 https://registry.npmjs.org/color-convert 850ms (cache revalidated)
135 silly packumentCache full:https://registry.npmjs.org/color-convert set size:72663 disposed:false
136 silly placeDep node_modules/http-server color-convert@2.0.1 OK for: ansi-styles@4.3.0 want: ^2.0.1
137 silly fetch manifest color-name@~1.1.4
138 silly packumentCache full:https://registry.npmjs.org/color-name cache-miss
139 http fetch GET 200 https://registry.npmjs.org/color-name 330ms (cache revalidated)
140 silly packumentCache full:https://registry.npmjs.org/color-name set size:19467 disposed:false
141 silly placeDep node_modules/http-server color-name@1.1.4 OK for: color-convert@2.0.1 want: ~1.1.4
142 silly placeDep node_modules/http-server whatwg-encoding@2.0.0 OK for: html-encoding-sniffer@3.0.0 want: ^2.0.0
143 silly fetch manifest iconv-lite@0.6.3
144 silly packumentCache full:https://registry.npmjs.org/iconv-lite cache-miss
145 http fetch GET 200 https://registry.npmjs.org/iconv-lite 330ms (cache revalidated)
146 silly packumentCache full:https://registry.npmjs.org/iconv-lite set size:120557 disposed:false
147 silly placeDep node_modules/http-server eventemitter3@4.0.7 OK for: http-proxy@1.18.1 want: ^4.0.0
148 silly placeDep node_modules/http-server follow-redirects@1.16.0 OK for: http-proxy@1.18.1 want: ^1.0.0
149 silly placeDep node_modules/http-server requires-port@1.0.0 OK for: http-proxy@1.18.1 want: ^1.0.0
150 silly placeDep node_modules/http-server async@3.2.6 OK for: portfinder@1.0.38 want: ^3.2.6
151 silly placeDep node_modules/http-server debug@4.4.3 OK for: portfinder@1.0.38 want: ^4.3.6
152 silly fetch manifest ms@^2.1.3
153 silly packumentCache full:https://registry.npmjs.org/ms cache-miss
154 http fetch GET 200 https://registry.npmjs.org/ms 350ms (cache revalidated)
155 silly packumentCache full:https://registry.npmjs.org/ms set size:92208 disposed:false
156 silly placeDep node_modules/http-server ms@2.1.3 OK for: debug@4.4.3 want: ^2.1.3
157 silly placeDep node_modules/http-server has-flag@4.0.0 OK for: supports-color@7.2.0 want: ^4.0.0
158 silly placeDep node_modules/http-server qs@6.15.1 OK for: union@0.5.0 want: ^6.4.0
159 silly fetch manifest side-channel@^1.1.0
160 silly packumentCache full:https://registry.npmjs.org/side-channel cache-miss
161 http fetch GET 200 https://registry.npmjs.org/side-channel 333ms (cache revalidated)
162 silly packumentCache full:https://registry.npmjs.org/side-channel set size:24660 disposed:false
163 silly placeDep node_modules/http-server side-channel@1.1.0 OK for: qs@6.15.1 want: ^1.1.0
164 silly fetch manifest es-errors@^1.3.0
165 silly packumentCache full:https://registry.npmjs.org/es-errors cache-miss
166 silly fetch manifest object-inspect@^1.13.3
167 silly packumentCache full:https://registry.npmjs.org/object-inspect cache-miss
168 silly fetch manifest side-channel-list@^1.0.0
169 silly packumentCache full:https://registry.npmjs.org/side-channel-list cache-miss
170 silly fetch manifest side-channel-map@^1.0.1
171 silly packumentCache full:https://registry.npmjs.org/side-channel-map cache-miss
172 silly fetch manifest side-channel-weakmap@^1.0.2
173 silly packumentCache full:https://registry.npmjs.org/side-channel-weakmap cache-miss
174 http fetch GET 200 https://registry.npmjs.org/side-channel-map 375ms (cache revalidated)
175 silly packumentCache full:https://registry.npmjs.org/side-channel-map set size:9126 disposed:false
176 http fetch GET 200 https://registry.npmjs.org/object-inspect 418ms (cache revalidated)
177 silly packumentCache full:https://registry.npmjs.org/object-inspect set size:101912 disposed:false
178 http fetch GET 200 https://registry.npmjs.org/side-channel-weakmap 808ms (cache revalidated)
179 silly packumentCache full:https://registry.npmjs.org/side-channel-weakmap set size:12620 disposed:false
180 http fetch GET 200 https://registry.npmjs.org/es-errors 813ms (cache revalidated)
181 silly packumentCache full:https://registry.npmjs.org/es-errors set size:16918 disposed:false
182 http fetch GET 200 https://registry.npmjs.org/side-channel-list 890ms (cache updated)
183 silly packumentCache full:https://registry.npmjs.org/side-channel-list set size:undefined disposed:false
184 silly placeDep node_modules/http-server es-errors@1.3.0 OK for: side-channel@1.1.0 want: ^1.3.0
185 silly placeDep node_modules/http-server object-inspect@1.13.4 OK for: side-channel@1.1.0 want: ^1.13.3
186 silly placeDep node_modules/http-server side-channel-list@1.0.1 OK for: side-channel@1.1.0 want: ^1.0.0
187 silly placeDep node_modules/http-server side-channel-map@1.0.1 OK for: side-channel@1.1.0 want: ^1.0.1
188 silly placeDep node_modules/http-server side-channel-weakmap@1.0.2 OK for: side-channel@1.1.0 want: ^1.0.2
189 silly fetch manifest call-bound@^1.0.2
190 silly packumentCache full:https://registry.npmjs.org/call-bound cache-miss
191 silly fetch manifest get-intrinsic@^1.2.5
192 silly packumentCache full:https://registry.npmjs.org/get-intrinsic cache-miss
193 silly fetch manifest call-bound@^1.0.2
194 silly packumentCache full:https://registry.npmjs.org/call-bound cache-miss
195 silly fetch manifest get-intrinsic@^1.2.5
196 silly packumentCache full:https://registry.npmjs.org/get-intrinsic cache-miss
197 http fetch GET 200 https://registry.npmjs.org/call-bound 321ms (cache revalidated)
198 silly packumentCache full:https://registry.npmjs.org/call-bound set size:15317 disposed:false
199 http fetch GET 200 https://registry.npmjs.org/call-bound 329ms (cache revalidated)
200 silly packumentCache full:https://registry.npmjs.org/call-bound set size:15317 disposed:false
201 silly packumentCache full:https://registry.npmjs.org/call-bound dispose
202 http fetch GET 200 https://registry.npmjs.org/get-intrinsic 339ms (cache revalidated)
203 silly packumentCache full:https://registry.npmjs.org/get-intrinsic set size:60985 disposed:false
204 http fetch GET 200 https://registry.npmjs.org/get-intrinsic 347ms (cache revalidated)
205 silly packumentCache full:https://registry.npmjs.org/get-intrinsic set size:60985 disposed:false
206 silly packumentCache full:https://registry.npmjs.org/get-intrinsic dispose
207 silly placeDep node_modules/http-server call-bound@1.0.4 OK for: side-channel-map@1.0.1 want: ^1.0.2
208 silly placeDep node_modules/http-server get-intrinsic@1.3.0 OK for: side-channel-map@1.0.1 want: ^1.2.5
209 silly fetch manifest call-bind-apply-helpers@^1.0.2
210 silly packumentCache full:https://registry.npmjs.org/call-bind-apply-helpers cache-miss
211 silly fetch manifest get-intrinsic@^1.3.0
212 silly packumentCache full:https://registry.npmjs.org/get-intrinsic cache-hit
213 silly fetch manifest gopd@^1.2.0
214 silly packumentCache full:https://registry.npmjs.org/gopd cache-miss
215 silly fetch manifest hasown@^2.0.2
216 silly packumentCache full:https://registry.npmjs.org/hasown cache-miss
217 silly fetch manifest get-proto@^1.0.1
218 silly packumentCache full:https://registry.npmjs.org/get-proto cache-miss
219 silly fetch manifest has-symbols@^1.1.0
220 silly packumentCache full:https://registry.npmjs.org/has-symbols cache-miss
221 silly fetch manifest function-bind@^1.1.2
222 silly packumentCache full:https://registry.npmjs.org/function-bind cache-miss
223 silly fetch manifest es-object-atoms@^1.1.1
224 silly packumentCache full:https://registry.npmjs.org/es-object-atoms cache-miss
225 http fetch GET 200 https://registry.npmjs.org/has-symbols 383ms (cache revalidated)
226 silly packumentCache full:https://registry.npmjs.org/has-symbols set size:21550 disposed:false
227 silly fetch manifest math-intrinsics@^1.1.0
228 silly packumentCache full:https://registry.npmjs.org/math-intrinsics cache-miss
229 http fetch GET 200 https://registry.npmjs.org/get-proto 392ms (cache revalidated)
230 silly packumentCache full:https://registry.npmjs.org/get-proto set size:8300 disposed:false
231 silly fetch manifest es-define-property@^1.0.1
232 silly packumentCache full:https://registry.npmjs.org/es-define-property cache-miss
233 http fetch GET 200 https://registry.npmjs.org/gopd 401ms (cache revalidated)
234 silly packumentCache full:https://registry.npmjs.org/gopd set size:11458 disposed:false
235 silly fetch manifest call-bind-apply-helpers@^1.0.2
236 silly packumentCache full:https://registry.npmjs.org/call-bind-apply-helpers cache-miss
237 http fetch GET 200 https://registry.npmjs.org/function-bind 406ms (cache revalidated)
238 silly packumentCache full:https://registry.npmjs.org/function-bind set size:15733 disposed:false
239 http fetch GET 200 https://registry.npmjs.org/hasown 413ms (cache revalidated)
240 silly packumentCache full:https://registry.npmjs.org/hasown set size:12476 disposed:false
241 http fetch GET 200 https://registry.npmjs.org/es-define-property 329ms (cache revalidated)
242 silly packumentCache full:https://registry.npmjs.org/es-define-property set size:8542 disposed:false
243 http fetch GET 200 https://registry.npmjs.org/math-intrinsics 341ms (cache revalidated)
244 silly packumentCache full:https://registry.npmjs.org/math-intrinsics set size:9265 disposed:false
245 http fetch GET 200 https://registry.npmjs.org/call-bind-apply-helpers 915ms (cache revalidated)
246 silly packumentCache full:https://registry.npmjs.org/call-bind-apply-helpers set size:12744 disposed:false
247 http fetch GET 200 https://registry.npmjs.org/call-bind-apply-helpers 782ms (cache revalidated)
248 silly packumentCache full:https://registry.npmjs.org/call-bind-apply-helpers set size:12744 disposed:false
249 silly packumentCache full:https://registry.npmjs.org/call-bind-apply-helpers dispose
250 http fetch GET 200 https://registry.npmjs.org/es-object-atoms 1351ms (cache revalidated)
251 silly packumentCache full:https://registry.npmjs.org/es-object-atoms set size:15304 disposed:false
252 silly placeDep node_modules/http-server call-bind-apply-helpers@1.0.2 OK for: call-bound@1.0.4 want: ^1.0.2
253 silly placeDep node_modules/http-server function-bind@1.1.2 OK for: call-bind-apply-helpers@1.0.2 want: ^1.1.2
254 silly placeDep node_modules/http-server es-define-property@1.0.1 OK for: get-intrinsic@1.3.0 want: ^1.0.1
255 silly placeDep node_modules/http-server es-object-atoms@1.1.1 OK for: get-intrinsic@1.3.0 want: ^1.1.1
256 silly placeDep node_modules/http-server get-proto@1.0.1 OK for: get-intrinsic@1.3.0 want: ^1.0.1
257 silly placeDep node_modules/http-server gopd@1.2.0 OK for: get-intrinsic@1.3.0 want: ^1.2.0
258 silly placeDep node_modules/http-server has-symbols@1.1.0 OK for: get-intrinsic@1.3.0 want: ^1.1.0
259 silly placeDep node_modules/http-server hasown@2.0.2 OK for: get-intrinsic@1.3.0 want: ^2.0.2
260 silly placeDep node_modules/http-server math-intrinsics@1.1.0 OK for: get-intrinsic@1.3.0 want: ^1.1.0
261 silly fetch manifest dunder-proto@^1.0.1
262 silly packumentCache full:https://registry.npmjs.org/dunder-proto cache-miss
263 http fetch GET 200 https://registry.npmjs.org/dunder-proto 810ms (cache revalidated)
264 silly packumentCache full:https://registry.npmjs.org/dunder-proto set size:8256 disposed:false
265 silly placeDep node_modules/http-server dunder-proto@1.0.1 OK for: get-proto@1.0.1 want: ^1.0.1
266 silly placeDep node_modules/http-server iconv-lite@0.6.3 OK for: whatwg-encoding@2.0.0 want: 0.6.3
267 silly fetch manifest safer-buffer@>= 2.1.2 < 3.0.0
268 silly packumentCache full:https://registry.npmjs.org/safer-buffer cache-miss
269 http fetch GET 200 https://registry.npmjs.org/safer-buffer 328ms (cache revalidated)
270 silly packumentCache full:https://registry.npmjs.org/safer-buffer set size:18521 disposed:false
271 silly placeDep node_modules/http-server safer-buffer@2.1.2 OK for: iconv-lite@0.6.3 want: >= 2.1.2 < 3.0.0
272 silly reify mark retired [
272 silly reify   '/data/data/com.termux/files/usr/lib/node_modules/http-server',
272 silly reify   '/data/data/com.termux/files/usr/bin/http-server'
272 silly reify ]
273 silly reify moves {
273 silly reify   '/data/data/com.termux/files/usr/lib/node_modules/http-server': '/data/data/com.termux/files/usr/lib/node_modules/.http-server-BPsZaV6C',
273 silly reify   '/data/data/com.termux/files/usr/bin/http-server': '/data/data/com.termux/files/usr/bin/.http-server-H3ppnh7J'
273 silly reify }
274 http cache portfinder@https://registry.npmjs.org/portfinder/-/portfinder-1.0.38.tgz 1ms (cache hit)
275 http cache url-join@https://registry.npmjs.org/url-join/-/url-join-4.0.1.tgz 0ms (cache hit)
276 http cache side-channel-weakmap@https://registry.npmjs.org/side-channel-weakmap/-/side-channel-weakmap-1.0.2.tgz 0ms (cache hit)
277 http cache supports-color@https://registry.npmjs.org/supports-color/-/supports-color-7.2.0.tgz 0ms (cache hit)
278 http cache side-channel@https://registry.npmjs.org/side-channel/-/side-channel-1.1.0.tgz 0ms (cache hit)
279 http cache http-server@https://registry.npmjs.org/http-server/-/http-server-14.1.1.tgz 0ms (cache hit)
280 http cache safer-buffer@https://registry.npmjs.org/safer-buffer/-/safer-buffer-2.1.2.tgz 0ms (cache hit)
281 http cache union@https://registry.npmjs.org/union/-/union-0.5.0.tgz 0ms (cache hit)
282 http cache safe-buffer@https://registry.npmjs.org/safe-buffer/-/safe-buffer-5.1.2.tgz 0ms (cache hit)
283 http cache side-channel-map@https://registry.npmjs.org/side-channel-map/-/side-channel-map-1.0.1.tgz 0ms (cache hit)
284 http cache secure-compare@https://registry.npmjs.org/secure-compare/-/secure-compare-3.0.1.tgz 0ms (cache hit)
285 http cache whatwg-encoding@https://registry.npmjs.org/whatwg-encoding/-/whatwg-encoding-2.0.0.tgz 0ms (cache hit)
286 http cache opener@https://registry.npmjs.org/opener/-/opener-1.5.2.tgz 0ms (cache hit)
287 http cache object-inspect@https://registry.npmjs.org/object-inspect/-/object-inspect-1.13.4.tgz 0ms (cache hit)
288 http cache requires-port@https://registry.npmjs.org/requires-port/-/requires-port-1.0.0.tgz 0ms (cache hit)
289 http cache qs@https://registry.npmjs.org/qs/-/qs-6.15.1.tgz 0ms (cache hit)
290 http cache math-intrinsics@https://registry.npmjs.org/math-intrinsics/-/math-intrinsics-1.1.0.tgz 0ms (cache hit)
291 http cache mime@https://registry.npmjs.org/mime/-/mime-1.6.0.tgz 0ms (cache hit)
292 http cache has-symbols@https://registry.npmjs.org/has-symbols/-/has-symbols-1.1.0.tgz 0ms (cache hit)
293 http cache ms@https://registry.npmjs.org/ms/-/ms-2.1.3.tgz 0ms (cache hit)
294 http cache minimist@https://registry.npmjs.org/minimist/-/minimist-1.2.8.tgz 0ms (cache hit)
295 http cache http-proxy@https://registry.npmjs.org/http-proxy/-/http-proxy-1.18.1.tgz 0ms (cache hit)
296 http cache he@https://registry.npmjs.org/he/-/he-1.2.0.tgz 0ms (cache hit)
297 http cache html-encoding-sniffer@https://registry.npmjs.org/html-encoding-sniffer/-/html-encoding-sniffer-3.0.0.tgz 0ms (cache hit)
298 http cache gopd@https://registry.npmjs.org/gopd/-/gopd-1.2.0.tgz 0ms (cache hit)
299 http cache hasown@https://registry.npmjs.org/hasown/-/hasown-2.0.2.tgz 0ms (cache hit)
300 http cache iconv-lite@https://registry.npmjs.org/iconv-lite/-/iconv-lite-0.6.3.tgz 0ms (cache hit)
301 http cache has-flag@https://registry.npmjs.org/has-flag/-/has-flag-4.0.0.tgz 0ms (cache hit)
302 http cache get-proto@https://registry.npmjs.org/get-proto/-/get-proto-1.0.1.tgz 0ms (cache hit)
303 http cache eventemitter3@https://registry.npmjs.org/eventemitter3/-/eventemitter3-4.0.7.tgz 0ms (cache hit)
304 http cache follow-redirects@https://registry.npmjs.org/follow-redirects/-/follow-redirects-1.16.0.tgz 0ms (cache hit)
305 http cache get-intrinsic@https://registry.npmjs.org/get-intrinsic/-/get-intrinsic-1.3.0.tgz 0ms (cache hit)
306 http cache es-errors@https://registry.npmjs.org/es-errors/-/es-errors-1.3.0.tgz 0ms (cache hit)
307 http cache es-define-property@https://registry.npmjs.org/es-define-property/-/es-define-property-1.0.1.tgz 0ms (cache hit)
308 http cache function-bind@https://registry.npmjs.org/function-bind/-/function-bind-1.1.2.tgz 0ms (cache hit)
309 http cache debug@https://registry.npmjs.org/debug/-/debug-4.4.3.tgz 0ms (cache hit)
310 http cache dunder-proto@https://registry.npmjs.org/dunder-proto/-/dunder-proto-1.0.1.tgz 0ms (cache hit)
311 http cache color-name@https://registry.npmjs.org/color-name/-/color-name-1.1.4.tgz 0ms (cache hit)
312 http cache es-object-atoms@https://registry.npmjs.org/es-object-atoms/-/es-object-atoms-1.1.1.tgz 0ms (cache hit)
313 http cache color-convert@https://registry.npmjs.org/color-convert/-/color-convert-2.0.1.tgz 0ms (cache hit)
314 http cache corser@https://registry.npmjs.org/corser/-/corser-2.0.1.tgz 0ms (cache hit)
315 http cache chalk@https://registry.npmjs.org/chalk/-/chalk-4.1.2.tgz 0ms (cache hit)
316 http cache call-bound@https://registry.npmjs.org/call-bound/-/call-bound-1.0.4.tgz 0ms (cache hit)
317 http cache basic-auth@https://registry.npmjs.org/basic-auth/-/basic-auth-2.0.1.tgz 0ms (cache hit)
318 http cache async@https://registry.npmjs.org/async/-/async-3.2.6.tgz 0ms (cache hit)
319 http cache call-bind-apply-helpers@https://registry.npmjs.org/call-bind-apply-helpers/-/call-bind-apply-helpers-1.0.2.tgz 0ms (cache hit)
320 http cache ansi-styles@https://registry.npmjs.org/ansi-styles/-/ansi-styles-4.3.0.tgz 0ms (cache hit)
321 silly tarball no local data for qs@https://registry.npmjs.org/qs/-/qs-6.15.1.tgz. Extracting by manifest.
322 silly tarball no local data for follow-redirects@https://registry.npmjs.org/follow-redirects/-/follow-redirects-1.16.0.tgz. Extracting by manifest.
323 http cache side-channel-list@https://registry.npmjs.org/side-channel-list/-/side-channel-list-1.0.1.tgz 0ms (cache hit)
324 silly tarball no local data for side-channel-list@https://registry.npmjs.org/side-channel-list/-/side-channel-list-1.0.1.tgz. Extracting by manifest.
325 warn deprecated whatwg-encoding@2.0.0: Use @exodus/bytes instead for a more spec-conformant and faster implementation
326 http fetch GET 200 https://registry.npmjs.org/follow-redirects/-/follow-redirects-1.16.0.tgz 215ms (cache miss)
327 http fetch GET 200 https://registry.npmjs.org/side-channel-list/-/side-channel-list-1.0.1.tgz 213ms (cache miss)
328 http fetch GET 200 https://registry.npmjs.org/qs/-/qs-6.15.1.tgz 281ms (cache miss)
329 silly CHANGE node_modules/http-server
330 silly CHANGE node_modules/http-server/node_modules/portfinder
331 silly CHANGE node_modules/http-server/node_modules/side-channel-weakmap
332 silly CHANGE node_modules/http-server/node_modules/url-join
333 silly CHANGE node_modules/http-server/node_modules/supports-color
334 silly CHANGE node_modules/http-server/node_modules/safer-buffer
335 silly CHANGE node_modules/http-server/node_modules/whatwg-encoding
336 silly CHANGE node_modules/http-server/node_modules/side-channel
337 silly CHANGE node_modules/http-server/node_modules/union
338 silly CHANGE node_modules/http-server/node_modules/secure-compare
339 silly CHANGE node_modules/http-server/node_modules/side-channel-map
340 silly CHANGE node_modules/http-server/node_modules/side-channel-list
341 silly CHANGE node_modules/http-server/node_modules/safe-buffer
342 silly CHANGE node_modules/http-server/node_modules/requires-port
343 silly CHANGE node_modules/http-server/node_modules/opener
344 silly CHANGE node_modules/http-server/node_modules/math-intrinsics
345 silly CHANGE node_modules/http-server/node_modules/object-inspect
346 silly CHANGE node_modules/http-server/node_modules/qs
347 silly CHANGE node_modules/http-server/node_modules/ms
348 silly CHANGE node_modules/http-server/node_modules/minimist
349 silly CHANGE node_modules/http-server/node_modules/mime
350 silly CHANGE node_modules/http-server/node_modules/has-symbols
351 silly CHANGE node_modules/http-server/node_modules/iconv-lite
352 silly CHANGE node_modules/http-server/node_modules/http-proxy
353 silly CHANGE node_modules/http-server/node_modules/html-encoding-sniffer
354 silly CHANGE node_modules/http-server/node_modules/he
355 silly CHANGE node_modules/http-server/node_modules/gopd
356 silly CHANGE node_modules/http-server/node_modules/hasown
357 silly CHANGE node_modules/http-server/node_modules/has-flag
358 silly CHANGE node_modules/http-server/node_modules/get-proto
359 silly CHANGE node_modules/http-server/node_modules/follow-redirects
360 silly CHANGE node_modules/http-server/node_modules/get-intrinsic
361 silly CHANGE node_modules/http-server/node_modules/eventemitter3
362 silly CHANGE node_modules/http-server/node_modules/es-errors
363 silly CHANGE node_modules/http-server/node_modules/es-define-property
364 silly CHANGE node_modules/http-server/node_modules/function-bind
365 silly CHANGE node_modules/http-server/node_modules/dunder-proto
366 silly CHANGE node_modules/http-server/node_modules/debug
367 silly CHANGE node_modules/http-server/node_modules/async
368 silly CHANGE node_modules/http-server/node_modules/color-name
369 silly CHANGE node_modules/http-server/node_modules/corser
370 silly CHANGE node_modules/http-server/node_modules/es-object-atoms
371 silly CHANGE node_modules/http-server/node_modules/color-convert
372 silly CHANGE node_modules/http-server/node_modules/chalk
373 silly CHANGE node_modules/http-server/node_modules/call-bound
374 silly CHANGE node_modules/http-server/node_modules/basic-auth
375 silly CHANGE node_modules/http-server/node_modules/ansi-styles
376 silly CHANGE node_modules/http-server/node_modules/call-bind-apply-helpers
377 verbose cwd /data/data/com.termux/files/home
378 verbose os Linux 6.1.115-android14-11-ga2521ca27699-ab13294383
379 verbose node v25.8.2
380 verbose npm  v11.12.1
381 verbose exit 0
382 info ok
